{"$message_type":"diagnostic","message":"mismatched types","code":{"code":"E0308","explanation":"Expected type did not match the received type.\n\nErroneous code examples:\n\n```compile_fail,E0308\nfn plus_one(x: i32) -> i32 {\n    x + 1\n}\n\nplus_one(\"Not a number\");\n//       ^^^^^^^^^^^^^^ expected `i32`, found `&str`\n\nif \"Not a bool\" {\n// ^^^^^^^^^^^^ expected `bool`, found `&str`\n}\n\nlet x: f32 = \"Not a float\";\n//     ---   ^^^^^^^^^^^^^ expected `f32`, found `&str`\n//     |\n//     expected due to this\n```\n\nThis error occurs when an expression was used in a place where the compiler\nexpected an expression of a different type. It can occur in several cases, the\nmost common being when calling a function and passing an argument which has a\ndifferent type than the matching type in the function declaration.\n"},"level":"error","spans":[{"file_name":"src/lib.rs","byte_start":6198,"byte_end":6203,"line_start":191,"line_end":191,"column_start":18,"column_end":23,"is_primary":true,"text":[{"text":"        dispatch(&args)","highlight_start":18,"highlight_end":23}],"label":"expected `u64`, found `&CallbackArgs`","suggested_replacement":null,"suggestion_applicability":null,"expansion":null},{"file_name":"src/lib.rs","byte_start":6189,"byte_end":6197,"line_start":191,"line_end":191,"column_start":9,"column_end":17,"is_primary":false,"text":[{"text":"        dispatch(&args)","highlight_start":9,"highlight_end":17}],"label":"arguments to this function are incorrect","suggested_replacement":null,"suggestion_applicability":null,"expansion":null}],"children":[],"rendered":"\u001b[1m\u001b[91merror[E0308]\u001b[0m\u001b[1m: mismatched types\u001b[0m\n   \u001b[1m\u001b[94m--> \u001b[0msrc/lib.rs:191:18\n    \u001b[1m\u001b[94m|\u001b[0m\n\u001b[1m\u001b[94m191\u001b[0m \u001b[1m\u001b[94m|\u001b[0m         dispatch(&args)\n    \u001b[1m\u001b[94m|\u001b[0m         \u001b[1m\u001b[94m--------\u001b[0m \u001b[1m\u001b[91m^^^^^\u001b[0m \u001b[1m\u001b[91mexpected `u64`, found `&CallbackArgs`\u001b[0m\n    \u001b[1m\u001b[94m|\u001b[0m         \u001b[1m\u001b[94m|\u001b[0m\n    \u001b[1m\u001b[94m|\u001b[0m         \u001b[1m\u001b[94marguments to this function are incorrect\u001b[0m\n\n"}
{"$message_type":"diagnostic","message":"mismatched types","code":{"code":"E0308","explanation":"Expected type did not match the received type.\n\nErroneous code examples:\n\n```compile_fail,E0308\nfn plus_one(x: i32) -> i32 {\n    x + 1\n}\n\nplus_one(\"Not a number\");\n//       ^^^^^^^^^^^^^^ expected `i32`, found `&str`\n\nif \"Not a bool\" {\n// ^^^^^^^^^^^^ expected `bool`, found `&str`\n}\n\nlet x: f32 = \"Not a float\";\n//     ---   ^^^^^^^^^^^^^ expected `f32`, found `&str`\n//     |\n//     expected due to this\n```\n\nThis error occurs when an expression was used in a place where the compiler\nexpected an expression of a different type. It can occur in several cases, the\nmost common being when calling a function and passing an argument which has a\ndifferent type than the matching type in the function declaration.\n"},"level":"error","spans":[{"file_name":"src/lib.rs","byte_start":6845,"byte_end":6850,"line_start":214,"line_end":214,"column_start":18,"column_end":23,"is_primary":true,"text":[{"text":"        dispatch(&args)","highlight_start":18,"highlight_end":23}],"label":"expected `u64`, found `&CallbackArgs`","suggested_replacement":null,"suggestion_applicability":null,"expansion":null},{"file_name":"src/lib.rs","byte_start":6836,"byte_end":6844,"line_start":214,"line_end":214,"column_start":9,"column_end":17,"is_primary":false,"text":[{"text":"        dispatch(&args)","highlight_start":9,"highlight_end":17}],"label":"arguments to this function are incorrect","suggested_replacement":null,"suggestion_applicability":null,"expansion":null}],"children":[],"rendered":"\u001b[1m\u001b[91merror[E0308]\u001b[0m\u001b[1m: mismatched types\u001b[0m\n   \u001b[1m\u001b[94m--> \u001b[0msrc/lib.rs:214:18\n    \u001b[1m\u001b[94m|\u001b[0m\n\u001b[1m\u001b[94m214\u001b[0m \u001b[1m\u001b[94m|\u001b[0m         dispatch(&args)\n    \u001b[1m\u001b[94m|\u001b[0m         \u001b[1m\u001b[94m--------\u001b[0m \u001b[1m\u001b[91m^^^^^\u001b[0m \u001b[1m\u001b[91mexpected `u64`, found `&CallbackArgs`\u001b[0m\n    \u001b[1m\u001b[94m|\u001b[0m         \u001b[1m\u001b[94m|\u001b[0m\n    \u001b[1m\u001b[94m|\u001b[0m         \u001b[1m\u001b[94marguments to this function are incorrect\u001b[0m\n\n"}
{"$message_type":"diagnostic","message":"mismatched types","code":{"code":"E0308","explanation":"Expected type did not match the received type.\n\nErroneous code examples:\n\n```compile_fail,E0308\nfn plus_one(x: i32) -> i32 {\n    x + 1\n}\n\nplus_one(\"Not a number\");\n//       ^^^^^^^^^^^^^^ expected `i32`, found `&str`\n\nif \"Not a bool\" {\n// ^^^^^^^^^^^^ expected `bool`, found `&str`\n}\n\nlet x: f32 = \"Not a float\";\n//     ---   ^^^^^^^^^^^^^ expected `f32`, found `&str`\n//     |\n//     expected due to this\n```\n\nThis error occurs when an expression was used in a place where the compiler\nexpected an expression of a different type. It can occur in several cases, the\nmost common being when calling a function and passing an argument which has a\ndifferent type than the matching type in the function declaration.\n"},"level":"error","spans":[{"file_name":"src/lib.rs","byte_start":7479,"byte_end":7484,"line_start":237,"line_end":237,"column_start":18,"column_end":23,"is_primary":true,"text":[{"text":"        dispatch(&args)","highlight_start":18,"highlight_end":23}],"label":"expected `u64`, found `&CallbackArgs`","suggested_replacement":null,"suggestion_applicability":null,"expansion":null},{"file_name":"src/lib.rs","byte_start":7470,"byte_end":7478,"line_start":237,"line_end":237,"column_start":9,"column_end":17,"is_primary":false,"text":[{"text":"        dispatch(&args)","highlight_start":9,"highlight_end":17}],"label":"arguments to this function are incorrect","suggested_replacement":null,"suggestion_applicability":null,"expansion":null}],"children":[],"rendered":"\u001b[1m\u001b[91merror[E0308]\u001b[0m\u001b[1m: mismatched types\u001b[0m\n   \u001b[1m\u001b[94m--> \u001b[0msrc/lib.rs:237:18\n    \u001b[1m\u001b[94m|\u001b[0m\n\u001b[1m\u001b[94m237\u001b[0m \u001b[1m\u001b[94m|\u001b[0m         dispatch(&args)\n    \u001b[1m\u001b[94m|\u001b[0m         \u001b[1m\u001b[94m--------\u001b[0m \u001b[1m\u001b[91m^^^^^\u001b[0m \u001b[1m\u001b[91mexpected `u64`, found `&CallbackArgs`\u001b[0m\n    \u001b[1m\u001b[94m|\u001b[0m         \u001b[1m\u001b[94m|\u001b[0m\n    \u001b[1m\u001b[94m|\u001b[0m         \u001b[1m\u001b[94marguments to this function are incorrect\u001b[0m\n\n"}
{"$message_type":"diagnostic","message":"mismatched types","code":{"code":"E0308","explanation":"Expected type did not match the received type.\n\nErroneous code examples:\n\n```compile_fail,E0308\nfn plus_one(x: i32) -> i32 {\n    x + 1\n}\n\nplus_one(\"Not a number\");\n//       ^^^^^^^^^^^^^^ expected `i32`, found `&str`\n\nif \"Not a bool\" {\n// ^^^^^^^^^^^^ expected `bool`, found `&str`\n}\n\nlet x: f32 = \"Not a float\";\n//     ---   ^^^^^^^^^^^^^ expected `f32`, found `&str`\n//     |\n//     expected due to this\n```\n\nThis error occurs when an expression was used in a place where the compiler\nexpected an expression of a different type. It can occur in several cases, the\nmost common being when calling a function and passing an argument which has a\ndifferent type than the matching type in the function declaration.\n"},"level":"error","spans":[{"file_name":"src/lib.rs","byte_start":8186,"byte_end":8191,"line_start":261,"line_end":261,"column_start":18,"column_end":23,"is_primary":true,"text":[{"text":"        dispatch(&args)","highlight_start":18,"highlight_end":23}],"label":"expected `u64`, found `&CallbackArgs`","suggested_replacement":null,"suggestion_applicability":null,"expansion":null},{"file_name":"src/lib.rs","byte_start":8177,"byte_end":8185,"line_start":261,"line_end":261,"column_start":9,"column_end":17,"is_primary":false,"text":[{"text":"        dispatch(&args)","highlight_start":9,"highlight_end":17}],"label":"arguments to this function are incorrect","suggested_replacement":null,"suggestion_applicability":null,"expansion":null}],"children":[],"rendered":"\u001b[1m\u001b[91merror[E0308]\u001b[0m\u001b[1m: mismatched types\u001b[0m\n   \u001b[1m\u001b[94m--> \u001b[0msrc/lib.rs:261:18\n    \u001b[1m\u001b[94m|\u001b[0m\n\u001b[1m\u001b[94m261\u001b[0m \u001b[1m\u001b[94m|\u001b[0m         dispatch(&args)\n    \u001b[1m\u001b[94m|\u001b[0m         \u001b[1m\u001b[94m--------\u001b[0m \u001b[1m\u001b[91m^^^^^\u001b[0m \u001b[1m\u001b[91mexpected `u64`, found `&CallbackArgs`\u001b[0m\n    \u001b[1m\u001b[94m|\u001b[0m         \u001b[1m\u001b[94m|\u001b[0m\n    \u001b[1m\u001b[94m|\u001b[0m         \u001b[1m\u001b[94marguments to this function are incorrect\u001b[0m\n\n"}
{"$message_type":"diagnostic","message":"mismatched types","code":{"code":"E0308","explanation":"Expected type did not match the received type.\n\nErroneous code examples:\n\n```compile_fail,E0308\nfn plus_one(x: i32) -> i32 {\n    x + 1\n}\n\nplus_one(\"Not a number\");\n//       ^^^^^^^^^^^^^^ expected `i32`, found `&str`\n\nif \"Not a bool\" {\n// ^^^^^^^^^^^^ expected `bool`, found `&str`\n}\n\nlet x: f32 = \"Not a float\";\n//     ---   ^^^^^^^^^^^^^ expected `f32`, found `&str`\n//     |\n//     expected due to this\n```\n\nThis error occurs when an expression was used in a place where the compiler\nexpected an expression of a different type. It can occur in several cases, the\nmost common being when calling a function and passing an argument which has a\ndifferent type than the matching type in the function declaration.\n"},"level":"error","spans":[{"file_name":"src/lib.rs","byte_start":8888,"byte_end":8893,"line_start":285,"line_end":285,"column_start":18,"column_end":23,"is_primary":true,"text":[{"text":"        dispatch(&args)","highlight_start":18,"highlight_end":23}],"label":"expected `u64`, found `&CallbackArgs`","suggested_replacement":null,"suggestion_applicability":null,"expansion":null},{"file_name":"src/lib.rs","byte_start":8879,"byte_end":8887,"line_start":285,"line_end":285,"column_start":9,"column_end":17,"is_primary":false,"text":[{"text":"        dispatch(&args)","highlight_start":9,"highlight_end":17}],"label":"arguments to this function are incorrect","suggested_replacement":null,"suggestion_applicability":null,"expansion":null}],"children":[],"rendered":"\u001b[1m\u001b[91merror[E0308]\u001b[0m\u001b[1m: mismatched types\u001b[0m\n   \u001b[1m\u001b[94m--> \u001b[0msrc/lib.rs:285:18\n    \u001b[1m\u001b[94m|\u001b[0m\n\u001b[1m\u001b[94m285\u001b[0m \u001b[1m\u001b[94m|\u001b[0m         dispatch(&args)\n    \u001b[1m\u001b[94m|\u001b[0m         \u001b[1m\u001b[94m--------\u001b[0m \u001b[1m\u001b[91m^^^^^\u001b[0m \u001b[1m\u001b[91mexpected `u64`, found `&CallbackArgs`\u001b[0m\n    \u001b[1m\u001b[94m|\u001b[0m         \u001b[1m\u001b[94m|\u001b[0m\n    \u001b[1m\u001b[94m|\u001b[0m         \u001b[1m\u001b[94marguments to this function are incorrect\u001b[0m\n\n"}
{"$message_type":"diagnostic","message":"mismatched types","code":{"code":"E0308","explanation":"Expected type did not match the received type.\n\nErroneous code examples:\n\n```compile_fail,E0308\nfn plus_one(x: i32) -> i32 {\n    x + 1\n}\n\nplus_one(\"Not a number\");\n//       ^^^^^^^^^^^^^^ expected `i32`, found `&str`\n\nif \"Not a bool\" {\n// ^^^^^^^^^^^^ expected `bool`, found `&str`\n}\n\nlet x: f32 = \"Not a float\";\n//     ---   ^^^^^^^^^^^^^ expected `f32`, found `&str`\n//     |\n//     expected due to this\n```\n\nThis error occurs when an expression was used in a place where the compiler\nexpected an expression of a different type. It can occur in several cases, the\nmost common being when calling a function and passing an argument which has a\ndifferent type than the matching type in the function declaration.\n"},"level":"error","spans":[{"file_name":"src/lib.rs","byte_start":9618,"byte_end":9623,"line_start":310,"line_end":310,"column_start":18,"column_end":23,"is_primary":true,"text":[{"text":"        dispatch(&args)","highlight_start":18,"highlight_end":23}],"label":"expected `u64`, found `&CallbackArgs`","suggested_replacement":null,"suggestion_applicability":null,"expansion":null},{"file_name":"src/lib.rs","byte_start":9609,"byte_end":9617,"line_start":310,"line_end":310,"column_start":9,"column_end":17,"is_primary":false,"text":[{"text":"        dispatch(&args)","highlight_start":9,"highlight_end":17}],"label":"arguments to this function are incorrect","suggested_replacement":null,"suggestion_applicability":null,"expansion":null}],"children":[],"rendered":"\u001b[1m\u001b[91merror[E0308]\u001b[0m\u001b[1m: mismatched types\u001b[0m\n   \u001b[1m\u001b[94m--> \u001b[0msrc/lib.rs:310:18\n    \u001b[1m\u001b[94m|\u001b[0m\n\u001b[1m\u001b[94m310\u001b[0m \u001b[1m\u001b[94m|\u001b[0m         dispatch(&args)\n    \u001b[1m\u001b[94m|\u001b[0m         \u001b[1m\u001b[94m--------\u001b[0m \u001b[1m\u001b[91m^^^^^\u001b[0m \u001b[1m\u001b[91mexpected `u64`, found `&CallbackArgs`\u001b[0m\n    \u001b[1m\u001b[94m|\u001b[0m         \u001b[1m\u001b[94m|\u001b[0m\n    \u001b[1m\u001b[94m|\u001b[0m         \u001b[1m\u001b[94marguments to this function are incorrect\u001b[0m\n\n"}
{"$message_type":"diagnostic","message":"call to unsafe function `Box::<T>::from_raw` is unsafe and requires unsafe function or block","code":{"code":"E0133","explanation":"Unsafe code was used outside of an unsafe block.\n\nErroneous code example:\n\n```compile_fail,E0133\nunsafe fn f() { return; } // This is the unsafe code\n\nfn main() {\n    f(); // error: call to unsafe function requires unsafe function or block\n}\n```\n\nUsing unsafe functionality is potentially dangerous and disallowed by safety\nchecks. Examples:\n\n* Dereferencing raw pointers\n* Calling functions via FFI\n* Calling functions marked unsafe\n\nThese safety checks can be relaxed for a section of the code by wrapping the\nunsafe instructions with an `unsafe` block. For instance:\n\n```\nunsafe fn f() { return; }\n\nfn main() {\n    unsafe { f(); } // ok!\n}\n```\n\nSee the [unsafe section][unsafe-section] of the Book for more details.\n\n#### Unsafe code in functions\n\nUnsafe code is currently accepted in unsafe functions, but that is being phased\nout in favor of requiring unsafe blocks here too.\n\n```\nunsafe fn f() { return; }\n\nunsafe fn g() {\n    f(); // Is accepted, but no longer recommended\n    unsafe { f(); } // Recommended way to write this\n}\n```\n\nLinting against this is controlled via the `unsafe_op_in_unsafe_fn` lint, which\nis `warn` by default in the 2024 edition and `allow` by default in earlier\neditions.\n\n[unsafe-section]: https://doc.rust-lang.org/book/ch19-01-unsafe-rust.html\n"},"level":"error","spans":[{"file_name":"src/lib.rs","byte_start":5422,"byte_end":5445,"line_start":165,"line_end":165,"column_start":17,"column_end":40,"is_primary":true,"text":[{"text":"        let _ = Box::from_raw(args_ptr);","highlight_start":17,"highlight_end":40}],"label":"call to unsafe function","suggested_replacement":null,"suggestion_applicability":null,"expansion":null}],"children":[{"message":"consult the function's documentation for information on how to avoid undefined behavior","code":null,"level":"note","spans":[],"children":[],"rendered":null}],"rendered":"\u001b[1m\u001b[91merror[E0133]\u001b[0m\u001b[1m: call to unsafe function `Box::<T>::from_raw` is unsafe and requires unsafe function or block\u001b[0m\n   \u001b[1m\u001b[94m--> \u001b[0msrc/lib.rs:165:17\n    \u001b[1m\u001b[94m|\u001b[0m\n\u001b[1m\u001b[94m165\u001b[0m \u001b[1m\u001b[94m|\u001b[0m         let _ = Box::from_raw(args_ptr);\n    \u001b[1m\u001b[94m|\u001b[0m                 \u001b[1m\u001b[91m^^^^^^^^^^^^^^^^^^^^^^^\u001b[0m \u001b[1m\u001b[91mcall to unsafe function\u001b[0m\n    \u001b[1m\u001b[94m|\u001b[0m\n    \u001b[1m\u001b[94m= \u001b[0m\u001b[1mnote\u001b[0m: consult the function's documentation for information on how to avoid undefined behavior\n\n"}
{"$message_type":"diagnostic","message":"aborting due to 7 previous errors","code":null,"level":"error","spans":[],"children":[],"rendered":"\u001b[1m\u001b[91merror\u001b[0m\u001b[1m: aborting due to 7 previous errors\u001b[0m\n\n"}
{"$message_type":"diagnostic","message":"Some errors have detailed explanations: E0133, E0308.","code":null,"level":"failure-note","spans":[],"children":[],"rendered":"\u001b[1mSome errors have detailed explanations: E0133, E0308.\u001b[0m\n"}
{"$message_type":"diagnostic","message":"For more information about an error, try `rustc --explain E0133`.","code":null,"level":"failure-note","spans":[],"children":[],"rendered":"\u001b[1mFor more information about an error, try `rustc --explain E0133`.\u001b[0m\n"}
