SF:lib/core/services/storage_service.dart
DA:19,481
DA:21,481
DA:22,481
DA:27,7
DA:28,7
DA:30,0
DA:31,0
DA:32,0
DA:33,0
DA:35,0
DA:36,0
DA:37,0
DA:38,0
DA:39,0
DA:59,481
DA:65,481
DA:68,481
DA:69,481
DA:70,481
DA:71,481
DA:72,481
DA:76,4
DA:77,8
DA:78,4
DA:85,6
DA:86,12
DA:87,0
DA:92,6
DA:95,0
DA:96,0
DA:97,0
DA:102,0
DA:105,0
DA:106,0
DA:107,0
DA:112,0
DA:115,0
DA:116,0
DA:117,0
DA:122,0
DA:126,2
DA:127,2
DA:128,2
DA:132,2
DA:133,2
DA:134,2
DA:138,3
DA:139,3
DA:140,3
DA:144,4
DA:145,4
DA:146,4
DA:150,0
DA:151,0
DA:152,0
DA:156,1
DA:157,1
DA:158,1
DA:162,0
DA:163,0
DA:164,0
DA:168,0
DA:169,0
DA:170,0
DA:174,0
DA:175,0
DA:176,0
DA:180,0
DA:181,0
DA:182,0
DA:186,2
DA:187,2
DA:188,2
DA:192,2
DA:193,2
DA:194,2
DA:198,0
DA:199,0
DA:200,0
DA:204,0
DA:205,0
DA:206,0
DA:211,0
DA:212,0
DA:213,0
DA:217,0
DA:218,0
DA:219,0
DA:222,7
DA:225,7
DA:226,0
DA:233,7
DA:234,0
DA:235,7
DA:236,0
DA:237,7
DA:238,0
DA:241,7
DA:252,481
DA:255,481
DA:258,481
DA:261,6
DA:262,3
DA:267,10
DA:268,10
DA:269,9
DA:271,4
DA:275,5
DA:276,10
DA:280,6
DA:281,12
DA:285,2
DA:286,4
DA:290,2
DA:291,4
DA:295,1
DA:296,2
DA:300,1
DA:301,2
DA:305,0
DA:306,0
DA:310,0
DA:311,0
DA:315,1
DA:316,2
DA:320,3
DA:321,6
DA:325,2
DA:326,4
DA:330,0
DA:331,0
DA:336,0
DA:337,0
DA:341,0
DA:342,0
DA:343,0
LF:136
LH:72
end_of_record
SF:lib/core/advanced/advanced_recommendation_engine.dart
DA:9,0
DA:10,0
DA:23,1
DA:33,1
DA:38,2
DA:41,2
DA:42,1
DA:43,1
DA:46,2
DA:47,1
DA:48,1
DA:51,2
DA:52,1
DA:53,2
DA:54,1
DA:55,2
DA:59,1
DA:61,1
DA:62,1
DA:65,1
DA:68,1
DA:69,1
DA:71,1
DA:72,1
DA:75,4
DA:78,2
DA:79,1
DA:85,1
DA:91,2
DA:94,1
DA:95,1
DA:96,1
DA:99,1
DA:106,1
DA:108,1
DA:112,1
DA:113,1
DA:117,4
DA:120,0
DA:121,0
DA:126,1
DA:128,1
DA:129,1
DA:130,1
DA:135,1
DA:137,3
DA:143,1
DA:145,1
DA:146,1
DA:147,2
DA:151,4
DA:157,2
DA:164,0
DA:170,0
DA:173,2
DA:176,1
DA:180,1
DA:182,3
DA:189,1
DA:192,3
DA:196,2
DA:197,1
DA:202,0
DA:208,0
DA:211,0
DA:212,0
DA:215,0
DA:216,0
DA:218,0
DA:222,0
DA:224,0
DA:231,2
DA:234,1
DA:235,1
DA:236,1
DA:242,1
DA:244,1
DA:246,2
DA:247,1
DA:249,0
DA:256,1
DA:262,2
DA:265,1
DA:266,4
DA:269,1
DA:270,4
DA:273,1
DA:274,1
DA:276,1
DA:277,1
DA:281,1
DA:282,1
DA:283,1
DA:284,1
DA:289,1
DA:290,1
DA:291,1
DA:292,1
DA:293,1
DA:297,1
DA:302,1
DA:303,1
DA:306,3
DA:311,1
DA:314,1
DA:315,1
DA:318,1
DA:323,1
DA:324,4
DA:328,0
DA:330,0
DA:332,0
DA:334,0
DA:336,0
DA:350,1
DA:368,1
DA:384,1
DA:399,1
DA:414,1
DA:426,1
DA:440,1
DA:452,1
DA:464,1
DA:476,1
DA:488,1
DA:497,1
LF:126
LH:105
end_of_record
SF:lib/core/ai2ai/anonymous_communication.dart
DA:20,4
DA:26,12
DA:29,4
DA:30,0
DA:34,4
DA:37,4
DA:40,4
DA:41,4
DA:44,4
DA:45,4
DA:46,12
DA:47,4
DA:52,4
DA:54,4
DA:57,8
DA:58,4
DA:64,0
DA:66,0
DA:69,0
DA:71,0
DA:74,0
DA:77,0
DA:78,0
DA:82,0
DA:87,0
DA:90,0
DA:91,0
DA:97,1
DA:102,3
DA:105,1
DA:108,1
DA:109,1
DA:112,1
DA:118,1
DA:120,1
DA:123,0
DA:124,0
DA:131,4
DA:133,4
DA:150,4
DA:151,4
DA:153,4
DA:154,4
DA:155,4
DA:156,4
DA:160,4
DA:161,4
DA:163,4
DA:164,1
DA:165,1
DA:166,1
DA:171,4
DA:177,4
DA:178,8
DA:179,12
DA:180,7
DA:183,8
DA:184,8
DA:185,8
DA:190,8
DA:192,4
DA:193,6
DA:194,6
DA:200,4
DA:201,4
DA:202,4
DA:205,4
DA:206,4
DA:207,1
DA:211,4
DA:212,4
DA:213,4
DA:214,4
DA:216,8
DA:217,4
DA:218,1
DA:224,4
DA:225,4
DA:226,4
DA:227,4
DA:229,8
DA:230,4
DA:231,0
DA:237,4
DA:238,4
DA:239,1
DA:244,4
DA:245,4
DA:247,0
DA:249,0
DA:250,0
DA:251,0
DA:259,4
DA:260,4
DA:261,12
DA:262,4
DA:265,4
DA:266,8
DA:267,8
DA:268,4
DA:271,1
DA:272,2
DA:273,2
DA:274,1
DA:281,4
DA:284,4
DA:285,8
DA:286,4
DA:289,4
DA:292,8
DA:293,4
DA:295,4
DA:296,4
DA:299,4
DA:304,4
DA:305,4
DA:308,24
DA:309,8
DA:310,20
DA:311,4
DA:312,12
DA:313,4
DA:318,4
DA:320,0
DA:321,0
DA:329,0
DA:332,0
DA:335,0
DA:337,0
DA:340,0
DA:341,0
DA:342,0
DA:345,0
DA:346,0
DA:347,0
DA:348,0
DA:351,0
DA:353,0
DA:356,0
DA:359,0
DA:360,0
DA:361,0
DA:367,0
DA:368,0
DA:370,0
DA:371,0
DA:374,0
DA:382,4
DA:383,4
DA:384,4
DA:385,12
DA:386,8
DA:395,0
DA:396,0
DA:398,0
DA:399,0
DA:401,0
DA:404,4
DA:406,4
DA:407,4
DA:409,8
DA:412,4
DA:415,4
DA:417,4
DA:420,4
DA:422,4
DA:423,4
DA:425,16
DA:426,8
DA:427,8
DA:428,8
DA:435,4
DA:437,16
DA:440,0
DA:442,0
DA:450,0
DA:460,0
DA:463,0
DA:466,0
DA:467,0
DA:468,0
DA:469,0
DA:476,0
DA:477,0
DA:478,0
DA:480,0
DA:481,0
DA:482,0
DA:483,0
DA:487,0
DA:488,0
DA:492,0
DA:494,0
DA:501,0
DA:503,0
DA:506,1
DA:508,1
DA:509,3
DA:510,1
DA:513,1
DA:515,2
DA:516,0
DA:545,4
DA:564,0
DA:581,1
DA:593,4
LF:206
LH:134
end_of_record
SF:lib/core/p2p/federated_learning.dart
DA:32,5
DA:33,8
DA:37,3
DA:43,6
DA:46,6
DA:47,2
DA:53,9
DA:57,3
DA:58,3
DA:63,3
DA:65,3
DA:66,3
DA:67,3
DA:71,3
DA:74,3
DA:77,3
DA:79,9
DA:82,4
DA:83,2
DA:89,3
DA:95,6
DA:98,3
DA:101,3
DA:104,6
DA:107,6
DA:110,3
DA:112,3
DA:114,3
DA:115,3
DA:116,3
DA:117,3
DA:118,3
DA:120,3
DA:124,12
DA:127,6
DA:128,3
DA:134,2
DA:139,6
DA:142,4
DA:143,2
DA:144,1
DA:149,2
DA:152,2
DA:153,2
DA:158,2
DA:159,2
DA:164,2
DA:165,2
DA:166,4
DA:169,2
DA:170,2
DA:174,6
DA:177,2
DA:178,1
DA:184,0
DA:189,0
DA:192,0
DA:193,0
DA:194,0
DA:195,0
DA:199,0
DA:202,0
DA:205,0
DA:209,0
DA:211,0
DA:212,0
DA:215,0
DA:218,0
DA:219,0
DA:224,3
DA:225,6
DA:226,6
DA:227,3
DA:230,3
DA:232,3
DA:233,3
DA:236,3
DA:239,3
DA:243,3
DA:244,6
DA:245,6
DA:246,3
DA:249,3
DA:251,3
DA:252,18
DA:253,6
DA:257,3
DA:259,12
DA:262,3
DA:264,3
DA:265,3
DA:269,3
DA:271,3
DA:272,3
DA:274,6
DA:278,3
DA:280,3
DA:281,3
DA:283,6
DA:284,6
DA:286,1
DA:287,4
DA:289,6
DA:296,1
DA:298,2
DA:299,8
DA:302,3
DA:304,3
DA:305,6
DA:306,12
DA:307,12
DA:312,3
DA:314,3
DA:317,9
DA:318,18
DA:319,6
DA:320,6
DA:321,6
DA:322,3
DA:323,12
DA:331,2
DA:333,2
DA:335,2
DA:338,2
DA:339,6
DA:340,6
DA:341,4
DA:342,6
DA:347,4
DA:348,6
DA:349,6
DA:350,4
DA:351,2
DA:352,6
DA:353,8
DA:360,4
DA:361,4
DA:362,2
DA:363,6
DA:364,8
DA:372,2
DA:374,2
DA:376,6
DA:377,8
DA:378,4
DA:379,2
DA:380,4
DA:381,2
DA:382,10
DA:385,0
DA:389,2
DA:390,2
DA:391,2
DA:392,4
DA:394,4
DA:395,6
DA:396,2
DA:400,2
DA:402,2
DA:403,8
DA:405,2
DA:408,4
DA:409,2
DA:413,2
DA:417,6
DA:418,12
DA:419,4
DA:420,4
DA:421,6
DA:422,10
DA:423,2
DA:428,4
DA:431,0
DA:433,0
DA:434,0
DA:443,0
DA:445,0
DA:446,0
DA:447,0
DA:449,0
DA:452,0
DA:454,0
DA:461,0
DA:462,0
DA:463,0
DA:468,3
DA:470,6
DA:473,8
DA:476,3
DA:477,4
DA:479,1
DA:481,2
DA:482,2
DA:483,1
DA:486,0
DA:492,0
DA:493,0
DA:496,9
DA:499,0
DA:500,0
DA:506,0
DA:508,0
DA:511,0
DA:513,0
DA:516,0
DA:525,0
DA:527,0
DA:528,0
DA:529,0
DA:530,0
DA:531,0
DA:534,0
DA:535,0
DA:539,0
DA:540,0
DA:544,0
DA:549,0
DA:552,0
DA:553,0
DA:554,0
DA:556,0
DA:565,0
DA:568,0
DA:569,0
DA:573,0
DA:581,3
DA:583,9
DA:584,6
DA:585,6
DA:587,0
DA:595,0
DA:598,0
DA:602,0
DA:603,0
DA:604,0
DA:605,0
DA:608,0
DA:609,0
DA:610,0
DA:612,0
DA:617,3
DA:618,3
DA:619,3
DA:620,3
DA:621,3
DA:622,6
DA:623,6
DA:624,9
DA:625,6
DA:627,3
DA:628,6
DA:629,6
DA:630,3
DA:631,3
DA:632,6
DA:633,3
DA:634,9
DA:635,9
DA:636,12
DA:637,9
DA:639,6
DA:640,6
DA:641,6
DA:642,6
DA:643,9
DA:645,6
DA:646,0
DA:647,0
DA:648,0
DA:649,0
DA:650,0
DA:651,0
DA:652,0
DA:653,0
DA:654,0
DA:656,0
DA:657,0
DA:660,3
DA:661,6
DA:662,6
DA:663,6
DA:669,1
DA:670,1
DA:671,1
DA:672,1
DA:673,1
DA:674,2
DA:675,2
DA:678,1
DA:679,1
DA:680,1
DA:681,1
DA:682,1
DA:683,1
DA:684,1
DA:685,2
DA:686,2
DA:688,1
DA:689,2
DA:690,2
DA:691,2
DA:692,2
DA:695,1
DA:696,1
DA:697,1
DA:698,0
DA:699,0
DA:700,0
DA:701,0
DA:702,0
DA:703,0
DA:704,0
DA:705,0
DA:706,0
DA:707,0
DA:708,0
DA:710,0
DA:711,0
DA:715,1
DA:716,1
DA:717,2
DA:718,2
DA:719,1
DA:722,1
DA:723,1
DA:724,1
DA:726,2
DA:727,2
DA:728,2
DA:729,1
DA:736,1
DA:738,1
DA:740,0
DA:742,0
DA:744,0
DA:751,1
DA:753,1
DA:755,1
DA:757,0
DA:759,0
DA:761,0
DA:769,0
DA:770,0
DA:771,0
DA:773,0
DA:774,0
DA:775,0
DA:776,0
DA:783,0
DA:786,0
DA:790,0
DA:791,0
DA:793,0
DA:794,0
DA:795,0
DA:796,0
DA:797,0
DA:800,0
DA:801,0
DA:802,0
DA:822,4
DA:844,4
DA:863,4
DA:869,8
DA:885,4
DA:901,3
DA:913,3
DA:926,3
DA:942,3
DA:958,3
DA:975,2
DA:992,2
DA:1009,0
DA:1026,0
DA:1039,0
DA:1048,3
DA:1071,1
DA:1081,0
DA:1082,0
DA:1083,0
DA:1087,0
DA:1088,0
DA:1089,0
LF:383
LH:255
end_of_record
SF:lib/core/models/unified_user.dart
DA:49,103
DA:76,1
DA:77,1
DA:78,1
DA:79,1
DA:80,1
DA:81,1
DA:82,1
DA:83,2
DA:84,2
DA:85,1
DA:86,1
DA:87,1
DA:88,1
DA:89,1
DA:90,0
DA:92,1
DA:93,1
DA:94,3
DA:95,3
DA:96,3
DA:97,3
DA:98,3
DA:99,3
DA:100,1
DA:101,4
DA:102,1
DA:104,1
DA:105,1
DA:106,2
DA:108,1
DA:109,0
DA:114,0
DA:115,0
DA:116,0
DA:117,0
DA:118,0
DA:119,0
DA:120,0
DA:121,0
DA:122,0
DA:123,0
DA:124,0
DA:125,0
DA:126,0
DA:127,0
DA:128,0
DA:130,0
DA:131,0
DA:132,0
DA:133,0
DA:134,0
DA:135,0
DA:136,0
DA:137,0
DA:138,0
DA:139,0
DA:140,0
DA:142,0
DA:143,0
DA:144,0
DA:146,0
DA:147,0
DA:152,1
DA:153,1
DA:154,1
DA:155,1
DA:156,1
DA:157,1
DA:158,1
DA:159,2
DA:160,2
DA:161,1
DA:162,1
DA:163,1
DA:164,1
DA:165,1
DA:166,1
DA:167,1
DA:168,1
DA:169,1
DA:170,1
DA:171,1
DA:172,1
DA:173,1
DA:174,2
DA:175,1
DA:176,2
DA:177,1
DA:181,0
DA:182,0
DA:183,0
DA:184,0
DA:185,0
DA:186,0
DA:187,0
DA:188,0
DA:189,0
DA:190,0
DA:191,0
DA:192,0
DA:193,0
DA:194,0
DA:195,0
DA:196,0
DA:197,0
DA:198,0
DA:199,0
DA:200,0
DA:201,0
DA:202,0
DA:203,0
DA:204,0
DA:205,0
DA:206,0
DA:210,45
DA:236,45
DA:237,45
DA:238,45
DA:239,44
DA:240,45
DA:241,39
DA:242,45
DA:243,43
DA:244,45
DA:246,45
DA:248,45
DA:249,45
DA:250,45
DA:251,45
DA:252,45
DA:253,45
DA:254,10
DA:255,45
DA:256,45
DA:257,45
DA:258,45
DA:259,44
DA:260,45
DA:261,45
DA:262,45
DA:267,2
DA:268,4
DA:272,0
DA:273,0
DA:274,0
DA:275,0
DA:276,0
DA:277,0
DA:278,0
DA:284,0
DA:285,0
DA:287,0
DA:288,0
DA:289,0
DA:294,3
DA:297,3
DA:300,3
DA:303,1
DA:304,8
DA:308,0
DA:309,0
DA:310,0
DA:314,21
DA:315,42
DA:319,24
DA:320,48
DA:322,20
DA:326,5
DA:327,15
DA:331,17
DA:332,68
DA:333,17
DA:334,51
DA:339,0
DA:340,0
DA:341,0
DA:342,0
DA:347,0
DA:348,0
DA:349,0
DA:352,0
DA:353,0
DA:357,0
DA:359,1
DA:360,1
DA:361,1
DA:362,1
DA:363,1
DA:364,1
DA:365,1
DA:366,1
DA:367,1
DA:368,1
DA:369,1
DA:370,1
DA:371,1
DA:372,1
DA:373,1
DA:374,1
DA:375,1
DA:376,1
DA:377,1
DA:378,1
DA:379,1
DA:380,1
DA:381,1
DA:382,1
DA:383,1
DA:384,1
DA:397,0
DA:399,0
DA:401,0
DA:403,0
DA:408,0
DA:410,0
DA:412,0
DA:414,0
LF:218
LH:126
end_of_record
SF:lib/core/models/user.dart
DA:9,481
DA:26,42
DA:37,4
DA:47,4
DA:48,3
DA:49,4
DA:50,4
DA:51,8
DA:52,4
DA:53,4
DA:54,4
DA:55,8
DA:59,2
DA:60,2
DA:61,2
DA:62,2
DA:63,2
DA:64,2
DA:65,4
DA:66,4
DA:67,4
DA:68,2
DA:72,2
DA:73,2
DA:74,2
DA:75,2
DA:76,2
DA:77,2
DA:78,2
DA:79,8
DA:80,0
DA:82,4
DA:83,4
DA:84,2
DA:89,0
DA:91,0
DA:92,0
LF:37
LH:33
end_of_record
SF:lib/core/models/spot.dart
DA:6,481
DA:31,51
DA:52,12
DA:72,12
DA:73,11
DA:74,9
DA:75,12
DA:76,12
DA:77,12
DA:78,12
DA:79,11
DA:80,12
DA:81,12
DA:82,9
DA:83,24
DA:85,24
DA:86,24
DA:87,24
DA:88,12
DA:89,9
DA:90,12
DA:91,10
DA:93,12
DA:94,12
DA:100,2
DA:101,6
DA:104,1
DA:105,1
DA:106,4
DA:110,8
DA:111,8
DA:112,8
DA:113,8
DA:114,8
DA:115,8
DA:116,8
DA:117,8
DA:118,8
DA:119,8
DA:120,16
DA:121,16
DA:122,8
DA:123,8
DA:124,8
DA:125,8
DA:126,8
DA:127,8
DA:128,8
DA:129,8
DA:133,6
DA:137,6
DA:138,18
DA:139,12
DA:145,6
DA:146,18
DA:147,18
DA:148,18
DA:151,6
DA:152,18
DA:156,6
DA:158,12
DA:159,0
DA:163,6
DA:164,6
DA:165,6
DA:166,6
DA:167,12
DA:168,12
DA:169,6
DA:170,12
DA:171,6
DA:173,14
DA:175,14
DA:176,6
DA:177,6
DA:178,6
DA:179,6
DA:180,13
DA:181,13
DA:182,6
DA:183,6
DA:184,0
DA:191,2
DA:192,4
LF:84
LH:82
end_of_record
SF:lib/core/models/list.dart
DA:4,481
DA:27,25
DA:48,7
DA:65,7
DA:66,6
DA:67,5
DA:68,6
DA:69,7
DA:70,7
DA:71,5
DA:72,14
DA:73,5
DA:74,6
DA:75,7
DA:76,14
DA:77,7
DA:78,7
DA:79,7
DA:80,7
DA:84,4
DA:85,4
DA:86,4
DA:87,4
DA:88,4
DA:89,14
DA:90,8
DA:91,8
DA:92,4
DA:93,4
DA:94,4
DA:95,4
DA:96,4
DA:97,4
DA:98,4
DA:99,4
DA:100,4
DA:104,3
DA:105,3
DA:106,3
DA:107,3
DA:108,3
DA:109,3
DA:110,4
DA:111,3
DA:112,6
DA:113,6
DA:114,3
DA:115,3
DA:116,6
DA:117,3
DA:118,3
DA:119,6
DA:120,3
DA:121,3
DA:122,6
DA:127,6
DA:128,4
LF:57
LH:57
end_of_record
SF:lib/presentation/blocs/auth/auth_bloc.dart
DA:21,2
DA:29,2
DA:40,1
DA:54,20
DA:62,3
DA:74,4
DA:80,8
DA:81,8
DA:82,8
DA:83,8
DA:84,8
DA:85,8
DA:88,1
DA:92,2
DA:94,4
DA:96,4
DA:97,2
DA:98,2
DA:101,2
DA:102,2
DA:109,1
DA:110,2
DA:111,1
DA:113,0
DA:119,2
DA:120,3
DA:123,0
DA:131,2
DA:132,2
DA:135,0
DA:139,0
DA:140,0
DA:141,0
DA:142,0
DA:147,2
DA:148,2
DA:151,0
DA:156,2
DA:158,2
DA:160,2
DA:163,2
DA:164,3
DA:168,1
DA:172,2
DA:174,5
DA:176,2
DA:177,2
DA:179,2
DA:182,3
DA:186,1
DA:190,2
DA:194,1
DA:195,1
DA:197,0
DA:198,0
DA:199,0
DA:205,0
DA:206,0
DA:209,0
DA:215,2
DA:216,2
DA:218,2
DA:219,3
DA:223,4
DA:227,8
DA:229,8
DA:231,2
DA:232,2
DA:234,8
DA:237,2
DA:241,1
DA:247,3
DA:251,2
DA:254,2
DA:260,2
DA:261,3
DA:267,2
DA:268,1
DA:271,0
DA:275,0
DA:277,0
DA:278,0
DA:280,0
DA:285,0
DA:286,0
DA:292,0
DA:299,4
DA:304,1
DA:305,1
DA:306,1
DA:308,0
DA:313,2
DA:314,3
DA:317,0
DA:318,0
DA:324,2
DA:328,4
DA:331,2
DA:333,1
DA:334,0
DA:335,2
DA:336,2
LF:102
LH:76
end_of_record
SF:lib/presentation/blocs/lists/lists_bloc.dart
DA:19,1
DA:25,1
DA:31,1
DA:37,1
DA:51,2
DA:57,2
DA:66,1
DA:71,2
DA:72,2
DA:73,2
DA:74,2
DA:75,2
DA:76,2
DA:79,1
DA:83,2
DA:85,2
DA:86,2
DA:88,3
DA:92,1
DA:97,3
DA:98,2
DA:100,3
DA:104,1
DA:109,3
DA:110,2
DA:112,3
DA:116,1
DA:121,3
DA:122,2
DA:124,3
DA:128,1
DA:132,2
DA:133,1
DA:134,2
DA:135,3
DA:136,3
DA:137,3
DA:138,3
DA:143,1
DA:144,3
DA:145,2
DA:151,1
DA:153,1
DA:154,1
DA:160,1
DA:161,3
DA:166,1
DA:167,3
LF:48
LH:48
end_of_record
SF:lib/presentation/blocs/spots/spots_bloc.dart
DA:12,0
DA:13,0
DA:23,1
DA:25,0
DA:26,0
DA:32,2
DA:34,1
DA:35,2
DA:41,1
DA:43,0
DA:44,0
DA:50,1
DA:52,0
DA:53,0
DA:58,2
DA:59,2
DA:72,5
DA:75,4
DA:77,2
DA:79,10
DA:85,2
DA:87,1
DA:88,2
DA:99,4
DA:105,8
DA:106,8
DA:107,8
DA:108,8
DA:109,8
DA:110,8
DA:111,8
DA:114,4
DA:115,8
DA:117,8
DA:118,8
DA:120,3
DA:124,1
DA:126,2
DA:128,2
DA:129,2
DA:130,2
DA:132,3
DA:136,1
DA:137,2
DA:138,1
DA:139,2
DA:141,1
DA:142,4
DA:145,3
DA:146,2
DA:147,3
DA:148,3
DA:149,3
DA:150,1
DA:151,1
DA:153,3
DA:154,1
DA:159,2
DA:161,6
DA:162,4
DA:164,3
DA:168,1
DA:170,3
DA:171,2
DA:173,3
DA:177,1
DA:179,3
DA:180,2
DA:182,3
LF:69
LH:61
end_of_record
SF:lib/presentation/blocs/search/hybrid_search_bloc.dart
DA:15,0
DA:16,0
DA:25,4
DA:32,0
DA:33,0
DA:43,1
DA:51,0
DA:52,0
DA:59,2
DA:64,0
DA:65,0
DA:73,1
DA:75,0
DA:76,0
DA:82,2
DA:84,0
DA:85,0
DA:92,3
DA:93,3
DA:104,2
DA:109,1
DA:110,3
DA:125,4
DA:138,2
DA:139,2
DA:140,2
DA:141,2
DA:142,2
DA:143,2
DA:144,2
DA:145,2
DA:146,2
DA:147,2
DA:148,2
DA:149,2
DA:153,2
DA:154,4
DA:155,6
DA:159,2
DA:160,4
DA:167,2
DA:169,1
DA:170,2
DA:180,4
DA:184,8
DA:185,8
DA:186,8
DA:187,8
DA:188,8
DA:189,8
DA:190,8
DA:191,8
DA:194,4
DA:201,4
DA:202,12
DA:203,8
DA:209,4
DA:210,4
DA:211,4
DA:212,4
DA:213,4
DA:216,4
DA:217,12
DA:221,8
DA:228,4
DA:229,12
DA:230,8
DA:236,4
DA:238,4
DA:239,12
DA:243,4
DA:245,4
DA:247,0
DA:252,0
DA:253,0
DA:254,0
DA:260,0
DA:261,0
DA:262,0
DA:265,0
DA:266,0
DA:273,4
DA:274,12
DA:275,8
DA:281,12
DA:283,4
DA:284,12
DA:293,4
DA:296,4
DA:297,12
DA:298,8
DA:304,4
DA:305,0
DA:306,0
DA:309,4
DA:310,12
DA:314,8
DA:315,4
DA:316,0
DA:317,0
DA:318,4
DA:319,8
DA:325,4
DA:326,12
DA:327,8
DA:333,4
DA:335,4
DA:338,4
DA:339,12
DA:349,8
DA:350,4
DA:351,0
DA:352,0
DA:353,4
DA:354,8
DA:358,8
DA:359,4
DA:360,0
DA:361,0
DA:362,4
DA:363,8
DA:369,8
DA:370,4
DA:371,4
DA:376,4
DA:377,12
DA:378,8
DA:384,4
DA:386,8
DA:387,4
DA:388,4
DA:389,4
DA:392,4
DA:393,12
DA:397,8
DA:398,4
DA:399,4
DA:400,4
DA:401,4
DA:402,4
DA:403,4
DA:404,4
DA:405,4
DA:407,8
DA:412,4
DA:413,12
DA:414,8
DA:420,4
DA:422,4
DA:423,12
DA:429,2
DA:430,6
DA:431,4
DA:437,8
DA:439,2
DA:440,6
DA:443,8
DA:447,1
DA:452,2
DA:455,2
DA:457,1
DA:458,1
DA:459,1
DA:460,2
DA:470,2
DA:471,1
DA:472,1
DA:473,1
DA:474,1
DA:475,2
DA:479,2
DA:481,1
DA:482,1
DA:483,1
DA:484,2
DA:490,2
DA:492,1
DA:495,2
DA:496,1
DA:497,2
DA:498,1
DA:499,1
DA:500,1
DA:501,1
DA:502,1
DA:503,1
DA:505,2
DA:508,4
DA:512,2
DA:518,4
DA:521,4
DA:523,4
DA:524,2
DA:525,2
DA:526,2
DA:529,4
DA:531,2
DA:534,8
DA:538,1
DA:542,2
DA:545,1
DA:549,2
DA:552,2
DA:553,1
DA:554,1
DA:555,2
DA:558,2
DA:561,2
DA:562,1
DA:563,1
DA:571,2
DA:577,4
DA:578,0
DA:580,0
DA:585,2
DA:586,2
DA:587,2
DA:588,2
DA:589,0
DA:592,0
DA:601,2
DA:606,4
DA:607,4
DA:610,4
DA:611,2
DA:614,4
DA:619,0
DA:620,0
DA:624,1
DA:625,2
DA:629,1
DA:630,2
DA:634,2
DA:638,2
LF:234
LH:199
end_of_record
SF:lib/core/theme/app_theme.dart
DA:18,108
DA:31,216
DA:34,216
DA:35,0
DA:38,108
DA:42,108
DA:58,108
DA:59,108
DA:63,108
DA:64,108
DA:68,108
DA:69,108
DA:71,108
DA:72,108
DA:76,108
DA:77,108
DA:80,108
DA:81,108
DA:101,108
DA:104,108
DA:105,108
DA:108,108
DA:109,108
DA:112,108
DA:113,108
DA:130,3
DA:143,6
DA:144,6
DA:145,0
DA:148,3
DA:152,3
DA:168,3
DA:169,3
DA:173,3
DA:174,3
DA:178,3
DA:179,3
DA:181,3
DA:182,3
DA:186,3
DA:187,3
DA:190,3
DA:191,3
DA:211,3
DA:214,3
DA:215,3
DA:218,3
DA:219,3
DA:222,3
DA:223,3
LF:50
LH:48
end_of_record
SF:lib/core/ai/action_history_entry.dart
DA:37,3
DA:48,2
DA:57,2
DA:58,2
DA:59,2
DA:60,2
DA:61,2
DA:62,2
DA:63,0
DA:64,2
DA:69,3
DA:70,3
DA:71,3
DA:72,6
DA:73,6
DA:74,6
DA:75,6
DA:76,3
DA:77,3
DA:78,3
DA:83,2
DA:84,2
DA:85,2
DA:86,6
DA:87,4
DA:88,4
DA:89,2
DA:90,2
DA:91,2
DA:96,3
DA:97,3
DA:98,3
DA:99,3
DA:100,3
DA:103,3
DA:104,3
DA:106,6
DA:107,6
DA:108,6
DA:109,6
DA:110,6
DA:111,6
DA:112,6
DA:113,6
DA:115,2
DA:116,2
DA:118,4
DA:119,4
DA:120,4
DA:121,4
DA:122,4
DA:123,4
DA:125,1
DA:126,1
DA:128,2
DA:129,2
DA:130,2
DA:138,2
DA:140,2
DA:141,2
DA:142,2
DA:143,2
DA:144,2
DA:145,2
DA:146,2
DA:147,2
DA:148,4
DA:149,2
DA:150,2
DA:151,4
DA:153,2
DA:154,2
DA:155,2
DA:156,2
DA:157,2
DA:158,2
DA:159,4
DA:160,2
DA:161,2
DA:162,4
DA:164,1
DA:165,1
DA:166,1
DA:167,1
DA:168,1
DA:169,1
DA:170,2
DA:173,0
DA:178,3
DA:179,3
DA:180,3
DA:181,3
DA:182,3
DA:183,3
DA:188,2
DA:189,2
DA:190,2
DA:191,2
DA:192,4
DA:195,0
DA:196,0
LF:101
LH:97
end_of_record
SF:lib/core/ai/action_models.dart
DA:10,9
DA:28,8
DA:39,8
DA:51,8
DA:60,8
DA:69,5
DA:75,5
DA:86,1
DA:94,1
DA:111,0
DA:122,0
DA:133,6
DA:141,6
DA:146,6
DA:154,4
DA:158,4
LF:16
LH:14
end_of_record
SF:lib/core/ai/advanced_communication.dart
DA:44,3
DA:51,6
DA:55,3
DA:58,1
DA:61,1
DA:64,1
DA:67,3
DA:71,1
DA:79,1
DA:82,6
DA:86,1
DA:87,1
DA:88,1
DA:92,1
DA:94,1
DA:95,1
DA:96,1
DA:97,3
DA:103,4
DA:108,6
DA:110,3
DA:116,2
DA:119,2
DA:123,2
DA:126,6
DA:130,2
DA:132,4
DA:135,2
DA:137,2
DA:140,0
DA:142,0
DA:143,0
DA:146,0
DA:150,0
DA:153,0
DA:158,0
DA:163,6
DA:169,2
DA:172,12
DA:177,0
DA:179,0
DA:185,2
DA:191,4
DA:195,2
DA:198,2
DA:201,10
DA:204,2
DA:205,0
DA:209,2
DA:212,2
DA:216,2
DA:219,12
DA:223,2
DA:224,2
DA:227,2
DA:229,2
DA:230,6
DA:234,2
DA:238,2
DA:241,10
DA:246,0
DA:248,0
DA:254,1
DA:256,1
DA:259,1
DA:262,1
DA:265,1
DA:268,1
DA:271,1
DA:274,1
DA:277,9
DA:278,6
DA:281,1
DA:283,1
DA:284,1
DA:285,1
DA:286,1
DA:287,1
DA:288,1
DA:289,1
DA:290,1
DA:291,1
DA:300,1
DA:303,0
DA:304,0
DA:310,3
DA:312,3
DA:313,2
DA:317,2
DA:318,2
DA:322,1
DA:323,2
DA:327,3
DA:328,3
DA:333,3
DA:336,3
DA:337,3
DA:338,6
DA:339,15
DA:342,6
DA:346,3
DA:347,2
DA:348,1
DA:356,1
DA:358,1
DA:359,1
DA:360,1
DA:361,1
DA:362,1
DA:363,1
DA:364,1
DA:365,1
DA:366,1
DA:367,1
DA:368,1
DA:369,1
DA:375,1
DA:379,1
DA:382,1
DA:383,1
DA:384,1
DA:387,2
DA:388,1
DA:389,3
DA:393,1
DA:394,1
DA:396,1
DA:397,1
DA:399,1
DA:400,1
DA:407,1
DA:408,1
DA:409,0
DA:411,0
DA:412,0
DA:413,0
DA:414,0
DA:415,0
DA:416,0
DA:417,0
DA:421,0
DA:427,1
DA:428,1
DA:429,0
DA:431,0
DA:432,0
DA:433,0
DA:434,0
DA:435,0
DA:436,0
DA:437,0
DA:438,0
DA:442,0
DA:448,1
DA:449,1
DA:450,0
DA:452,0
DA:453,0
DA:454,0
DA:455,0
DA:456,0
DA:463,1
DA:464,1
DA:465,1
DA:466,2
DA:469,1
DA:473,1
DA:474,1
DA:477,1
DA:478,0
DA:479,1
DA:480,1
DA:481,1
DA:482,1
DA:483,1
DA:484,1
DA:485,0
DA:486,0
DA:488,0
DA:492,0
DA:494,0
DA:495,0
DA:496,0
DA:499,1
DA:501,1
DA:502,3
DA:503,1
DA:506,1
DA:508,3
DA:509,1
DA:512,1
DA:514,2
DA:515,3
DA:518,2
DA:519,2
DA:520,6
DA:521,4
DA:524,1
DA:530,1
DA:531,1
DA:532,1
DA:537,1
DA:538,1
DA:539,3
DA:540,1
DA:545,1
DA:546,1
DA:547,3
DA:548,4
DA:551,2
DA:553,2
DA:554,6
DA:555,8
DA:558,1
DA:559,1
DA:560,3
DA:561,3
DA:564,1
DA:566,5
DA:568,3
DA:570,1
DA:572,4
DA:573,3
DA:578,2
DA:580,4
DA:582,2
DA:583,4
DA:584,4
DA:585,2
DA:586,6
DA:587,2
DA:588,4
DA:589,6
DA:592,2
DA:593,6
DA:594,10
DA:595,6
DA:596,2
DA:603,2
DA:606,6
DA:611,4
DA:616,4
DA:623,2
DA:624,2
DA:626,2
DA:627,0
DA:628,2
DA:629,0
DA:630,2
DA:631,0
DA:632,2
DA:633,0
DA:636,2
DA:639,0
DA:641,0
DA:642,0
DA:643,0
DA:644,0
DA:645,0
DA:646,0
DA:649,0
DA:651,0
DA:654,0
DA:655,0
DA:658,0
DA:660,0
DA:661,0
DA:662,0
DA:663,0
DA:664,0
DA:667,0
DA:669,0
DA:672,0
DA:674,0
DA:675,0
DA:676,0
DA:677,0
DA:679,0
DA:680,0
DA:683,0
DA:684,0
DA:685,0
DA:689,0
DA:691,0
DA:694,0
DA:696,0
DA:698,0
DA:699,0
DA:706,0
DA:708,0
DA:713,2
DA:714,2
DA:716,2
DA:717,2
DA:718,2
DA:719,2
DA:720,6
DA:724,2
DA:730,10
DA:733,4
DA:735,6
DA:737,2
DA:741,8
DA:744,0
DA:747,0
DA:753,2
DA:754,10
DA:755,2
DA:756,2
DA:759,2
DA:764,2
DA:768,2
DA:769,2
DA:775,2
DA:777,8
DA:780,2
DA:781,2
DA:782,6
DA:783,8
DA:786,2
DA:788,6
DA:793,1
DA:795,4
DA:796,4
DA:797,3
DA:800,1
DA:801,3
DA:802,1
DA:804,7
DA:807,8
DA:810,1
DA:813,1
DA:814,1
DA:815,4
DA:816,2
DA:817,2
DA:818,1
DA:822,1
DA:823,1
DA:824,3
DA:825,2
DA:826,2
DA:827,1
DA:831,1
DA:832,1
DA:833,2
DA:834,5
DA:835,6
DA:836,2
DA:840,1
DA:841,1
DA:842,2
DA:843,2
DA:844,6
DA:845,4
DA:849,1
DA:850,1
DA:851,3
DA:852,4
DA:853,4
DA:854,3
DA:855,2
DA:859,1
DA:860,3
DA:863,1
DA:864,4
DA:867,1
DA:868,1
DA:869,4
DA:870,4
DA:871,4
DA:872,4
DA:873,4
DA:877,1
DA:878,4
DA:879,4
DA:880,4
DA:882,3
DA:885,1
DA:892,1
DA:894,1
DA:895,1
DA:898,2
DA:899,0
DA:902,2
DA:903,1
DA:906,2
DA:907,0
DA:910,2
DA:911,0
DA:914,1
DA:915,0
DA:919,3
DA:943,3
DA:959,3
DA:960,3
DA:969,3
DA:971,3
DA:977,0
DA:978,0
DA:979,0
DA:980,0
DA:981,0
DA:982,0
DA:983,0
DA:985,0
DA:986,0
DA:987,0
DA:989,0
DA:1009,2
DA:1030,1
DA:1051,2
DA:1065,0
DA:1066,0
DA:1071,0
DA:1072,0
DA:1073,0
DA:1077,0
DA:1088,2
DA:1102,2
DA:1119,2
DA:1129,0
DA:1130,0
DA:1134,0
DA:1135,0
DA:1154,1
DA:1167,0
DA:1168,0
DA:1175,0
DA:1177,0
DA:1178,0
DA:1189,1
DA:1203,1
DA:1217,1
DA:1231,1
DA:1246,1
DA:1262,1
DA:1270,0
DA:1271,0
DA:1272,0
DA:1273,0
DA:1274,0
DA:1275,0
DA:1276,0
LF:444
LH:317
end_of_record
SF:lib/core/ai/ai2ai_learning.dart
DA:15,0
DA:44,1
DA:51,1
DA:57,2
DA:58,5
DA:61,1
DA:64,1
DA:67,1
DA:70,1
DA:77,1
DA:84,1
DA:91,1
DA:93,1
DA:102,1
DA:103,1
DA:107,2
DA:108,1
DA:111,5
DA:114,0
DA:115,0
DA:120,0
DA:125,0
DA:127,0
DA:128,0
DA:129,0
DA:133,0
DA:136,0
DA:139,0
DA:142,0
DA:145,0
DA:150,0
DA:157,0
DA:158,0
DA:159,0
DA:163,0
DA:165,0
DA:168,0
DA:169,0
DA:174,0
DA:179,0
DA:181,0
DA:184,0
DA:185,0
DA:188,0
DA:189,0
DA:192,0
DA:193,0
DA:196,0
DA:197,0
DA:200,0
DA:201,0
DA:203,0
DA:206,0
DA:207,0
DA:212,0
DA:217,0
DA:219,0
DA:220,0
DA:223,0
DA:229,0
DA:235,0
DA:241,0
DA:247,0
DA:253,0
DA:260,0
DA:261,0
DA:264,0
DA:267,0
DA:268,0
DA:273,0
DA:278,0
DA:280,0
DA:281,0
DA:282,0
DA:285,0
DA:288,0
DA:295,0
DA:298,0
DA:301,0
DA:306,0
DA:314,0
DA:315,0
DA:321,0
DA:324,0
DA:327,0
DA:328,0
DA:333,1
DA:334,3
DA:335,1
DA:336,2
DA:339,2
DA:340,0
DA:344,1
DA:347,1
DA:351,1
DA:354,1
DA:355,1
DA:356,1
DA:357,1
DA:359,1
DA:364,1
DA:368,1
DA:372,1
DA:375,2
DA:377,1
DA:378,1
DA:381,1
DA:382,1
DA:385,1
DA:386,1
DA:390,1
DA:395,1
DA:400,1
DA:403,2
DA:404,3
DA:405,3
DA:406,2
DA:407,1
DA:408,4
DA:409,2
DA:416,2
DA:417,2
DA:420,1
DA:427,1
DA:433,5
DA:434,1
DA:435,0
DA:438,3
DA:439,1
DA:441,1
DA:446,4
DA:450,1
DA:455,1
DA:458,1
DA:459,0
DA:460,0
DA:461,0
DA:462,0
DA:463,0
DA:464,0
DA:465,0
DA:471,5
DA:472,2
DA:473,1
DA:475,1
DA:477,1
DA:484,1
DA:488,2
DA:489,1
DA:491,3
DA:493,2
DA:495,1
DA:497,1
DA:502,3
DA:506,1
DA:510,5
DA:513,3
DA:516,3
DA:518,1
DA:521,1
DA:523,2
DA:524,1
DA:526,2
DA:527,2
DA:528,2
DA:529,3
DA:530,3
DA:534,1
DA:535,1
DA:538,1
DA:539,1
DA:542,2
DA:544,3
DA:550,3
DA:551,3
DA:552,0
DA:556,0
DA:557,0
DA:562,0
DA:563,0
DA:567,4
DA:571,1
DA:572,1
DA:574,1
DA:576,2
DA:577,3
DA:580,0
DA:581,0
DA:584,0
DA:585,0
DA:586,0
DA:588,0
DA:589,0
DA:595,1
DA:599,0
DA:600,0
DA:604,0
DA:605,0
DA:608,5
DA:612,1
DA:613,1
DA:616,1
DA:617,2
DA:618,2
DA:620,2
DA:621,2
DA:624,38
DA:626,2
DA:627,2
DA:628,3
DA:629,1
DA:635,1
DA:638,1
DA:639,2
DA:640,3
DA:644,1
DA:645,1
DA:647,1
DA:651,2
DA:652,2
DA:654,5
DA:658,3
DA:660,3
DA:661,4
DA:662,4
DA:664,0
DA:668,0
DA:669,0
DA:671,0
DA:673,0
DA:675,0
DA:677,0
DA:680,0
DA:689,0
DA:690,0
DA:691,0
DA:692,0
DA:693,0
DA:695,0
DA:697,0
DA:699,0
DA:707,0
DA:711,0
DA:712,0
DA:714,0
DA:717,0
DA:719,0
DA:720,0
DA:724,0
DA:725,0
DA:729,0
DA:730,0
DA:735,0
DA:736,0
DA:737,0
DA:738,0
DA:739,0
DA:743,0
DA:744,0
DA:746,0
DA:749,0
DA:750,0
DA:751,0
DA:752,0
DA:756,0
DA:757,0
DA:758,0
DA:759,0
DA:760,0
DA:762,0
DA:765,0
DA:774,0
DA:775,0
DA:777,0
DA:780,0
DA:781,0
DA:784,0
DA:785,0
DA:786,0
DA:787,0
DA:788,0
DA:789,0
DA:790,0
DA:792,0
DA:793,0
DA:794,0
DA:795,0
DA:800,0
DA:801,0
DA:802,0
DA:809,0
DA:813,0
DA:816,0
DA:817,0
DA:818,0
DA:821,0
DA:822,0
DA:823,0
DA:824,0
DA:825,0
DA:829,0
DA:830,0
DA:837,0
DA:841,0
DA:844,0
DA:845,0
DA:847,0
DA:848,0
DA:849,0
DA:852,0
DA:855,0
DA:857,0
DA:859,0
DA:860,0
DA:862,0
DA:864,0
DA:866,0
DA:867,0
DA:868,0
DA:872,0
DA:873,0
DA:878,0
DA:882,0
DA:885,0
DA:886,0
DA:888,0
DA:889,0
DA:890,0
DA:891,0
DA:892,0
DA:893,0
DA:895,0
DA:897,0
DA:899,0
DA:901,0
DA:907,0
DA:908,0
DA:913,0
DA:917,0
DA:921,0
DA:923,0
DA:926,0
DA:928,0
DA:930,0
DA:932,0
DA:934,0
DA:938,0
DA:939,0
DA:944,0
DA:948,0
DA:951,0
DA:952,0
DA:953,0
DA:954,0
DA:955,0
DA:960,0
DA:961,0
DA:963,0
DA:965,0
DA:967,0
DA:968,0
DA:973,0
DA:974,0
DA:979,0
DA:983,0
DA:986,0
DA:987,0
DA:990,0
DA:991,0
DA:993,0
DA:994,0
DA:996,0
DA:997,0
DA:999,0
DA:1001,0
DA:1002,0
DA:1004,0
DA:1006,0
DA:1008,0
DA:1010,0
DA:1016,0
DA:1017,0
DA:1023,1
DA:1024,1
DA:1025,2
DA:1028,1
DA:1029,1
DA:1030,1
DA:1031,1
DA:1032,1
DA:1033,1
DA:1034,1
DA:1035,1
DA:1036,1
DA:1040,2
DA:1041,1
DA:1042,1
DA:1045,2
DA:1046,1
DA:1047,1
DA:1051,1
DA:1053,5
DA:1054,2
DA:1056,2
DA:1060,6
DA:1062,1
DA:1072,1
DA:1073,1
DA:1074,2
DA:1077,1
DA:1078,1
DA:1079,1
DA:1080,1
DA:1081,1
DA:1084,2
DA:1085,1
DA:1086,1
DA:1089,2
DA:1090,1
DA:1098,0
DA:1100,0
DA:1104,0
DA:1106,0
DA:1116,1
DA:1117,1
DA:1118,2
DA:1121,1
DA:1127,2
DA:1128,1
DA:1137,0
DA:1139,0
DA:1141,0
DA:1145,0
DA:1149,0
DA:1151,0
DA:1158,1
DA:1160,1
DA:1162,2
DA:1164,2
DA:1166,0
DA:1169,0
DA:1170,0
DA:1174,0
DA:1175,0
DA:1178,0
DA:1179,0
DA:1180,0
DA:1181,0
DA:1182,0
DA:1184,0
DA:1194,0
DA:1198,0
DA:1201,0
DA:1202,0
DA:1203,0
DA:1205,0
DA:1208,0
DA:1212,0
DA:1213,0
DA:1214,0
DA:1216,0
DA:1219,0
DA:1225,0
DA:1228,0
DA:1229,0
DA:1230,0
DA:1231,0
DA:1232,0
DA:1233,0
DA:1236,0
DA:1237,0
DA:1240,0
DA:1244,0
DA:1245,0
DA:1249,0
DA:1250,0
DA:1251,0
DA:1254,0
DA:1256,0
DA:1261,0
DA:1264,0
DA:1269,0
DA:1273,0
DA:1276,0
DA:1277,0
DA:1278,0
DA:1279,0
DA:1282,0
DA:1283,0
DA:1288,0
DA:1299,0
DA:1300,0
DA:1303,0
DA:1310,0
DA:1311,0
DA:1312,0
DA:1314,0
DA:1318,0
DA:1319,0
DA:1321,0
DA:1327,0
DA:1328,0
DA:1329,0
DA:1330,0
DA:1331,0
DA:1336,0
DA:1337,0
DA:1342,0
DA:1346,0
DA:1349,0
DA:1350,0
DA:1351,0
DA:1352,0
DA:1355,0
DA:1361,0
DA:1363,0
DA:1367,0
DA:1374,0
DA:1375,0
DA:1376,0
DA:1378,0
DA:1382,0
DA:1383,0
DA:1385,0
DA:1391,0
DA:1392,0
DA:1395,0
DA:1398,0
DA:1403,0
DA:1406,0
DA:1408,0
DA:1409,0
DA:1412,0
DA:1413,0
DA:1416,0
DA:1417,0
DA:1424,0
DA:1431,0
DA:1434,0
DA:1441,0
DA:1443,0
DA:1444,0
DA:1445,0
DA:1450,0
DA:1453,0
DA:1454,0
DA:1456,0
DA:1461,0
DA:1462,0
DA:1468,0
DA:1471,0
DA:1474,0
DA:1476,0
DA:1477,0
DA:1480,0
DA:1482,0
DA:1483,0
DA:1487,0
DA:1488,0
DA:1490,0
DA:1492,0
DA:1499,0
DA:1504,0
DA:1510,0
DA:1511,0
DA:1512,0
DA:1513,0
DA:1517,0
DA:1519,0
DA:1520,0
DA:1521,0
DA:1522,0
DA:1526,0
DA:1528,0
DA:1529,0
DA:1530,0
DA:1531,0
DA:1532,0
DA:1536,0
DA:1537,0
DA:1538,0
DA:1539,0
DA:1540,0
DA:1544,0
DA:1549,0
DA:1550,0
DA:1554,0
DA:1555,0
DA:1558,0
DA:1559,0
DA:1562,0
DA:1563,0
DA:1567,0
DA:1568,0
DA:1569,0
DA:1570,0
DA:1574,0
DA:1575,0
DA:1577,0
DA:1578,0
DA:1585,0
DA:1590,0
DA:1591,0
DA:1594,0
DA:1600,0
DA:1601,0
DA:1605,0
DA:1611,0
DA:1615,0
DA:1616,0
DA:1617,0
DA:1618,0
DA:1619,0
DA:1620,0
DA:1621,0
DA:1628,0
DA:1629,0
DA:1634,0
DA:1635,0
DA:1638,0
DA:1640,0
DA:1641,0
DA:1644,0
DA:1647,0
DA:1649,0
DA:1653,0
DA:1654,0
DA:1657,0
DA:1658,0
DA:1662,0
DA:1666,0
DA:1667,0
DA:1671,0
DA:1672,0
DA:1673,0
DA:1675,0
DA:1676,0
DA:1681,0
DA:1682,0
DA:1683,0
DA:1686,0
DA:1698,0
DA:1699,0
DA:1700,0
DA:1701,0
DA:1702,0
DA:1703,0
DA:1704,0
DA:1711,0
DA:1712,0
DA:1727,1
DA:1744,1
DA:1766,1
DA:1779,0
DA:1780,0
DA:1783,0
DA:1784,0
DA:1785,0
DA:1786,0
DA:1787,0
DA:1788,0
DA:1789,0
DA:1803,1
DA:1811,0
DA:1812,0
DA:1830,2
DA:1847,1
DA:1855,0
DA:1856,0
DA:1873,1
DA:1889,1
DA:1897,0
DA:1898,0
DA:1919,0
DA:1931,0
DA:1932,0
DA:1934,0
DA:1935,0
DA:1936,0
DA:1937,0
DA:1938,0
DA:1941,0
DA:1953,0
DA:1972,0
DA:1983,0
DA:1984,0
DA:1986,0
DA:1987,0
DA:1988,0
DA:1989,0
DA:1990,0
DA:1992,0
DA:2009,0
DA:2022,0
DA:2023,0
DA:2033,0
DA:2042,0
DA:2048,0
DA:2058,0
DA:2070,0
DA:2076,0
DA:2082,0
DA:2088,0
DA:2090,0
DA:2098,1
LF:705
LH:187
end_of_record
SF:lib/core/models/personality_profile.dart
DA:28,31
DA:50,29
DA:51,29
DA:52,29
DA:54,58
DA:55,29
DA:56,29
DA:60,29
DA:62,29
DA:65,29
DA:71,29
DA:72,29
DA:74,29
DA:77,29
DA:78,29
DA:81,29
DA:82,29
DA:83,29
DA:84,29
DA:91,12
DA:98,24
DA:99,24
DA:100,24
DA:103,24
DA:104,24
DA:111,18
DA:112,16
DA:117,16
DA:118,16
DA:120,8
DA:121,16
DA:123,24
DA:126,8
DA:132,12
DA:133,24
DA:135,12
DA:136,12
DA:139,12
DA:140,7
DA:141,12
DA:142,12
DA:143,24
DA:146,12
DA:147,12
DA:148,12
DA:149,12
DA:150,12
DA:151,12
DA:162,0
DA:163,0
DA:164,0
DA:167,0
DA:168,0
DA:169,0
DA:170,0
DA:171,0
DA:176,0
DA:181,0
DA:183,0
DA:184,0
DA:186,0
DA:187,0
DA:194,0
DA:196,0
DA:197,0
DA:204,2
DA:205,2
DA:207,6
DA:214,0
DA:220,0
DA:222,0
DA:224,0
DA:230,0
DA:235,0
DA:240,0
DA:241,0
DA:242,0
DA:243,0
DA:244,0
DA:245,0
DA:246,0
DA:247,0
DA:248,0
DA:249,0
DA:250,0
DA:252,0
DA:253,0
DA:254,0
DA:255,0
DA:260,4
DA:267,8
DA:268,8
DA:269,8
DA:270,8
DA:271,8
DA:275,4
DA:276,3
DA:278,9
DA:281,6
DA:282,6
DA:283,3
DA:287,4
DA:289,6
DA:293,11
DA:294,22
DA:295,22
DA:296,44
DA:298,11
DA:299,19
DA:301,39
DA:305,3
DA:306,3
DA:309,3
DA:314,3
DA:319,3
DA:328,5
DA:329,10
DA:330,15
DA:331,10
DA:333,5
DA:334,6
DA:339,3
DA:340,3
DA:341,3
DA:342,3
DA:343,3
DA:344,3
DA:345,9
DA:346,16
DA:347,6
DA:349,3
DA:350,6
DA:351,6
DA:356,12
DA:360,24
DA:364,36
DA:365,24
DA:368,48
DA:369,12
DA:370,12
DA:374,12
DA:375,12
DA:376,12
DA:378,12
DA:385,12
DA:389,13
DA:391,13
DA:392,39
DA:393,13
DA:395,13
DA:396,42
DA:398,13
DA:402,13
DA:403,13
DA:404,13
DA:405,13
DA:406,13
DA:407,13
DA:408,26
DA:409,26
DA:410,13
DA:416,6
DA:419,12
DA:420,6
DA:422,12
DA:423,12
DA:425,6
DA:426,18
DA:428,6
DA:432,6
DA:433,6
DA:434,12
DA:436,12
DA:437,6
DA:438,12
DA:439,12
DA:440,12
DA:441,6
DA:446,4
DA:449,2
DA:450,6
DA:451,6
DA:452,6
DA:454,1
DA:455,5
DA:457,1
DA:459,3
DA:460,3
DA:471,0
DA:486,2
DA:491,1
DA:492,1
DA:493,1
LF:193
LH:154
end_of_record
SF:lib/core/models/connection_metrics.dart
DA:21,4
DA:39,2
DA:44,2
DA:46,2
DA:55,2
DA:57,2
DA:59,2
DA:64,2
DA:65,2
DA:70,1
DA:78,2
DA:80,1
DA:83,2
DA:84,2
DA:85,2
DA:86,3
DA:87,0
DA:88,0
DA:90,0
DA:94,2
DA:95,0
DA:96,0
DA:97,0
DA:100,1
DA:101,1
DA:102,1
DA:103,1
DA:104,1
DA:105,1
DA:106,1
DA:107,1
DA:108,3
DA:109,1
DA:110,1
DA:111,1
DA:119,0
DA:123,0
DA:124,0
DA:125,0
DA:127,0
DA:128,0
DA:129,0
DA:130,0
DA:131,0
DA:133,0
DA:134,0
DA:135,0
DA:136,0
DA:137,0
DA:138,0
DA:142,0
DA:143,0
DA:146,0
DA:147,0
DA:152,0
DA:154,0
DA:155,0
DA:160,0
DA:169,0
DA:170,0
DA:174,1
DA:175,3
DA:179,1
DA:180,4
DA:182,1
DA:183,1
DA:184,1
DA:189,0
DA:190,0
DA:193,0
DA:194,0
DA:195,0
DA:200,0
DA:201,0
DA:202,0
DA:205,0
DA:206,0
DA:207,0
DA:210,0
DA:214,0
DA:215,0
DA:216,0
DA:217,0
DA:218,0
DA:219,0
DA:220,0
DA:221,0
DA:222,0
DA:223,0
DA:224,0
DA:225,0
DA:226,0
DA:227,0
DA:228,0
DA:229,0
DA:234,0
DA:236,0
DA:237,0
DA:238,0
DA:239,0
DA:242,0
DA:245,0
DA:246,0
DA:247,0
DA:250,0
DA:251,0
DA:259,0
DA:260,0
DA:261,0
DA:263,0
DA:265,0
DA:266,0
DA:267,0
DA:271,0
DA:274,0
DA:276,0
DA:277,0
DA:278,0
DA:280,0
DA:283,2
DA:284,4
DA:285,2
DA:286,6
DA:290,1
DA:291,1
DA:292,1
DA:293,1
DA:294,1
DA:295,1
DA:296,1
DA:297,1
DA:298,1
DA:299,2
DA:300,2
DA:301,1
DA:302,2
DA:303,1
DA:304,3
DA:305,1
DA:310,0
DA:311,0
DA:312,0
DA:313,0
DA:314,0
DA:315,0
DA:316,0
DA:317,0
DA:318,0
DA:319,0
DA:320,0
DA:321,0
DA:322,0
DA:323,0
DA:324,0
DA:326,0
DA:327,0
DA:328,0
DA:329,0
DA:330,0
DA:334,1
DA:337,0
DA:338,0
DA:339,0
DA:341,1
DA:342,2
DA:344,1
DA:346,3
DA:347,3
DA:371,1
DA:381,1
DA:385,1
DA:386,1
DA:388,1
DA:395,0
DA:400,0
DA:401,0
DA:403,0
DA:404,0
DA:410,1
DA:411,3
DA:414,0
DA:415,0
DA:416,0
DA:417,0
DA:418,0
DA:419,0
DA:420,0
DA:421,0
DA:425,0
DA:426,0
DA:427,0
DA:428,0
DA:429,0
DA:430,0
DA:432,0
DA:433,0
DA:434,0
DA:435,0
DA:459,0
DA:496,0
LF:200
LH:69
end_of_record
SF:lib/core/models/collaborative_activity_metrics.dart
DA:38,0
DA:59,0
DA:60,0
DA:61,0
DA:67,0
DA:72,0
DA:83,0
DA:84,0
DA:85,0
DA:89,0
DA:90,0
DA:91,0
DA:95,0
DA:98,0
LF:14
LH:0
end_of_record
SF:lib/core/ai/personality_learning.dart
DA:26,4
DA:27,3
DA:28,6
DA:29,3
DA:31,6
DA:32,0
DA:33,0
DA:38,2
DA:39,4
DA:40,2
DA:42,4
DA:46,0
DA:48,0
DA:76,6
DA:77,6
DA:78,6
DA:80,4
DA:81,4
DA:82,4
DA:85,0
DA:87,0
DA:94,5
DA:96,10
DA:101,5
DA:103,0
DA:104,0
DA:105,0
DA:111,0
DA:114,0
DA:115,0
DA:118,0
DA:122,0
DA:126,0
DA:127,0
DA:128,0
DA:129,0
DA:133,0
DA:138,0
DA:144,5
DA:145,5
DA:146,5
DA:148,5
DA:151,0
DA:154,0
DA:155,0
DA:162,1
DA:168,1
DA:169,1
DA:171,1
DA:172,2
DA:178,1
DA:179,2
DA:181,0
DA:182,0
DA:190,1
DA:191,2
DA:192,2
DA:195,1
DA:196,1
DA:199,2
DA:200,1
DA:201,1
DA:202,4
DA:203,1
DA:208,1
DA:210,1
DA:211,0
DA:212,1
DA:213,1
DA:214,0
DA:215,0
DA:219,0
DA:220,0
DA:221,0
DA:222,0
DA:223,0
DA:224,0
DA:227,2
DA:234,2
DA:237,0
DA:238,0
DA:239,0
DA:241,0
DA:242,0
DA:245,0
DA:247,0
DA:248,0
DA:249,0
DA:253,0
DA:254,0
DA:255,0
DA:256,0
DA:257,0
DA:258,0
DA:259,0
DA:262,0
DA:265,0
DA:266,0
DA:267,0
DA:270,0
DA:271,0
DA:279,0
DA:288,0
DA:289,0
DA:290,0
DA:291,0
DA:293,0
DA:294,0
DA:297,0
DA:299,2
DA:304,1
DA:307,1
DA:315,1
DA:321,1
DA:322,1
DA:324,1
DA:327,1
DA:328,1
DA:329,1
DA:331,2
DA:338,1
DA:339,1
DA:341,3
DA:344,2
DA:346,1
DA:351,1
DA:354,1
DA:357,1
DA:359,1
DA:360,1
DA:361,1
DA:362,1
DA:363,1
DA:364,1
DA:369,1
DA:370,1
DA:371,1
DA:372,2
DA:376,2
DA:377,2
DA:378,1
DA:379,2
DA:380,1
DA:381,2
DA:385,2
DA:388,1
DA:389,1
DA:390,1
DA:391,1
DA:392,2
DA:393,1
DA:394,2
DA:399,1
DA:400,1
DA:401,1
DA:402,1
DA:403,2
DA:404,1
DA:405,2
DA:410,1
DA:411,1
DA:412,1
DA:413,1
DA:414,2
DA:415,1
DA:416,2
DA:421,1
DA:422,1
DA:423,1
DA:424,1
DA:425,2
DA:426,1
DA:427,2
DA:432,2
DA:433,1
DA:434,1
DA:435,2
DA:436,1
DA:437,2
DA:441,2
DA:442,2
DA:449,1
DA:450,1
DA:451,1
DA:452,2
DA:453,2
DA:454,1
DA:455,1
DA:457,1
DA:460,1
DA:463,1
DA:466,2
DA:469,1
DA:477,1
DA:486,1
DA:487,1
DA:488,1
DA:491,3
DA:492,1
DA:493,1
DA:496,3
DA:497,1
DA:498,1
DA:500,2
DA:508,2
DA:509,4
DA:510,3
DA:511,3
DA:512,3
DA:513,3
DA:514,3
DA:516,2
DA:519,2
DA:523,0
DA:524,0
DA:525,0
DA:526,0
DA:527,0
DA:534,0
DA:535,0
DA:536,0
DA:537,0
DA:541,0
DA:542,0
DA:543,0
DA:544,0
DA:548,1
DA:550,1
DA:551,1
DA:552,1
DA:553,1
DA:554,0
DA:555,0
DA:556,0
DA:557,0
DA:558,0
DA:559,0
DA:560,0
DA:561,0
DA:570,4
DA:578,13
DA:580,3
DA:583,3
DA:587,0
DA:590,3
DA:599,12
DA:603,4
DA:604,4
DA:610,0
DA:611,0
DA:612,0
DA:618,4
DA:619,8
DA:620,4
DA:621,8
DA:625,4
DA:628,4
DA:630,12
DA:636,4
DA:644,4
DA:646,16
DA:647,4
DA:650,4
DA:651,8
DA:653,12
DA:657,4
DA:660,4
DA:662,0
DA:664,0
DA:671,0
DA:672,0
DA:674,4
DA:681,1
DA:686,1
DA:687,1
DA:690,1
DA:691,0
DA:694,0
DA:697,1
DA:700,3
DA:705,1
DA:706,3
DA:709,2
DA:714,0
DA:720,0
DA:721,0
DA:722,0
DA:725,0
DA:726,0
DA:732,1
DA:736,2
DA:739,0
DA:740,0
DA:744,2
DA:750,1
DA:751,1
DA:753,1
DA:754,2
DA:758,1
DA:761,1
DA:763,0
DA:765,0
DA:772,0
DA:774,0
DA:776,1
DA:781,1
DA:782,4
DA:783,1
DA:786,0
DA:790,0
DA:793,0
DA:794,0
DA:799,0
DA:801,0
DA:802,0
DA:807,1
DA:808,1
DA:810,0
DA:813,0
DA:817,1
DA:821,1
DA:822,0
DA:824,1
DA:825,3
DA:829,3
DA:830,6
DA:831,2
DA:834,1
DA:835,0
DA:837,1
DA:838,3
DA:842,2
DA:843,0
DA:845,1
DA:846,4
DA:850,2
DA:851,0
DA:853,1
DA:854,2
DA:857,1
DA:858,1
DA:865,0
DA:866,0
DA:868,0
DA:869,0
DA:870,0
DA:872,0
DA:874,0
DA:878,5
DA:880,15
DA:885,1
DA:886,1
DA:888,0
DA:893,0
DA:898,5
DA:901,10
DA:902,10
DA:903,10
DA:907,5
DA:908,10
DA:911,0
DA:916,4
DA:918,8
DA:920,8
DA:921,0
DA:929,0
DA:930,0
DA:933,0
DA:934,0
DA:935,0
DA:936,0
DA:939,0
DA:943,8
DA:949,4
DA:951,4
DA:953,4
DA:954,4
DA:956,4
DA:959,12
DA:960,0
DA:965,8
DA:966,4
DA:967,0
DA:972,8
DA:973,12
DA:977,8
DA:978,4
DA:981,8
DA:982,12
DA:985,8
DA:986,12
DA:989,1
DA:990,0
DA:991,0
DA:994,1
DA:995,0
DA:996,0
DA:999,1
DA:1000,1
DA:1001,1
DA:1004,0
DA:1005,0
DA:1008,0
DA:1009,0
DA:1016,4
DA:1019,4
DA:1024,4
DA:1025,4
DA:1026,4
DA:1027,12
DA:1028,0
DA:1032,8
DA:1033,0
DA:1035,8
DA:1036,0
DA:1038,8
DA:1039,0
DA:1041,8
DA:1042,1
DA:1046,1
DA:1047,0
DA:1048,0
DA:1049,0
DA:1052,1
DA:1053,0
DA:1054,0
DA:1057,1
DA:1058,2
DA:1061,0
DA:1062,0
DA:1063,0
DA:1066,0
DA:1067,0
DA:1074,4
DA:1075,4
DA:1079,4
DA:1080,4
DA:1083,4
DA:1085,2
DA:1086,1
DA:1088,1
DA:1089,0
DA:1092,4
DA:1095,8
DA:1096,4
DA:1106,16
DA:1111,1
DA:1113,0
DA:1114,0
DA:1119,1
DA:1124,1
DA:1125,1
DA:1126,2
DA:1130,0
DA:1131,0
DA:1132,0
DA:1134,0
DA:1137,0
DA:1139,0
DA:1142,1
DA:1143,1
DA:1144,3
DA:1147,1
DA:1150,1
DA:1157,1
DA:1158,1
DA:1166,1
DA:1167,4
DA:1168,5
DA:1169,1
DA:1170,1
DA:1172,3
DA:1184,482
DA:1196,0
DA:1209,4
DA:1231,2
DA:1253,1
DA:1266,0
DA:1278,0
DA:1282,0
DA:1285,0
DA:1289,0
DA:1290,0
DA:1292,0
DA:1294,0
DA:1296,0
DA:1298,0
DA:1300,0
DA:1305,0
DA:1307,0
DA:1308,0
LF:491
LH:305
end_of_record
SF:lib/core/ai/continuous_learning_system.dart
DA:68,12
DA:69,8
DA:70,3
DA:71,2
DA:72,2
DA:73,2
DA:74,4
DA:78,5
DA:80,5
DA:82,5
DA:83,2
DA:88,5
DA:91,10
DA:92,17
DA:93,2
DA:96,5
DA:97,5
DA:99,0
DA:104,4
DA:106,4
DA:108,8
DA:109,4
DA:110,4
DA:111,4
DA:114,4
DA:116,4
DA:118,0
DA:123,3
DA:125,3
DA:126,3
DA:127,2
DA:128,2
DA:129,1
DA:130,1
DA:131,3
DA:132,2
DA:133,1
DA:140,9
DA:142,3
DA:145,3
DA:146,3
DA:149,3
DA:150,3
DA:157,0
DA:158,0
DA:160,0
DA:169,3
DA:171,6
DA:173,0
DA:174,0
DA:179,1
DA:181,3
DA:183,2
DA:186,3
DA:188,6
DA:189,2
DA:191,3
DA:192,5
DA:194,1
DA:197,5
DA:198,1
DA:199,1
DA:202,0
DA:203,0
DA:206,0
DA:214,3
DA:216,3
DA:218,6
DA:224,7
DA:225,5
DA:226,2
DA:228,1
DA:229,0
DA:230,0
DA:231,0
DA:238,3
DA:240,6
DA:244,3
DA:248,3
DA:250,15
DA:251,15
DA:254,0
DA:255,0
DA:256,0
DA:265,2
DA:268,2
DA:271,4
DA:272,2
DA:276,2
DA:279,2
DA:282,2
DA:285,0
DA:290,2
DA:292,2
DA:293,2
DA:294,2
DA:295,2
DA:296,2
DA:297,2
DA:298,2
DA:299,2
DA:300,2
DA:301,2
DA:303,2
DA:314,2
DA:317,0
DA:318,0
DA:323,2
DA:325,4
DA:326,2
DA:329,2
DA:332,4
DA:333,4
DA:335,4
DA:338,2
DA:341,0
DA:346,2
DA:348,2
DA:349,2
DA:350,2
DA:351,2
DA:352,2
DA:353,2
DA:354,2
DA:355,2
DA:356,2
DA:357,2
DA:358,2
DA:359,2
DA:360,2
DA:361,2
DA:362,2
DA:363,2
DA:364,2
DA:365,2
DA:366,2
DA:367,2
DA:374,2
DA:378,4
DA:379,0
DA:380,0
DA:381,0
DA:385,4
DA:386,4
DA:387,4
DA:391,4
DA:392,0
DA:393,0
DA:397,4
DA:398,0
DA:399,0
DA:403,4
DA:404,0
DA:405,0
DA:408,2
DA:412,2
DA:416,4
DA:417,0
DA:418,0
DA:419,0
DA:423,4
DA:424,0
DA:425,0
DA:426,0
DA:430,8
DA:431,0
DA:432,0
DA:433,0
DA:436,2
DA:440,2
DA:444,4
DA:445,4
DA:446,4
DA:447,6
DA:451,4
DA:452,0
DA:453,0
DA:457,4
DA:458,0
DA:459,0
DA:460,0
DA:463,2
DA:467,2
DA:471,4
DA:472,0
DA:473,0
DA:474,0
DA:478,4
DA:479,0
DA:480,0
DA:484,4
DA:485,0
DA:486,0
DA:487,0
DA:490,2
DA:494,2
DA:498,4
DA:499,0
DA:500,0
DA:504,4
DA:505,0
DA:506,0
DA:510,4
DA:511,0
DA:512,0
DA:515,2
DA:519,2
DA:523,4
DA:524,0
DA:525,0
DA:526,0
DA:530,4
DA:531,0
DA:532,0
DA:536,4
DA:537,0
DA:538,0
DA:541,2
DA:545,2
DA:549,4
DA:550,0
DA:551,0
DA:555,4
DA:556,0
DA:557,0
DA:561,4
DA:562,0
DA:563,0
DA:566,2
DA:570,2
DA:574,4
DA:575,0
DA:576,0
DA:580,4
DA:581,0
DA:582,0
DA:586,4
DA:587,4
DA:588,4
DA:592,4
DA:593,0
DA:594,0
DA:598,4
DA:599,0
DA:600,0
DA:603,2
DA:607,2
DA:611,4
DA:612,0
DA:613,0
DA:617,4
DA:618,0
DA:619,0
DA:623,4
DA:624,0
DA:625,0
DA:629,4
DA:630,0
DA:631,0
DA:634,2
DA:638,2
DA:642,4
DA:643,0
DA:644,0
DA:648,4
DA:649,0
DA:650,0
DA:654,4
DA:655,0
DA:656,0
DA:659,2
DA:663,2
DA:664,2
DA:667,2
DA:668,2
DA:671,4
DA:672,0
DA:674,6
DA:677,8
DA:678,0
DA:683,2
DA:685,2
DA:687,4
DA:688,4
DA:689,4
DA:690,10
DA:691,4
DA:692,4
DA:693,10
DA:694,4
DA:695,4
DA:696,4
DA:698,2
DA:700,4
DA:701,12
DA:705,2
DA:707,2
DA:710,2
DA:711,2
DA:717,2
DA:719,0
DA:724,2
DA:725,2
DA:728,6
DA:731,4
DA:734,4
DA:737,4
DA:743,2
DA:744,2
DA:746,4
DA:747,4
DA:748,2
DA:749,10
DA:750,12
DA:758,2
DA:759,2
DA:760,2
DA:763,6
DA:764,4
DA:765,10
DA:770,4
DA:771,4
DA:772,4
DA:773,8
DA:774,2
DA:776,2
DA:777,16
DA:778,2
DA:786,2
DA:787,4
DA:788,4
DA:789,2
DA:790,2
DA:791,12
DA:792,4
DA:798,2
DA:801,2
DA:804,2
DA:807,0
DA:810,0
DA:813,4
DA:818,2
DA:819,2
DA:821,4
DA:822,4
DA:823,2
DA:824,10
DA:825,10
DA:826,2
DA:828,6
DA:836,2
DA:837,4
DA:839,18
DA:840,18
DA:842,2
DA:846,2
DA:847,4
DA:848,2
DA:849,2
DA:853,2
DA:855,0
DA:856,2
DA:858,2
DA:865,4
DA:868,2
DA:873,0
DA:875,0
DA:878,0
DA:879,0
DA:880,0
DA:881,0
DA:883,0
DA:887,0
DA:889,0
DA:892,0
DA:893,0
DA:894,0
DA:895,0
DA:897,0
DA:898,0
DA:903,5
DA:904,10
DA:905,10
DA:906,15
DA:907,10
DA:912,4
DA:914,4
DA:921,2
DA:923,2
DA:933,2
DA:944,0
DA:945,0
DA:951,2
DA:953,2
DA:956,2
DA:958,0
DA:959,0
DA:963,0
DA:964,0
DA:965,0
DA:966,0
DA:967,0
DA:968,0
DA:972,0
DA:973,0
DA:974,0
DA:979,0
DA:983,0
DA:985,0
DA:988,0
DA:989,0
DA:990,0
DA:991,0
DA:992,0
DA:993,0
DA:994,0
DA:995,0
DA:999,0
DA:1001,0
DA:1012,4
DA:1013,2
DA:1019,2
DA:1021,2
DA:1022,2
DA:1023,2
DA:1026,0
DA:1029,0
DA:1030,0
DA:1031,0
DA:1032,0
DA:1035,0
DA:1036,0
DA:1037,0
DA:1041,0
DA:1042,0
DA:1043,0
DA:1046,0
DA:1047,0
DA:1049,0
DA:1051,0
DA:1052,0
DA:1053,0
DA:1054,0
DA:1055,0
DA:1056,0
DA:1057,0
DA:1058,0
DA:1061,0
DA:1064,0
DA:1066,0
DA:1069,0
DA:1074,0
DA:1075,0
DA:1076,0
DA:1079,0
DA:1080,0
DA:1081,0
DA:1084,0
DA:1085,0
DA:1086,0
DA:1088,0
DA:1089,0
DA:1090,0
DA:1091,0
DA:1092,0
DA:1097,0
DA:1103,0
DA:1104,0
DA:1109,2
DA:1112,2
DA:1113,2
DA:1114,2
DA:1115,2
DA:1116,2
DA:1117,2
DA:1118,2
DA:1119,2
DA:1120,2
DA:1121,4
DA:1122,4
DA:1126,0
DA:1127,0
DA:1132,2
DA:1133,2
DA:1134,2
DA:1135,2
DA:1141,2
DA:1143,2
DA:1159,2
DA:1163,0
DA:1164,0
DA:1169,2
DA:1180,2
DA:1182,0
DA:1183,0
DA:1189,2
DA:1191,2
DA:1210,4
DA:1211,4
DA:1216,2
DA:1219,0
DA:1220,0
DA:1226,2
DA:1228,2
DA:1244,2
DA:1248,0
DA:1249,0
DA:1254,2
DA:1264,2
DA:1266,0
DA:1267,0
DA:1272,2
DA:1283,2
DA:1285,0
DA:1286,0
DA:1292,0
DA:1293,0
DA:1294,2
DA:1295,0
DA:1296,0
DA:1297,0
DA:1298,0
DA:1299,0
DA:1300,0
DA:1301,0
DA:1302,2
DA:1303,2
DA:1304,0
DA:1305,0
DA:1306,0
DA:1307,0
DA:1308,0
DA:1309,0
DA:1310,0
DA:1311,0
DA:1312,0
DA:1313,0
DA:1314,0
DA:1315,0
DA:1316,0
DA:1317,0
DA:1318,0
DA:1319,0
DA:1320,0
DA:1321,0
DA:1322,2
DA:1323,0
DA:1324,0
DA:1325,0
DA:1326,0
DA:1327,0
DA:1328,0
DA:1329,0
DA:1330,0
DA:1331,0
DA:1349,2
DA:1363,0
DA:1364,0
DA:1365,0
DA:1366,0
DA:1367,0
DA:1368,0
DA:1369,0
DA:1370,0
DA:1371,0
DA:1372,0
DA:1373,0
DA:1374,0
DA:1375,0
DA:1386,2
DA:1403,3
DA:1419,1
DA:1433,3
DA:1446,3
LF:574
LH:329
end_of_record
SF:lib/weather_config.dart
DA:17,4
DA:26,0
DA:27,0
DA:46,0
DA:47,0
DA:51,0
DA:52,0
LF:7
LH:1
end_of_record
SF:lib/core/ai/feedback_learning.dart
DA:27,1
DA:34,1
DA:39,2
DA:40,1
DA:41,3
DA:45,1
DA:49,1
DA:52,1
DA:55,2
DA:56,0
DA:61,1
DA:64,1
DA:65,0
DA:66,0
DA:67,0
DA:68,0
DA:72,1
DA:81,1
DA:83,1
DA:90,1
DA:91,1
DA:95,2
DA:96,1
DA:99,1
DA:100,4
DA:104,0
DA:105,0
DA:110,0
DA:113,0
DA:116,0
DA:117,0
DA:118,0
DA:120,0
DA:123,0
DA:127,0
DA:128,0
DA:131,0
DA:132,0
DA:135,0
DA:136,0
DA:139,0
DA:140,0
DA:144,0
DA:145,0
DA:147,0
DA:151,0
DA:153,0
DA:158,0
DA:163,0
DA:166,0
DA:170,0
DA:171,0
DA:175,0
DA:176,0
DA:180,0
DA:181,0
DA:185,0
DA:186,0
DA:190,0
DA:192,0
DA:193,0
DA:197,0
DA:198,0
DA:203,0
DA:208,0
DA:211,0
DA:212,0
DA:214,0
DA:215,0
DA:217,0
DA:221,0
DA:223,0
DA:225,0
DA:229,0
DA:230,0
DA:234,0
DA:237,0
DA:244,0
DA:248,0
DA:253,0
DA:254,0
DA:257,0
DA:258,0
DA:262,0
DA:263,0
DA:268,0
DA:270,0
DA:273,0
DA:274,0
DA:275,0
DA:279,0
DA:283,0
DA:286,0
DA:292,0
DA:294,0
DA:300,0
DA:303,0
DA:304,0
DA:308,0
DA:309,0
DA:314,1
DA:316,3
DA:317,1
DA:318,2
DA:321,2
DA:322,0
DA:326,1
DA:329,1
DA:333,1
DA:336,1
DA:337,1
DA:338,2
DA:339,2
DA:340,0
DA:341,0
DA:342,0
DA:346,0
DA:347,0
DA:348,0
DA:349,0
DA:350,0
DA:351,0
DA:355,0
DA:356,0
DA:357,0
DA:360,0
DA:361,0
DA:362,0
DA:365,0
DA:366,0
DA:367,0
DA:368,0
DA:375,1
DA:376,1
DA:377,3
DA:380,0
DA:381,0
DA:383,0
DA:384,0
DA:385,0
DA:386,0
DA:390,0
DA:391,0
DA:396,0
DA:398,0
DA:399,0
DA:403,0
DA:404,0
DA:405,0
DA:407,0
DA:408,0
DA:409,0
DA:410,0
DA:412,0
DA:415,0
DA:419,0
DA:422,0
DA:423,0
DA:427,1
DA:432,1
DA:435,2
DA:436,0
DA:437,0
DA:438,3
DA:439,0
DA:440,0
DA:444,2
DA:445,0
DA:449,2
DA:450,0
DA:451,0
DA:452,0
DA:458,1
DA:464,1
DA:467,2
DA:469,1
DA:470,0
DA:471,0
DA:472,0
DA:473,0
DA:474,1
DA:475,1
DA:476,0
DA:477,0
DA:478,0
DA:479,0
DA:480,1
DA:481,0
DA:482,0
DA:487,1
DA:488,0
DA:489,0
DA:495,1
DA:500,1
DA:503,2
DA:504,0
DA:508,0
DA:511,3
DA:512,0
DA:516,0
DA:522,2
DA:523,0
DA:533,2
DA:535,0
DA:536,0
DA:537,0
DA:550,1
DA:555,3
DA:558,2
DA:559,1
DA:563,2
DA:564,1
DA:567,1
DA:570,1
DA:572,2
DA:574,0
DA:576,0
DA:577,0
DA:578,0
DA:582,0
DA:585,0
DA:586,0
DA:592,1
DA:594,2
DA:595,2
DA:600,0
DA:601,0
DA:603,0
DA:605,0
DA:606,0
DA:607,0
DA:611,0
DA:614,0
DA:617,1
DA:619,2
DA:620,1
DA:621,5
DA:622,2
DA:623,1
DA:624,2
DA:627,0
DA:631,0
DA:633,0
DA:634,0
DA:639,0
DA:640,0
DA:642,0
DA:644,0
DA:645,0
DA:649,0
DA:652,0
DA:655,0
DA:657,0
DA:658,0
DA:659,0
DA:660,0
DA:662,0
DA:666,0
DA:668,0
DA:669,0
DA:674,0
DA:675,0
DA:677,0
DA:678,0
DA:679,0
DA:680,0
DA:683,0
DA:686,0
DA:689,0
DA:691,0
DA:692,0
DA:693,0
DA:694,0
DA:696,0
DA:702,0
DA:704,0
DA:708,0
DA:709,0
DA:712,0
DA:713,0
DA:716,0
DA:717,0
DA:718,0
DA:719,0
DA:721,0
DA:722,0
DA:723,0
DA:724,0
DA:726,0
DA:728,0
DA:730,0
DA:732,0
DA:734,0
DA:741,0
DA:746,0
DA:748,0
DA:751,0
DA:752,0
DA:753,0
DA:754,0
DA:759,0
DA:761,0
DA:763,0
DA:764,0
DA:766,0
DA:768,0
DA:772,0
DA:774,0
DA:776,0
DA:779,0
DA:782,0
DA:787,0
DA:789,0
DA:792,0
DA:793,0
DA:794,0
DA:801,0
DA:803,0
DA:804,0
DA:806,0
DA:808,0
DA:814,0
DA:816,0
DA:817,0
DA:819,0
DA:822,0
DA:827,0
DA:829,0
DA:835,0
DA:836,0
DA:837,0
DA:838,0
DA:841,0
DA:842,0
DA:846,0
DA:848,0
DA:849,0
DA:851,0
DA:853,0
DA:858,0
DA:859,0
DA:864,0
DA:866,0
DA:872,0
DA:874,0
DA:876,0
DA:877,0
DA:881,0
DA:883,0
DA:885,0
DA:887,0
DA:889,0
DA:895,0
DA:900,0
DA:902,0
DA:904,0
DA:907,0
DA:908,0
DA:912,0
DA:913,0
DA:914,0
DA:917,0
DA:918,0
DA:921,0
DA:922,0
DA:923,0
DA:924,0
DA:930,0
DA:932,0
DA:934,0
DA:937,0
DA:938,0
DA:939,0
DA:942,0
DA:943,0
DA:944,0
DA:946,0
DA:947,0
DA:948,0
DA:950,0
DA:951,0
DA:953,0
DA:958,0
DA:959,0
DA:960,0
DA:966,0
DA:968,0
DA:970,0
DA:973,0
DA:974,0
DA:975,0
DA:981,0
DA:982,0
DA:983,0
DA:984,0
DA:985,0
DA:989,0
DA:990,0
DA:994,0
DA:995,0
DA:996,0
DA:1002,0
DA:1004,0
DA:1006,0
DA:1009,0
DA:1010,0
DA:1013,0
DA:1014,0
DA:1015,0
DA:1016,0
DA:1018,0
DA:1019,0
DA:1020,0
DA:1021,0
DA:1023,0
DA:1024,0
DA:1028,0
DA:1029,0
DA:1030,0
DA:1036,0
DA:1037,0
DA:1038,0
DA:1040,0
DA:1041,0
DA:1045,0
DA:1050,0
DA:1052,0
DA:1056,0
DA:1057,0
DA:1063,0
DA:1065,0
DA:1069,0
DA:1072,0
DA:1073,0
DA:1079,0
DA:1081,0
DA:1084,0
DA:1087,0
DA:1092,0
DA:1093,0
DA:1095,0
DA:1097,0
DA:1098,0
DA:1104,0
DA:1106,0
DA:1108,0
DA:1116,0
DA:1118,0
DA:1119,0
DA:1120,0
DA:1126,0
DA:1130,0
DA:1132,0
DA:1137,0
DA:1148,1
DA:1156,1
DA:1157,1
DA:1158,2
DA:1159,1
DA:1160,1
DA:1161,1
DA:1162,2
DA:1166,0
DA:1167,0
DA:1168,0
DA:1169,0
DA:1170,0
DA:1172,0
DA:1173,0
DA:1174,0
DA:1175,0
DA:1198,1
DA:1209,0
DA:1211,0
DA:1214,0
DA:1215,0
DA:1216,0
DA:1217,0
DA:1218,0
DA:1233,1
DA:1243,1
DA:1244,1
DA:1246,1
DA:1255,0
DA:1256,0
DA:1257,0
DA:1259,0
DA:1260,0
DA:1261,0
DA:1262,0
DA:1263,0
DA:1264,0
DA:1268,0
DA:1269,0
DA:1270,0
DA:1272,0
DA:1273,0
DA:1274,0
DA:1275,0
DA:1276,0
DA:1278,0
DA:1281,0
DA:1282,0
DA:1283,0
DA:1284,0
DA:1285,0
DA:1296,0
DA:1303,0
DA:1304,0
DA:1305,0
DA:1306,0
DA:1307,0
DA:1308,0
DA:1312,0
DA:1313,0
DA:1314,0
DA:1316,0
DA:1317,0
DA:1318,0
DA:1331,0
DA:1340,0
DA:1341,0
DA:1345,0
DA:1347,0
DA:1362,0
DA:1373,0
DA:1374,0
DA:1377,0
DA:1378,0
DA:1379,0
DA:1385,0
DA:1386,0
DA:1387,0
DA:1398,0
DA:1414,0
DA:1427,0
LF:536
LH:87
end_of_record
SF:lib/core/models/multi_path_expertise.dart
DA:52,5
DA:72,0
DA:73,0
DA:74,0
DA:75,0
DA:76,0
DA:77,0
DA:78,0
DA:79,0
DA:80,0
DA:81,0
DA:82,0
DA:83,0
DA:84,0
DA:85,0
DA:86,0
DA:87,0
DA:88,0
DA:89,0
DA:90,0
DA:94,0
DA:95,0
DA:96,0
DA:97,0
DA:98,0
DA:99,0
DA:100,0
DA:101,0
DA:102,0
DA:103,0
DA:104,0
DA:105,0
DA:106,0
DA:107,0
DA:108,0
DA:109,0
DA:110,0
DA:111,0
DA:112,0
DA:116,0
DA:117,0
DA:118,0
DA:119,0
DA:120,0
DA:121,0
DA:122,0
DA:123,0
DA:124,0
DA:125,0
DA:126,0
DA:127,0
DA:128,0
DA:129,0
DA:130,0
DA:131,0
DA:132,0
DA:133,0
DA:134,0
DA:173,3
DA:191,0
DA:192,0
DA:193,0
DA:194,0
DA:195,0
DA:196,0
DA:197,0
DA:198,0
DA:199,0
DA:200,0
DA:201,0
DA:202,0
DA:203,0
DA:204,0
DA:205,0
DA:206,0
DA:207,0
DA:211,0
DA:212,0
DA:213,0
DA:214,0
DA:215,0
DA:216,0
DA:217,0
DA:218,0
DA:219,0
DA:220,0
DA:221,0
DA:222,0
DA:223,0
DA:224,0
DA:225,0
DA:226,0
DA:227,0
DA:228,0
DA:229,0
DA:230,0
DA:231,0
DA:232,0
DA:233,0
DA:234,0
DA:235,0
DA:236,0
DA:238,0
DA:239,0
DA:240,0
DA:241,0
DA:242,0
DA:246,0
DA:247,0
DA:248,0
DA:249,0
DA:250,0
DA:251,0
DA:252,0
DA:253,0
DA:254,0
DA:255,0
DA:256,0
DA:257,0
DA:258,0
DA:259,0
DA:260,0
DA:261,0
DA:262,0
DA:294,4
DA:311,0
DA:312,0
DA:313,0
DA:314,0
DA:315,0
DA:316,0
DA:317,0
DA:318,0
DA:319,0
DA:321,0
DA:322,0
DA:323,0
DA:324,0
DA:325,0
DA:326,0
DA:327,0
DA:331,0
DA:332,0
DA:333,0
DA:334,0
DA:335,0
DA:336,0
DA:337,0
DA:338,0
DA:339,0
DA:340,0
DA:341,0
DA:343,0
DA:344,0
DA:345,0
DA:346,0
DA:347,0
DA:348,0
DA:349,0
DA:350,0
DA:354,0
DA:355,0
DA:356,0
DA:357,0
DA:358,0
DA:359,0
DA:360,0
DA:361,0
DA:362,0
DA:363,0
DA:364,0
DA:365,0
DA:366,0
DA:367,0
DA:368,0
DA:369,0
DA:402,3
DA:418,0
DA:419,0
DA:420,0
DA:421,0
DA:422,0
DA:423,0
DA:424,0
DA:426,0
DA:427,0
DA:428,0
DA:429,0
DA:430,0
DA:431,0
DA:432,0
DA:433,0
DA:437,0
DA:438,0
DA:439,0
DA:440,0
DA:441,0
DA:442,0
DA:443,0
DA:444,0
DA:445,0
DA:446,0
DA:447,0
DA:448,0
DA:449,0
DA:450,0
DA:451,0
DA:452,0
DA:453,0
DA:454,0
DA:455,0
DA:456,0
DA:458,0
DA:459,0
DA:460,0
DA:461,0
DA:462,0
DA:466,0
DA:467,0
DA:468,0
DA:469,0
DA:470,0
DA:471,0
DA:472,0
DA:473,0
DA:474,0
DA:475,0
DA:476,0
DA:477,0
DA:478,0
DA:479,0
DA:480,0
DA:516,3
DA:533,0
DA:534,0
DA:535,0
DA:536,0
DA:537,0
DA:538,0
DA:539,0
DA:540,0
DA:541,0
DA:542,0
DA:543,0
DA:544,0
DA:545,0
DA:546,0
DA:547,0
DA:548,0
DA:552,0
DA:553,0
DA:554,0
DA:555,0
DA:556,0
DA:557,0
DA:558,0
DA:559,0
DA:560,0
DA:562,0
DA:563,0
DA:564,0
DA:565,0
DA:566,0
DA:567,0
DA:568,0
DA:572,0
DA:573,0
DA:574,0
DA:575,0
DA:576,0
DA:577,0
DA:578,0
DA:579,0
DA:580,0
DA:581,0
DA:582,0
DA:583,0
DA:584,0
DA:585,0
DA:586,0
DA:587,0
DA:624,5
DA:644,0
DA:645,0
DA:646,0
DA:647,0
DA:648,0
DA:649,0
DA:650,0
DA:651,0
DA:652,0
DA:653,0
DA:654,0
DA:655,0
DA:656,0
DA:657,0
DA:658,0
DA:659,0
DA:660,0
DA:661,0
DA:662,0
DA:666,0
DA:667,0
DA:668,0
DA:669,0
DA:670,0
DA:671,0
DA:672,0
DA:673,0
DA:674,0
DA:675,0
DA:676,0
DA:677,0
DA:678,0
DA:679,0
DA:680,0
DA:682,0
DA:683,0
DA:684,0
DA:685,0
DA:686,0
DA:690,1
DA:691,1
DA:692,1
DA:693,1
DA:694,1
DA:695,1
DA:696,1
DA:697,1
DA:698,1
DA:699,1
DA:700,1
DA:701,1
DA:702,1
DA:703,1
DA:704,1
DA:705,1
DA:706,1
DA:707,1
DA:708,1
DA:723,2
DA:732,0
DA:733,0
DA:734,0
DA:735,0
DA:736,0
DA:737,0
DA:738,0
DA:739,0
DA:743,0
DA:744,0
DA:745,0
DA:746,0
DA:747,0
DA:748,0
DA:749,0
DA:750,0
DA:754,0
DA:755,0
DA:756,0
DA:757,0
DA:758,0
DA:759,0
DA:760,0
DA:761,0
DA:774,1
DA:783,0
DA:784,0
DA:785,0
DA:786,0
DA:787,0
DA:788,0
DA:789,0
DA:790,0
DA:794,0
DA:795,0
DA:796,0
DA:797,0
DA:798,0
DA:799,0
DA:800,0
DA:802,0
DA:803,0
DA:807,0
DA:808,0
DA:809,0
DA:810,0
DA:811,0
DA:812,0
DA:813,0
DA:814,0
DA:827,0
DA:836,0
DA:837,0
DA:838,0
DA:839,0
DA:840,0
DA:841,0
DA:842,0
DA:843,0
DA:847,0
DA:848,0
DA:849,0
DA:850,0
DA:851,0
DA:852,0
DA:853,0
DA:854,0
DA:858,0
DA:859,0
DA:860,0
DA:861,0
DA:862,0
DA:863,0
DA:864,0
DA:865,0
DA:878,0
DA:887,0
DA:888,0
DA:889,0
DA:890,0
DA:891,0
DA:892,0
DA:893,0
DA:894,0
DA:898,0
DA:899,0
DA:900,0
DA:901,0
DA:902,0
DA:903,0
DA:904,0
DA:905,0
DA:909,0
DA:910,0
DA:911,0
DA:912,0
DA:913,0
DA:914,0
DA:915,0
DA:916,0
DA:930,0
DA:940,0
DA:941,0
DA:942,0
DA:943,0
DA:944,0
DA:945,0
DA:946,0
DA:947,0
DA:948,0
DA:952,0
DA:953,0
DA:954,0
DA:955,0
DA:956,0
DA:957,0
DA:958,0
DA:959,0
DA:960,0
DA:964,0
DA:965,0
DA:966,0
DA:967,0
DA:968,0
DA:969,0
DA:970,0
DA:971,0
DA:972,0
DA:987,1
DA:998,0
DA:999,0
DA:1000,0
DA:1001,0
DA:1002,0
DA:1003,0
DA:1004,0
DA:1005,0
DA:1006,0
DA:1007,0
DA:1011,0
DA:1012,0
DA:1013,0
DA:1014,0
DA:1015,0
DA:1016,0
DA:1017,0
DA:1018,0
DA:1020,0
DA:1021,0
DA:1022,0
DA:1026,0
DA:1027,0
DA:1028,0
DA:1029,0
DA:1030,0
DA:1031,0
DA:1032,0
DA:1033,0
DA:1034,0
DA:1035,0
DA:1047,0
DA:1055,0
DA:1056,0
DA:1057,0
DA:1058,0
DA:1059,0
DA:1060,0
DA:1061,0
DA:1065,0
DA:1066,0
DA:1067,0
DA:1068,0
DA:1069,0
DA:1070,0
DA:1071,0
DA:1072,0
DA:1077,0
DA:1078,0
DA:1090,0
DA:1099,0
DA:1100,0
DA:1101,0
DA:1102,0
DA:1103,0
DA:1104,0
DA:1105,0
DA:1106,0
DA:1110,0
DA:1111,0
DA:1112,0
DA:1113,0
DA:1114,0
DA:1115,0
DA:1116,0
DA:1117,0
DA:1121,0
DA:1122,0
DA:1123,0
DA:1124,0
DA:1125,0
DA:1126,0
DA:1127,0
DA:1128,0
LF:544
LH:28
end_of_record
SF:lib/core/models/outcome_result.dart
DA:15,0
DA:25,0
DA:36,0
DA:41,0
DA:46,0
DA:57,0
DA:68,0
DA:76,0
DA:78,0
DA:84,0
DA:94,0
DA:95,0
DA:96,0
DA:97,0
DA:98,0
DA:99,0
DA:100,0
DA:101,0
DA:105,0
DA:106,0
DA:107,0
DA:108,0
DA:109,0
DA:110,0
DA:111,0
DA:113,0
DA:114,0
DA:115,0
LF:28
LH:0
end_of_record
SF:lib/core/services/golden_expert_ai_influence_service.dart
DA:45,2
DA:48,2
DA:53,4
DA:56,4
DA:59,2
DA:61,4
DA:62,2
DA:68,0
DA:85,2
DA:90,2
DA:94,2
DA:97,2
DA:98,1
DA:99,3
DA:102,2
DA:103,1
DA:104,3
DA:107,2
DA:108,1
DA:109,3
DA:112,4
DA:113,2
DA:119,0
DA:136,2
DA:141,2
DA:145,2
DA:148,2
DA:149,1
DA:150,1
DA:152,2
DA:153,1
DA:154,3
DA:157,1
DA:160,2
DA:161,1
DA:162,1
DA:164,2
DA:165,1
DA:166,3
DA:169,1
DA:172,4
DA:173,2
DA:179,0
DA:196,1
DA:201,1
DA:205,1
DA:208,1
DA:209,1
DA:210,3
DA:213,1
DA:214,1
DA:215,3
DA:218,1
DA:219,1
DA:220,3
DA:223,2
DA:224,1
DA:230,0
DA:246,2
DA:252,4
LF:60
LH:56
end_of_record
SF:lib/core/services/personality_sync_service.dart
DA:40,2
DA:43,0
DA:47,2
DA:48,4
DA:49,4
DA:50,2
DA:57,2
DA:60,4
DA:63,4
DA:66,6
DA:67,4
DA:70,2
DA:71,2
DA:73,6
DA:76,0
DA:88,2
DA:93,2
DA:96,4
DA:97,2
DA:100,2
DA:103,4
DA:104,2
DA:106,2
DA:107,2
DA:110,2
DA:115,2
DA:116,2
DA:119,12
DA:120,4
DA:121,10
DA:122,2
DA:123,6
DA:124,2
DA:129,2
DA:131,6
DA:134,0
DA:146,2
DA:151,2
DA:154,2
DA:157,6
DA:159,0
DA:163,2
DA:164,6
DA:165,6
DA:168,4
DA:169,2
DA:171,2
DA:172,2
DA:175,2
DA:180,2
DA:183,4
DA:184,0
DA:189,2
DA:190,2
DA:193,2
DA:195,2
DA:198,2
DA:211,1
DA:218,1
DA:220,2
DA:224,0
DA:227,0
DA:228,0
DA:230,0
DA:232,0
DA:233,0
DA:234,0
DA:235,0
DA:241,0
DA:245,0
DA:246,0
DA:249,0
DA:250,0
DA:251,0
DA:255,0
DA:259,0
DA:260,0
DA:261,0
DA:264,0
DA:268,0
DA:269,0
DA:273,0
DA:280,0
DA:283,0
DA:286,0
DA:288,0
DA:292,0
DA:295,0
DA:297,0
DA:314,0
DA:320,0
DA:322,0
DA:325,0
DA:326,0
DA:327,0
DA:330,0
DA:331,0
DA:332,0
DA:333,0
DA:336,0
DA:337,0
DA:338,0
DA:339,0
DA:340,0
DA:344,0
DA:345,0
DA:346,0
DA:347,0
DA:350,0
DA:351,0
DA:352,0
DA:353,0
DA:354,0
DA:359,0
DA:360,0
DA:361,0
DA:365,0
DA:366,0
DA:367,0
DA:368,0
DA:370,0
DA:371,0
DA:373,0
DA:378,0
DA:384,0
DA:385,0
DA:386,0
DA:390,0
DA:391,0
DA:394,0
DA:396,0
DA:397,0
DA:398,0
DA:399,0
DA:408,0
DA:414,0
DA:416,0
DA:420,0
DA:423,0
DA:424,0
DA:426,0
DA:428,0
DA:429,0
DA:430,0
DA:431,0
DA:434,0
DA:440,0
DA:442,0
DA:447,0
DA:449,0
DA:454,0
DA:457,0
DA:460,0
DA:462,0
DA:467,0
DA:477,2
DA:479,2
DA:480,2
DA:481,2
DA:484,0
DA:490,2
DA:492,2
DA:493,2
DA:494,2
DA:498,2
DA:499,0
DA:501,2
DA:503,1
DA:509,2
DA:513,2
DA:514,2
DA:516,0
DA:526,0
DA:528,0
DA:529,0
DA:531,0
DA:533,0
DA:534,0
DA:535,0
DA:536,0
DA:538,0
DA:551,0
DA:557,0
DA:558,0
DA:561,0
DA:563,0
DA:568,0
DA:570,0
DA:578,0
DA:580,0
DA:582,0
DA:599,2
DA:600,2
DA:601,2
DA:602,2
DA:606,4
DA:608,8
DA:609,4
DA:613,8
DA:614,4
DA:615,14
DA:622,2
DA:623,6
DA:625,6
DA:626,8
DA:628,2
LF:206
LH:84
end_of_record
SF:lib/core/services/agent_id_service.dart
DA:16,2
DA:19,2
DA:24,1
DA:26,2
DA:28,2
DA:31,0
DA:36,0
DA:37,0
DA:38,0
DA:39,0
DA:41,0
DA:42,0
DA:45,0
DA:49,0
DA:53,0
DA:56,0
DA:59,0
DA:65,0
DA:67,0
DA:75,0
DA:77,0
DA:79,0
DA:88,0
DA:90,0
DA:91,0
DA:98,0
DA:99,0
DA:100,0
DA:101,0
DA:102,0
DA:104,0
DA:105,0
DA:112,1
DA:113,1
DA:114,1
DA:115,2
DA:116,3
DA:117,2
DA:123,0
DA:124,0
LF:40
LH:11
end_of_record
SF:lib/core/services/social_media_vibe_analyzer.dart
DA:20,1
DA:27,1
DA:28,1
DA:32,1
DA:35,1
DA:36,1
DA:37,0
DA:39,0
DA:40,0
DA:41,0
DA:42,0
DA:45,1
DA:46,1
DA:47,1
DA:48,2
DA:56,1
DA:57,1
DA:60,2
DA:68,1
DA:69,2
DA:75,0
DA:76,0
DA:81,0
DA:94,1
DA:101,1
DA:104,1
DA:106,3
DA:107,3
DA:108,1
DA:111,4
DA:112,2
DA:113,2
DA:114,1
DA:115,2
DA:116,1
DA:117,2
DA:121,4
DA:122,2
DA:123,2
DA:124,1
DA:125,2
DA:126,1
DA:127,2
DA:131,2
DA:132,1
DA:133,2
DA:134,1
DA:135,2
DA:140,1
DA:142,4
DA:143,1
DA:146,1
DA:147,1
DA:148,1
DA:149,1
DA:150,2
DA:155,4
DA:156,5
DA:157,1
DA:158,1
DA:159,2
DA:164,1
DA:166,5
DA:167,3
DA:168,1
DA:171,2
DA:172,1
DA:173,2
DA:174,1
DA:175,2
DA:179,2
DA:180,1
DA:181,2
DA:182,1
DA:183,2
DA:188,4
DA:199,1
DA:205,1
DA:208,2
DA:209,1
DA:210,2
DA:211,0
DA:215,2
DA:216,1
DA:217,1
DA:218,2
DA:219,0
DA:223,2
DA:224,2
DA:225,1
DA:227,2
DA:228,1
DA:232,4
LF:93
LH:83
end_of_record
SF:lib/core/ai/quantum/quantum_vibe_engine.dart
DA:24,1
DA:31,1
DA:35,1
DA:38,2
DA:39,1
DA:49,1
DA:58,2
DA:66,1
DA:69,1
DA:72,1
DA:73,2
DA:74,4
DA:77,1
DA:78,2
DA:84,0
DA:85,0
DA:91,0
DA:102,1
DA:111,1
DA:112,1
DA:116,1
DA:117,3
DA:118,1
DA:119,3
DA:120,1
DA:121,3
DA:122,1
DA:125,1
DA:126,3
DA:127,1
DA:128,3
DA:129,1
DA:130,3
DA:131,1
DA:134,1
DA:135,3
DA:136,1
DA:137,3
DA:138,1
DA:139,3
DA:140,1
DA:143,1
DA:144,3
DA:145,1
DA:146,3
DA:147,1
DA:150,1
DA:151,3
DA:152,1
DA:153,3
DA:154,1
DA:155,3
DA:156,1
DA:159,1
DA:160,3
DA:161,1
DA:162,3
DA:163,1
DA:164,3
DA:165,1
DA:168,1
DA:169,3
DA:170,1
DA:171,3
DA:172,1
DA:173,3
DA:174,1
DA:177,1
DA:178,3
DA:179,1
DA:180,3
DA:181,1
DA:184,1
DA:185,0
DA:186,0
DA:187,0
DA:188,0
DA:191,1
DA:193,0
DA:194,0
DA:195,0
DA:196,0
DA:199,1
DA:200,3
DA:201,1
DA:202,3
DA:203,1
DA:204,3
DA:205,1
DA:208,1
DA:210,0
DA:211,0
DA:212,0
DA:213,0
DA:218,3
DA:219,1
DA:223,1
DA:226,1
DA:229,3
DA:230,1
DA:232,1
DA:239,1
DA:243,1
DA:244,0
DA:246,2
DA:247,1
DA:251,1
DA:252,1
DA:255,3
DA:256,1
DA:257,1
DA:258,3
DA:259,1
DA:266,1
DA:271,1
DA:272,0
DA:279,3
DA:280,1
DA:281,1
DA:283,4
DA:284,4
DA:286,0
DA:287,0
DA:291,1
DA:292,3
DA:295,0
DA:299,1
DA:301,1
DA:302,1
DA:305,1
DA:306,1
DA:309,1
DA:310,1
DA:314,1
DA:320,3
DA:321,4
DA:322,1
DA:324,2
DA:327,1
DA:328,2
DA:329,1
DA:330,1
DA:331,2
DA:332,2
DA:338,1
DA:339,1
DA:340,0
DA:345,2
DA:346,2
DA:347,2
DA:350,2
DA:351,3
DA:355,1
DA:360,1
DA:363,2
DA:364,1
DA:365,2
DA:366,3
DA:371,1
DA:373,2
DA:374,2
DA:375,2
DA:377,1
DA:381,1
DA:383,3
DA:384,2
DA:388,1
DA:389,2
DA:391,4
DA:392,5
DA:395,2
DA:396,2
DA:397,1
DA:398,2
DA:407,1
DA:416,2
DA:419,3
DA:422,6
DA:425,3
DA:427,1
DA:431,1
DA:432,3
DA:433,1
DA:435,0
DA:437,4
DA:441,0
DA:448,0
DA:449,0
DA:452,0
DA:456,0
DA:457,0
DA:458,0
DA:459,0
DA:461,0
DA:462,0
DA:463,0
DA:464,0
DA:468,0
DA:471,0
LF:199
LH:163
end_of_record
SF:lib/core/ai/vibe_analysis_engine.dart
DA:24,4
DA:27,2
DA:28,2
DA:29,1
DA:30,4
DA:33,2
DA:36,6
DA:39,2
DA:42,2
DA:45,2
DA:48,2
DA:51,2
DA:54,2
DA:63,2
DA:66,2
DA:70,4
DA:73,2
DA:75,6
DA:76,16
DA:80,0
DA:83,0
DA:84,0
DA:87,2
DA:93,2
DA:101,8
DA:104,2
DA:109,0
DA:111,0
DA:114,0
DA:121,0
DA:122,0
DA:131,2
DA:132,2
DA:136,2
DA:137,2
DA:138,0
DA:141,2
DA:144,2
DA:147,2
DA:149,2
DA:156,2
DA:157,2
DA:160,12
DA:164,0
DA:165,0
DA:170,0
DA:171,0
DA:174,0
DA:176,0
DA:180,0
DA:182,0
DA:183,0
DA:187,0
DA:189,0
DA:190,0
DA:195,0
DA:197,0
DA:200,0
DA:203,0
DA:206,0
DA:209,0
DA:212,0
DA:214,0
DA:219,0
DA:220,0
DA:223,0
DA:224,0
DA:229,0
DA:231,0
DA:234,0
DA:237,0
DA:238,0
DA:239,0
DA:243,0
DA:244,0
DA:245,0
DA:246,0
DA:250,0
DA:251,0
DA:252,0
DA:253,0
DA:257,0
DA:258,0
DA:259,0
DA:260,0
DA:263,0
DA:264,0
DA:265,0
DA:267,0
DA:270,0
DA:271,0
DA:274,0
DA:275,0
DA:281,2
DA:282,2
DA:284,2
DA:285,2
DA:286,2
DA:287,2
DA:288,2
DA:289,6
DA:290,16
DA:297,2
DA:299,2
DA:308,2
DA:310,4
DA:311,4
DA:313,2
DA:316,4
DA:317,4
DA:318,4
DA:322,2
DA:324,2
DA:333,2
DA:334,2
DA:335,2
DA:336,2
DA:338,2
DA:339,2
DA:340,2
DA:341,2
DA:342,4
DA:343,2
DA:347,2
DA:354,2
DA:357,2
DA:358,6
DA:359,6
DA:360,4
DA:361,2
DA:364,2
DA:365,6
DA:366,6
DA:367,4
DA:368,2
DA:371,2
DA:372,6
DA:373,4
DA:374,2
DA:377,2
DA:378,6
DA:379,6
DA:380,4
DA:381,2
DA:384,2
DA:385,6
DA:386,4
DA:387,2
DA:390,2
DA:391,6
DA:392,4
DA:393,2
DA:396,2
DA:397,6
DA:398,4
DA:399,2
DA:402,2
DA:403,6
DA:404,6
DA:405,4
DA:406,2
DA:409,4
DA:410,8
DA:416,2
DA:417,2
DA:418,8
DA:419,10
DA:422,2
DA:424,2
DA:425,2
DA:426,6
DA:427,6
DA:428,6
DA:429,2
DA:430,4
DA:433,8
DA:435,0
DA:440,2
DA:441,2
DA:444,6
DA:445,4
DA:446,4
DA:448,2
DA:450,0
DA:452,0
DA:453,0
DA:461,2
DA:462,2
DA:463,10
DA:464,10
DA:466,12
DA:469,2
DA:470,2
DA:471,8
DA:472,8
DA:474,2
DA:476,0
DA:478,0
DA:485,2
DA:486,4
DA:487,4
DA:489,6
DA:490,2
DA:492,8
DA:496,2
DA:497,4
DA:500,4
DA:502,12
DA:503,2
DA:505,4
DA:508,2
DA:510,2
DA:511,2
DA:512,2
DA:513,2
DA:514,2
DA:518,2
DA:519,2
DA:522,2
DA:524,2
DA:528,2
DA:530,4
DA:534,2
DA:535,2
DA:536,2
DA:537,4
DA:540,2
DA:541,2
DA:542,2
DA:543,0
DA:544,0
DA:546,0
DA:550,2
DA:551,4
DA:553,2
DA:554,0
DA:555,0
DA:559,0
DA:560,0
DA:568,0
DA:573,0
DA:575,0
DA:576,0
DA:580,0
DA:581,0
DA:583,0
DA:584,0
DA:585,0
DA:586,0
DA:589,0
DA:590,0
DA:591,0
DA:592,0
DA:598,0
DA:599,0
DA:601,0
DA:602,0
DA:603,0
DA:604,0
DA:605,0
DA:608,0
DA:609,0
DA:610,0
DA:611,0
DA:612,0
DA:613,0
DA:614,0
DA:615,0
DA:617,0
DA:621,0
DA:622,0
DA:623,0
DA:624,0
DA:628,0
DA:629,0
DA:634,0
DA:635,0
DA:637,0
DA:638,0
DA:639,0
DA:640,0
DA:643,0
DA:644,0
DA:645,0
DA:646,0
DA:647,0
DA:648,0
DA:650,0
DA:654,0
DA:655,0
DA:656,0
DA:657,0
DA:661,0
DA:662,0
DA:667,0
DA:668,0
DA:670,0
DA:673,0
DA:674,0
DA:675,0
DA:679,0
DA:680,0
DA:681,0
DA:685,0
DA:686,0
DA:687,0
DA:691,0
DA:692,0
DA:693,0
DA:694,0
DA:695,0
DA:696,0
DA:697,0
DA:698,0
DA:699,0
DA:700,0
DA:707,0
DA:713,0
DA:714,0
DA:715,0
DA:719,0
DA:720,0
DA:721,0
DA:722,0
DA:726,0
DA:728,0
DA:730,0
DA:735,0
DA:740,0
DA:741,0
DA:742,0
DA:743,0
DA:744,0
DA:745,0
DA:749,0
DA:750,0
DA:751,0
DA:752,0
DA:753,0
DA:754,0
DA:755,0
DA:761,0
DA:762,0
DA:763,0
DA:764,0
DA:767,0
DA:769,0
DA:774,0
DA:777,0
DA:782,0
DA:783,0
DA:788,0
DA:789,0
DA:794,0
DA:795,0
DA:798,0
DA:800,0
DA:802,0
DA:807,0
DA:808,0
DA:809,0
DA:812,0
DA:814,0
DA:816,0
DA:822,0
DA:823,0
DA:835,3
DA:851,3
DA:867,3
DA:883,3
DA:899,3
DA:918,3
DA:929,0
DA:930,0
DA:933,0
DA:937,0
DA:948,1
DA:966,0
DA:983,0
DA:992,0
DA:993,0
DA:994,0
DA:995,0
DA:996,0
DA:997,0
DA:999,0
DA:1010,0
LF:387
LH:174
end_of_record
SF:lib/injection_container.dart
DA:167,54
DA:169,4
DA:172,4
DA:175,4
DA:176,14
DA:179,8
DA:183,4
DA:184,4
DA:185,8
DA:186,4
DA:188,0
DA:193,14
DA:194,8
DA:195,0
DA:196,8
DA:197,0
DA:200,8
DA:201,6
DA:202,8
DA:203,0
DA:204,8
DA:205,0
DA:208,8
DA:209,0
DA:212,4
DA:215,8
DA:216,0
DA:217,0
DA:223,8
DA:224,0
DA:225,0
DA:228,0
DA:229,0
DA:231,8
DA:232,0
DA:233,0
DA:237,8
DA:238,0
DA:239,0
DA:240,0
DA:241,0
DA:242,0
DA:243,0
DA:247,8
DA:248,6
DA:249,6
DA:250,6
DA:251,6
DA:255,8
DA:256,0
DA:257,0
DA:258,0
DA:259,0
DA:263,8
DA:264,0
DA:265,0
DA:266,0
DA:267,0
DA:272,8
DA:273,0
DA:274,0
DA:275,0
DA:276,0
DA:277,0
DA:278,0
DA:282,20
DA:283,20
DA:284,20
DA:285,20
DA:286,20
DA:289,8
DA:290,8
DA:291,8
DA:292,8
DA:293,8
DA:296,8
DA:297,8
DA:298,8
DA:299,8
DA:302,8
DA:305,8
DA:306,8
DA:308,4
DA:311,8
DA:320,8
DA:324,4
DA:325,4
DA:326,8
DA:329,8
DA:330,0
DA:331,8
DA:332,0
DA:333,0
DA:334,0
DA:339,8
DA:340,0
DA:341,0
DA:342,0
DA:345,8
DA:346,0
DA:347,0
DA:350,8
DA:351,0
DA:352,0
DA:355,8
DA:357,8
DA:358,0
DA:359,0
DA:363,8
DA:366,8
DA:367,0
DA:368,8
DA:369,8
DA:370,8
DA:371,0
DA:372,8
DA:373,0
DA:376,8
DA:377,0
DA:381,8
DA:382,0
DA:384,8
DA:385,8
DA:386,8
DA:387,0
DA:391,8
DA:394,8
DA:395,0
DA:398,8
DA:399,8
DA:400,0
DA:401,0
DA:402,0
DA:403,0
DA:404,0
DA:406,8
DA:407,0
DA:409,8
DA:410,0
DA:414,8
DA:415,0
DA:419,8
DA:420,0
DA:421,0
DA:422,0
DA:426,8
DA:427,0
DA:428,0
DA:429,0
DA:433,8
DA:434,0
DA:435,0
DA:439,8
DA:440,0
DA:441,0
DA:442,0
DA:446,8
DA:447,0
DA:451,8
DA:452,0
DA:453,0
DA:454,0
DA:456,8
DA:457,0
DA:460,8
DA:461,0
DA:462,0
DA:463,0
DA:464,0
DA:465,0
DA:467,0
DA:468,0
DA:473,8
DA:476,8
DA:477,0
DA:480,8
DA:481,8
DA:482,0
DA:486,8
DA:487,0
DA:488,0
DA:492,8
DA:493,0
DA:494,0
DA:498,8
DA:499,0
DA:500,0
DA:504,8
DA:505,8
DA:506,0
DA:511,8
DA:512,0
DA:513,0
DA:517,8
DA:518,0
DA:519,0
DA:520,0
DA:524,8
DA:525,0
DA:526,0
DA:530,8
DA:531,0
DA:535,8
DA:536,0
DA:537,0
DA:540,8
DA:541,0
DA:542,0
DA:543,0
DA:547,8
DA:548,0
DA:549,0
DA:550,0
DA:551,0
DA:555,8
DA:556,0
DA:557,0
DA:561,8
DA:562,0
DA:563,8
DA:564,0
DA:565,0
DA:567,8
DA:568,0
DA:569,8
DA:572,8
DA:573,0
DA:576,8
DA:577,0
DA:578,0
DA:582,8
DA:586,0
DA:587,0
DA:594,8
DA:595,0
DA:597,0
DA:602,8
DA:603,0
DA:604,0
DA:605,0
DA:613,8
DA:614,0
DA:615,0
DA:617,0
DA:625,8
DA:629,8
DA:630,0
DA:631,0
DA:636,8
DA:637,0
DA:638,0
DA:643,8
DA:647,8
DA:648,0
DA:652,8
DA:653,0
DA:654,0
DA:659,8
DA:660,0
DA:661,0
DA:662,0
DA:663,0
DA:664,0
DA:665,0
DA:667,0
DA:676,0
DA:677,0
DA:678,0
DA:680,0
DA:681,0
DA:687,8
DA:690,8
DA:691,0
DA:694,8
DA:695,0
DA:696,0
DA:700,8
DA:701,0
DA:702,0
DA:707,8
DA:711,8
DA:712,0
DA:713,0
DA:717,8
DA:718,0
DA:719,0
DA:725,8
DA:726,0
DA:732,8
DA:735,8
DA:739,0
DA:748,4
DA:750,4
DA:752,4
DA:753,4
DA:755,4
DA:758,0
DA:759,0
DA:762,0
DA:769,0
DA:772,0
DA:773,0
DA:774,0
DA:775,0
DA:776,0
DA:777,0
DA:781,0
DA:784,0
DA:785,0
DA:788,0
DA:790,0
DA:792,0
DA:794,0
DA:798,0
DA:799,0
DA:803,4
DA:804,8
DA:808,4
DA:818,4
DA:819,0
DA:820,0
DA:822,4
DA:830,14
DA:831,6
DA:832,6
DA:833,6
DA:834,6
DA:835,6
DA:838,8
DA:839,0
DA:840,0
DA:841,0
DA:842,0
DA:843,0
DA:846,8
DA:847,0
DA:848,0
DA:849,0
DA:850,0
DA:854,8
DA:855,0
DA:856,0
DA:857,0
LF:343
LH:150
end_of_record
SF:lib/core/ai/privacy_protection.dart
DA:27,5
DA:32,10
DA:35,5
DA:38,5
DA:39,5
DA:45,10
DA:48,5
DA:51,5
DA:54,5
DA:61,5
DA:67,5
DA:76,5
DA:77,15
DA:80,20
DA:83,0
DA:84,0
DA:90,8
DA:95,16
DA:98,8
DA:101,8
DA:102,8
DA:107,8
DA:108,8
DA:109,8
DA:110,8
DA:116,8
DA:117,8
DA:122,8
DA:130,8
DA:136,8
DA:144,8
DA:145,8
DA:148,32
DA:151,0
DA:152,0
DA:158,10
DA:162,20
DA:164,10
DA:165,10
DA:167,20
DA:170,10
DA:171,20
DA:172,40
DA:175,30
DA:176,20
DA:179,10
DA:185,12
DA:190,24
DA:192,12
DA:194,24
DA:195,12
DA:196,12
DA:197,12
DA:201,12
DA:202,12
DA:203,0
DA:206,36
DA:212,2
DA:213,2
DA:215,2
DA:216,2
DA:221,4
DA:222,4
DA:223,4
DA:225,8
DA:228,2
DA:233,0
DA:237,0
DA:239,0
DA:241,0
DA:244,0
DA:245,0
DA:246,0
DA:247,0
DA:248,0
DA:252,0
DA:253,0
DA:254,0
DA:255,0
DA:256,0
DA:260,0
DA:261,0
DA:262,0
DA:263,0
DA:264,0
DA:268,0
DA:269,0
DA:270,0
DA:271,0
DA:272,0
DA:275,0
DA:276,0
DA:277,0
DA:280,0
DA:283,0
DA:289,0
DA:290,0
DA:294,0
DA:298,5
DA:303,5
DA:304,5
DA:307,5
DA:309,10
DA:311,15
DA:312,15
DA:315,10
DA:316,10
DA:322,5
DA:323,5
DA:326,5
DA:332,5
DA:333,10
DA:334,10
DA:335,10
DA:340,5
DA:341,5
DA:343,20
DA:344,10
DA:347,5
DA:352,5
DA:353,25
DA:356,5
DA:358,5
DA:361,5
DA:370,5
DA:371,10
DA:374,15
DA:375,0
DA:378,5
DA:381,8
DA:385,8
DA:386,8
DA:389,8
DA:396,8
DA:397,8
DA:400,40
DA:401,40
DA:402,40
DA:404,8
DA:411,8
DA:412,8
DA:415,8
DA:421,8
DA:422,40
DA:423,56
DA:425,8
DA:427,8
DA:430,8
DA:439,8
DA:440,16
DA:443,32
DA:444,0
DA:447,8
DA:451,11
DA:452,11
DA:453,33
DA:454,11
DA:457,12
DA:459,12
DA:460,12
DA:461,2
DA:462,1
DA:463,2
DA:470,8
DA:472,8
DA:474,0
DA:476,0
DA:484,0
DA:488,0
DA:492,0
DA:495,0
DA:496,0
DA:499,12
DA:500,12
DA:501,12
DA:503,24
DA:504,36
DA:508,12
DA:510,24
DA:511,12
DA:512,60
DA:518,5
DA:520,5
DA:521,0
DA:522,0
DA:526,5
DA:527,10
DA:528,30
DA:531,5
DA:532,0
DA:536,5
DA:537,5
DA:538,5
DA:543,0
DA:552,0
DA:557,0
DA:562,0
DA:564,0
DA:581,5
DA:594,4
DA:596,0
DA:597,0
DA:598,0
DA:599,0
DA:600,0
DA:601,0
DA:602,0
DA:603,0
DA:604,0
DA:605,0
DA:606,0
DA:622,8
DA:634,0
DA:636,2
DA:637,2
DA:638,2
DA:639,4
DA:640,2
DA:641,2
DA:642,2
DA:643,2
DA:644,4
DA:645,4
DA:655,8
DA:661,2
DA:662,2
DA:663,2
DA:664,2
DA:665,2
DA:677,0
DA:689,0
DA:691,0
DA:692,0
LF:233
LH:163
end_of_record
SF:lib/core/models/user_vibe.dart
DA:19,12
DA:32,12
DA:37,12
DA:38,12
DA:41,12
DA:44,12
DA:45,24
DA:46,12
DA:49,36
DA:50,24
DA:52,12
DA:56,12
DA:57,12
DA:58,12
DA:61,12
DA:68,12
DA:75,24
DA:77,12
DA:82,3
DA:83,6
DA:89,6
DA:90,6
DA:91,6
DA:94,9
DA:95,3
DA:96,3
DA:100,3
DA:102,3
DA:105,15
DA:106,15
DA:110,6
DA:111,6
DA:112,3
DA:113,3
DA:119,2
DA:120,2
DA:123,2
DA:128,0
DA:133,0
DA:142,12
DA:145,0
DA:146,0
DA:147,0
DA:148,0
DA:149,0
DA:150,0
DA:151,0
DA:152,0
DA:153,0
DA:154,0
DA:159,3
DA:160,6
DA:164,6
DA:168,6
DA:172,6
DA:176,6
DA:184,0
DA:185,0
DA:189,0
DA:191,0
DA:192,0
DA:196,0
DA:197,0
DA:198,0
DA:200,0
DA:201,0
DA:202,0
DA:206,12
DA:207,12
DA:208,12
DA:210,24
DA:212,12
DA:215,12
DA:222,12
DA:223,72
DA:224,12
DA:226,24
DA:230,24
DA:231,12
DA:232,12
DA:233,12
DA:239,12
DA:240,12
DA:241,12
DA:242,12
DA:244,36
DA:247,12
DA:248,12
DA:249,12
DA:250,12
DA:252,36
DA:255,12
DA:256,12
DA:257,12
DA:258,12
DA:260,48
DA:263,12
DA:264,12
DA:266,12
DA:267,12
DA:268,12
DA:273,0
DA:274,0
DA:275,0
DA:276,0
DA:277,0
DA:278,0
DA:279,0
DA:280,0
DA:281,0
DA:282,0
DA:283,0
DA:288,0
DA:289,0
DA:290,0
DA:291,0
DA:292,0
DA:293,0
DA:294,0
DA:295,0
DA:296,0
DA:297,0
DA:298,0
DA:302,0
DA:305,0
DA:306,0
DA:307,0
DA:309,0
DA:310,0
DA:312,0
DA:314,0
DA:315,0
DA:316,0
DA:317,0
LF:134
LH:78
end_of_record
SF:lib/core/ai/quantum/quantum_vibe_dimension.dart
DA:10,2
DA:14,6
DA:19,6
DA:23,3
DA:26,3
DA:29,3
DA:32,2
DA:37,2
DA:38,2
DA:39,0
DA:40,2
DA:44,0
DA:45,0
DA:47,1
DA:50,1
DA:51,3
DA:52,3
DA:53,3
DA:54,5
DA:56,1
DA:57,8
LF:21
LH:18
end_of_record
SF:lib/core/ai/quantum/quantum_vibe_state.dart
DA:14,3
DA:18,24
DA:22,12
DA:25,27
DA:29,3
DA:30,3
DA:31,3
DA:32,3
DA:37,9
DA:43,2
DA:44,2
DA:45,2
DA:46,4
DA:47,10
DA:48,10
DA:49,8
DA:52,2
DA:53,6
DA:55,0
DA:62,1
DA:65,7
DA:68,7
DA:76,2
DA:77,2
DA:78,8
DA:79,4
DA:80,2
DA:81,6
DA:82,6
DA:86,0
DA:87,0
DA:89,2
DA:92,2
DA:93,6
DA:94,10
DA:95,10
DA:97,2
DA:98,10
LF:38
LH:35
end_of_record
SF:lib/core/services/age_compatibility_filter.dart
DA:27,0
DA:32,0
DA:33,0
DA:38,0
DA:44,0
DA:49,0
DA:50,0
DA:60,0
DA:63,0
DA:70,0
DA:71,0
DA:78,0
DA:79,0
DA:83,0
DA:88,0
DA:90,0
DA:91,0
DA:92,0
DA:97,0
DA:98,0
DA:99,0
DA:106,0
DA:107,0
DA:108,0
DA:117,0
DA:119,0
DA:120,0
DA:121,0
DA:122,0
DA:125,0
DA:131,0
DA:132,0
DA:133,0
DA:137,0
DA:139,0
DA:140,0
DA:141,0
DA:142,0
DA:145,0
DA:154,0
DA:156,0
DA:161,0
DA:162,0
DA:163,0
DA:170,0
DA:176,0
DA:180,0
DA:182,0
DA:183,0
DA:187,0
DA:193,0
DA:200,0
DA:201,0
DA:210,0
DA:216,0
DA:222,0
DA:223,0
DA:231,0
DA:237,0
DA:242,0
DA:244,0
DA:245,0
DA:247,0
DA:250,0
DA:251,0
DA:254,0
DA:266,0
DA:274,0
DA:279,0
DA:284,0
DA:289,0
DA:294,0
DA:296,0
DA:297,0
DA:298,0
DA:308,0
DA:314,0
DA:315,0
DA:321,0
DA:324,0
DA:326,0
DA:327,0
DA:328,0
DA:331,0
DA:340,0
DA:341,0
DA:348,0
DA:349,0
DA:352,0
DA:353,0
DA:356,0
DA:360,0
DA:363,0
DA:364,0
DA:365,0
DA:368,0
DA:369,0
DA:370,0
DA:376,0
DA:377,0
DA:378,0
DA:386,0
DA:387,0
DA:388,0
DA:389,0
DA:390,0
DA:394,0
DA:395,0
DA:398,0
DA:399,0
DA:400,0
DA:401,0
DA:402,0
DA:405,0
DA:407,0
DA:410,0
DA:411,0
DA:412,0
DA:413,0
DA:416,0
DA:423,0
DA:424,0
DA:425,0
DA:429,0
DA:430,0
DA:444,0
LF:126
LH:0
end_of_record
SF:lib/core/ai2ai/aipersonality_node.dart
DA:10,2
DA:18,3
DA:19,6
DA:22,0
DA:23,0
DA:24,0
DA:26,1
DA:28,6
LF:8
LH:5
end_of_record
SF:lib/core/ai2ai/cloud_intelligence_sync.dart
DA:23,0
DA:30,0
DA:31,0
DA:34,0
DA:35,0
DA:37,0
DA:38,0
DA:39,0
DA:44,0
DA:45,0
DA:47,0
DA:52,0
DA:53,0
DA:54,0
DA:55,0
DA:62,0
DA:66,0
DA:67,0
DA:70,0
DA:71,0
DA:79,0
DA:81,0
DA:82,0
DA:83,0
DA:90,0
DA:94,0
DA:96,0
DA:97,0
DA:98,0
DA:100,0
DA:101,0
DA:109,0
DA:111,0
DA:113,0
DA:115,0
DA:119,0
DA:120,0
DA:122,0
DA:126,0
DA:131,0
DA:140,0
DA:141,0
DA:146,0
DA:157,0
DA:160,0
DA:161,0
DA:164,0
DA:170,0
DA:180,0
DA:186,0
DA:189,0
DA:198,0
DA:213,0
LF:53
LH:0
end_of_record
SF:lib/core/ai2ai/connection_log_queue.dart
DA:16,0
DA:19,0
DA:21,0
DA:24,0
DA:27,0
DA:28,0
DA:29,0
DA:33,0
DA:35,0
DA:36,0
DA:40,0
DA:45,0
DA:46,0
DA:48,0
DA:49,0
DA:53,0
DA:55,0
DA:56,0
DA:57,0
DA:59,0
DA:61,0
DA:63,0
DA:68,0
DA:70,0
DA:71,0
DA:73,0
DA:78,0
DA:79,0
DA:80,0
DA:84,0
DA:85,0
DA:89,0
DA:91,0
DA:92,0
DA:94,0
DA:96,0
DA:97,0
DA:102,0
DA:104,0
DA:105,0
DA:107,0
LF:41
LH:0
end_of_record
SF:lib/core/services/logger.dart
DA:9,27802
DA:12,38
DA:13,38
DA:14,126
DA:15,126
DA:16,18
DA:17,18
DA:19,11
DA:21,0
DA:22,11
DA:25,62
DA:27,62
DA:28,62
DA:31,134
DA:33,536
DA:34,7
DA:36,134
DA:37,133
DA:38,76
DA:39,62
DA:41,134
DA:43,134
DA:45,268
DA:47,4
LF:24
LH:23
end_of_record
SF:lib/core/ai2ai/connection_orchestrator.dart
DA:67,4
DA:83,4
DA:85,4
DA:92,0
DA:96,0
DA:97,0
DA:103,0
DA:107,0
DA:112,0
DA:113,0
DA:116,0
DA:119,0
DA:123,0
DA:126,0
DA:129,0
DA:136,0
DA:142,1
DA:144,1
DA:145,2
DA:151,3
DA:155,1
DA:156,0
DA:158,0
DA:159,0
DA:161,0
DA:166,1
DA:167,0
DA:170,0
DA:173,0
DA:175,0
DA:181,1
DA:182,0
DA:183,0
DA:187,1
DA:190,1
DA:192,1
DA:193,2
DA:195,2
DA:197,2
DA:202,3
DA:205,3
DA:206,0
DA:208,0
DA:213,6
DA:214,1
DA:216,2
DA:219,1
DA:223,9
DA:228,3
DA:232,6
DA:235,6
DA:236,3
DA:240,1
DA:242,0
DA:244,0
DA:247,0
DA:248,0
DA:249,0
DA:250,0
DA:253,0
DA:254,0
DA:258,0
DA:262,1
DA:264,4
DA:270,6
DA:274,2
DA:276,3
DA:278,3
DA:283,1
DA:288,1
DA:289,0
DA:295,2
DA:296,4
DA:302,3
DA:303,2
DA:310,2
DA:311,2
DA:313,1
DA:316,1
DA:318,2
DA:319,8
DA:322,2
DA:327,2
DA:328,1
DA:333,1
DA:337,4
DA:341,2
DA:345,1
DA:346,1
DA:351,3
DA:355,1
DA:358,2
DA:359,2
DA:364,0
DA:365,0
DA:370,2
DA:372,2
DA:375,1
DA:380,0
DA:381,0
DA:383,0
DA:386,0
DA:388,0
DA:391,0
DA:393,0
DA:395,0
DA:401,0
DA:404,0
DA:406,0
DA:408,0
DA:413,0
DA:414,0
DA:417,0
DA:418,0
DA:423,0
DA:424,0
DA:428,1
DA:430,2
DA:431,2
DA:435,2
DA:438,3
DA:442,2
DA:443,2
DA:445,1
DA:446,2
DA:449,3
DA:451,3
DA:452,1
DA:454,1
DA:456,5
DA:460,0
DA:467,0
DA:468,0
DA:469,0
DA:470,0
DA:471,0
DA:472,0
DA:473,0
DA:474,0
DA:475,0
DA:476,0
DA:477,0
DA:478,0
DA:480,0
DA:485,0
DA:486,0
DA:490,0
DA:491,0
DA:492,0
DA:495,0
DA:496,0
DA:499,0
DA:500,0
DA:501,0
DA:503,0
DA:508,0
DA:509,0
DA:510,0
DA:511,0
DA:512,0
DA:514,0
DA:518,1
DA:520,2
DA:523,3
DA:525,0
DA:527,0
DA:532,1
DA:536,1
DA:537,2
DA:539,1
DA:540,2
DA:542,0
DA:544,0
DA:551,1
DA:553,3
DA:556,1
DA:559,1
DA:561,0
DA:564,0
DA:567,0
DA:568,0
DA:571,0
DA:575,0
DA:578,0
DA:580,0
DA:582,0
DA:583,0
DA:585,0
DA:587,0
DA:590,0
DA:593,0
DA:594,0
DA:595,0
DA:600,0
DA:607,1
DA:609,0
DA:612,0
DA:614,0
DA:619,2
DA:621,1
DA:625,0
DA:627,0
DA:630,0
DA:631,0
DA:632,0
DA:633,0
DA:634,0
DA:635,0
DA:636,0
DA:637,0
DA:638,0
DA:639,0
DA:643,1
DA:644,1
DA:645,0
DA:646,0
DA:650,3
DA:651,2
DA:652,1
DA:653,1
DA:654,1
DA:656,1
DA:657,0
DA:658,0
DA:663,0
DA:667,0
DA:669,0
DA:670,0
DA:672,0
DA:674,0
DA:678,0
DA:688,0
DA:693,0
DA:694,0
DA:695,0
DA:699,0
DA:700,0
DA:702,0
DA:706,0
DA:709,0
DA:710,0
DA:717,0
DA:719,0
DA:720,0
DA:721,0
DA:722,0
DA:725,1
DA:726,2
DA:729,2
DA:732,1
DA:733,3
DA:734,2
DA:738,1
DA:739,2
DA:741,2
DA:742,2
DA:746,2
DA:747,13
DA:755,1
DA:763,1
DA:766,0
DA:768,0
DA:769,0
DA:770,0
DA:771,0
DA:772,0
DA:774,0
DA:775,0
DA:778,0
DA:779,0
DA:784,0
DA:785,0
DA:792,2
DA:795,1
DA:797,1
DA:798,1
DA:799,2
DA:800,1
DA:805,1
DA:807,1
DA:813,0
DA:820,1
DA:822,2
DA:823,2
DA:827,0
DA:830,0
DA:833,0
DA:839,0
DA:840,0
DA:844,0
DA:849,0
DA:851,0
DA:852,0
DA:854,0
DA:860,0
DA:861,0
DA:864,0
DA:872,0
DA:874,0
DA:876,0
DA:877,0
DA:883,0
DA:895,0
DA:901,0
DA:902,0
DA:906,0
DA:907,0
DA:911,0
DA:918,0
DA:922,0
DA:932,0
DA:934,0
DA:942,0
DA:943,0
DA:944,0
DA:952,0
DA:953,0
DA:954,0
DA:955,0
DA:956,0
DA:957,0
DA:958,0
DA:966,0
DA:967,0
DA:970,0
DA:971,0
DA:973,0
DA:974,0
DA:979,0
DA:984,0
DA:986,0
DA:987,0
DA:992,0
DA:996,0
DA:998,0
DA:999,0
DA:1005,0
DA:1009,0
DA:1014,0
DA:1029,0
DA:1036,0
DA:1050,0
DA:1062,0
DA:1063,0
DA:1064,0
DA:1065,0
DA:1066,0
DA:1067,0
DA:1068,0
DA:1069,0
DA:1070,0
DA:1071,0
DA:1072,0
DA:1080,1
DA:1082,1
DA:1083,2
LF:356
LH:126
end_of_record
SF:lib/core/services/ai2ai_realtime_service.dart
DA:29,1
DA:32,1
DA:34,2
DA:36,2
DA:39,1
DA:42,1
DA:44,2
DA:48,2
DA:55,1
DA:58,1
DA:63,1
DA:64,2
DA:65,2
DA:68,5
DA:71,0
DA:78,1
DA:80,2
DA:82,1
DA:85,1
DA:87,1
DA:89,1
DA:94,2
DA:96,0
DA:102,1
DA:105,2
DA:108,0
DA:109,0
DA:110,0
DA:111,0
DA:112,0
DA:113,0
DA:114,0
DA:115,0
DA:116,0
DA:117,0
DA:121,0
DA:125,1
DA:127,2
DA:129,1
DA:130,3
DA:134,1
DA:135,1
DA:136,1
DA:137,1
DA:138,1
DA:139,1
DA:144,4
DA:147,0
DA:153,1
DA:156,2
DA:158,1
DA:159,3
DA:163,1
DA:164,1
DA:166,2
DA:172,2
DA:174,0
DA:180,1
DA:183,2
DA:185,1
DA:186,3
DA:190,1
DA:191,1
DA:193,1
DA:197,3
DA:199,0
DA:205,1
DA:206,2
DA:207,2
DA:211,1
DA:212,2
DA:214,2
DA:218,1
DA:219,2
DA:221,2
DA:225,1
DA:226,2
DA:228,2
DA:233,1
DA:236,2
DA:238,1
DA:239,3
DA:243,1
DA:244,1
DA:251,3
DA:254,0
DA:259,1
DA:260,2
DA:261,2
DA:265,1
DA:267,2
DA:268,2
DA:270,2
DA:272,2
DA:274,2
DA:277,2
DA:282,3
DA:285,3
DA:290,1
DA:295,2
DA:296,0
DA:297,0
DA:300,3
DA:301,1
DA:304,2
DA:306,2
DA:308,1
DA:314,1
DA:316,1
DA:323,1
DA:324,1
DA:326,2
DA:327,3
DA:332,1
DA:335,2
DA:340,0
DA:342,0
DA:343,0
DA:344,0
DA:347,0
LF:120
LH:96
end_of_record
SF:lib/core/ai2ai/orchestrator_components.dart
DA:20,4
DA:22,3
DA:27,6
DA:28,3
DA:30,0
DA:33,2
DA:34,1
DA:35,1
DA:37,1
DA:38,1
DA:42,1
DA:46,1
DA:47,1
DA:48,0
DA:49,0
DA:54,1
DA:58,1
DA:59,0
DA:60,0
DA:62,0
DA:63,0
DA:64,0
DA:65,0
DA:66,0
DA:67,0
DA:68,0
DA:69,0
DA:70,0
DA:72,2
DA:83,4
DA:89,1
DA:100,2
DA:101,3
DA:103,1
DA:105,1
DA:106,2
DA:108,1
DA:109,1
DA:110,1
DA:111,1
DA:114,1
DA:117,1
DA:118,2
DA:119,2
DA:120,2
DA:140,0
DA:146,0
DA:147,0
DA:154,0
DA:165,0
DA:168,0
DA:172,0
DA:177,0
DA:184,0
DA:190,0
DA:191,0
DA:193,0
DA:194,0
DA:196,0
DA:197,0
DA:198,0
DA:199,0
DA:221,0
DA:223,0
DA:228,0
DA:229,0
DA:230,0
DA:231,0
DA:234,0
DA:235,0
DA:236,0
DA:237,0
LF:72
LH:31
end_of_record
SF:lib/core/network/device_discovery.dart
DA:24,3
DA:25,3
DA:28,2
DA:32,2
DA:33,1
DA:37,2
DA:38,2
DA:41,2
DA:44,4
DA:45,0
DA:46,0
DA:51,2
DA:52,2
DA:54,2
DA:55,4
DA:56,2
DA:57,2
DA:61,2
DA:63,2
DA:64,0
DA:69,4
DA:72,2
DA:73,0
DA:74,2
DA:77,2
DA:78,2
DA:79,0
DA:80,0
DA:84,2
DA:85,0
DA:88,6
DA:90,0
DA:95,0
DA:96,0
DA:97,0
DA:99,0
DA:100,0
DA:101,0
DA:105,0
DA:106,0
DA:107,0
DA:110,0
DA:111,0
DA:116,2
DA:117,6
DA:121,0
DA:122,0
DA:126,1
DA:127,2
DA:131,0
DA:132,0
DA:134,0
DA:136,0
DA:143,1
DA:145,2
DA:151,1
DA:153,0
DA:159,2
DA:160,2
DA:165,6
DA:166,2
DA:181,3
DA:193,1
DA:194,4
DA:198,1
DA:199,1
DA:200,3
DA:201,1
LF:68
LH:42
end_of_record
SF:lib/core/network/ai2ai_protocol.dart
DA:29,1
DA:39,1
DA:47,1
DA:49,1
DA:54,1
DA:59,2
DA:60,1
DA:64,1
DA:65,1
DA:67,1
DA:71,1
DA:75,1
DA:79,6
DA:83,0
DA:89,0
DA:92,0
DA:95,0
DA:96,0
DA:97,0
DA:102,0
DA:103,0
DA:109,0
DA:110,0
DA:112,0
DA:116,0
DA:117,0
DA:119,0
DA:121,0
DA:127,1
DA:132,1
DA:134,1
DA:135,1
DA:136,1
DA:144,1
DA:152,1
DA:154,1
DA:155,1
DA:156,1
DA:157,1
DA:158,0
DA:166,1
DA:172,1
DA:175,1
DA:177,1
DA:179,1
DA:181,2
DA:208,0
DA:217,0
DA:218,0
DA:224,0
DA:228,0
DA:236,0
DA:237,0
DA:238,0
DA:241,0
DA:248,0
DA:257,1
DA:259,1
DA:261,2
DA:262,1
DA:263,0
DA:272,2
DA:273,1
DA:274,1
DA:275,1
DA:276,0
DA:277,0
DA:278,0
DA:289,0
DA:297,0
DA:299,0
DA:300,0
DA:301,0
DA:302,0
DA:305,0
DA:314,1
DA:318,1
DA:320,1
DA:321,2
DA:340,0
DA:346,0
DA:348,0
DA:349,0
DA:350,0
DA:351,0
DA:358,0
DA:359,0
DA:370,0
DA:371,0
DA:383,0
DA:390,0
DA:391,0
DA:394,0
DA:399,0
DA:400,0
DA:406,0
DA:407,0
DA:419,0
DA:425,0
DA:426,0
DA:429,0
DA:430,0
DA:431,0
DA:432,0
DA:435,0
DA:437,0
DA:439,0
DA:440,0
DA:445,0
DA:448,0
DA:452,0
DA:455,0
DA:456,0
DA:462,0
DA:463,0
DA:474,1
DA:475,1
DA:476,0
DA:482,1
DA:485,2
DA:486,1
DA:488,1
DA:489,2
DA:492,1
DA:497,1
DA:498,1
DA:501,6
DA:502,2
DA:503,5
DA:504,1
DA:505,3
DA:506,1
DA:512,0
DA:513,0
DA:520,0
DA:521,0
DA:522,0
DA:528,0
DA:530,0
DA:533,0
DA:534,0
DA:535,0
DA:538,0
DA:539,0
DA:540,0
DA:543,0
DA:545,0
DA:548,0
DA:551,0
DA:552,0
DA:553,0
DA:558,0
DA:559,0
DA:567,1
DA:568,1
DA:569,1
DA:570,3
DA:571,2
DA:580,0
DA:581,0
DA:583,0
DA:584,0
DA:586,0
DA:590,1
DA:591,1
DA:592,1
DA:596,0
DA:599,0
DA:600,0
DA:601,0
DA:602,0
DA:604,0
DA:613,1
DA:614,3
DA:615,2
DA:616,2
DA:620,1
DA:622,1
DA:623,1
DA:624,1
DA:625,1
DA:634,1
DA:635,1
DA:643,0
DA:644,0
DA:645,0
DA:646,0
DA:647,0
DA:648,0
DA:649,0
DA:650,0
DA:654,0
DA:658,0
DA:661,0
DA:662,0
DA:664,0
DA:687,1
DA:696,1
DA:697,1
DA:698,1
DA:699,2
DA:700,1
DA:701,1
DA:702,2
DA:703,1
DA:707,1
DA:708,1
DA:709,1
DA:710,1
DA:711,4
DA:712,0
DA:714,1
DA:715,1
DA:716,2
DA:717,2
DA:729,1
LF:216
LH:96
end_of_record
SF:lib/core/network/personality_advertising_service.dart
DA:42,1
DA:54,1
DA:59,1
DA:61,0
DA:68,3
DA:73,1
DA:75,1
DA:79,1
DA:81,1
DA:82,1
DA:85,3
DA:90,4
DA:96,0
DA:98,1
DA:99,1
DA:100,1
DA:102,0
DA:103,0
DA:107,0
DA:114,0
DA:117,0
DA:120,0
DA:125,1
DA:131,0
DA:138,1
DA:139,1
DA:141,1
DA:148,0
DA:151,0
DA:152,0
DA:156,0
DA:160,0
DA:162,0
DA:163,0
DA:164,0
DA:166,0
DA:167,0
DA:171,0
DA:177,0
DA:178,0
DA:179,0
DA:182,0
DA:186,0
[...]
DA:19,3
DA:21,6
DA:23,3
DA:24,3
DA:26,3
DA:28,3
DA:29,3
DA:31,3
DA:40,3
DA:43,6
DA:49,3
DA:52,6
DA:58,3
DA:61,6
DA:67,3
DA:70,6
DA:76,3
DA:79,6
DA:88,3
DA:89,3
DA:91,3
DA:93,3
DA:95,3
DA:96,3
DA:97,3
DA:99,3
DA:100,3
DA:102,3
DA:103,3
DA:105,3
DA:112,3
DA:114,3
DA:122,3
DA:124,3
DA:135,3
DA:136,3
DA:137,0
DA:138,3
DA:139,9
DA:141,0
LF:41
LH:39
end_of_record
SF:lib/presentation/widgets/brand/brand_stats_card.dart
DA:15,2
DA:23,2
DA:25,2
DA:27,2
DA:28,2
DA:30,2
DA:32,2
DA:34,2
DA:35,2
DA:37,2
DA:38,2
DA:39,2
DA:40,2
DA:45,2
DA:46,2
DA:48,2
DA:53,2
DA:54,2
DA:55,2
DA:58,2
LF:20
LH:20
end_of_record
SF:lib/presentation/widgets/common/ai_chat_bar.dart
DA:13,2
DA:23,2
DA:24,2
DA:31,2
DA:33,2
DA:34,8
DA:37,1
DA:39,2
DA:40,1
DA:43,0
DA:44,0
DA:45,0
DA:46,0
DA:47,0
DA:51,2
DA:53,2
DA:55,2
DA:56,6
DA:59,2
DA:60,2
DA:61,1
DA:62,2
DA:64,2
DA:65,1
DA:66,2
DA:67,1
DA:70,2
DA:71,2
DA:72,2
DA:73,2
DA:74,2
DA:75,8
DA:76,4
DA:77,0
DA:79,2
DA:80,4
DA:86,2
DA:88,2
DA:99,4
DA:100,0
DA:102,0
DA:105,0
DA:108,0
DA:113,2
DA:114,2
DA:116,8
DA:120,8
DA:121,0
LF:48
LH:37
end_of_record
SF:lib/presentation/widgets/map/spot_marker.dart
DA:10,1
DA:17,1
DA:19,1
DA:20,1
DA:21,1
DA:24,1
DA:25,1
DA:27,1
DA:32,1
DA:33,3
DA:41,1
DA:42,1
DA:43,1
DA:45,1
DA:47,1
DA:49,1
DA:51,0
LF:17
LH:16
end_of_record
SF:lib/presentation/widgets/partnerships/revenue_split_display.dart
DA:25,4
DA:32,4
DA:34,4
DA:36,4
DA:37,4
DA:39,4
DA:41,4
DA:43,4
DA:45,4
DA:46,4
DA:47,4
DA:53,4
DA:55,4
DA:61,12
DA:63,0
DA:65,0
DA:66,0
DA:67,0
DA:68,0
DA:69,0
DA:72,0
DA:74,0
DA:75,0
DA:81,0
DA:83,0
DA:98,4
DA:100,8
DA:102,8
DA:106,8
DA:108,4
DA:110,8
DA:111,8
DA:117,4
DA:119,8
DA:120,8
DA:124,4
DA:129,4
DA:131,8
DA:135,4
DA:138,13
DA:139,1
DA:141,1
DA:148,5
DA:149,12
DA:151,4
DA:153,8
DA:159,16
DA:161,4
DA:163,4
DA:164,4
DA:165,4
DA:166,4
DA:167,4
DA:170,4
DA:171,4
DA:172,4
DA:178,4
DA:179,4
DA:181,4
DA:197,4
DA:204,4
DA:206,4
DA:207,4
DA:209,4
DA:210,4
DA:212,4
DA:218,4
DA:219,3
DA:220,3
DA:221,3
DA:228,4
DA:229,8
DA:230,4
DA:244,4
DA:250,4
DA:252,4
DA:253,4
DA:254,4
DA:256,4
DA:257,4
DA:259,4
DA:264,4
DA:266,4
DA:274,4
DA:275,12
DA:276,4
DA:286,1
DA:287,2
DA:288,1
DA:290,1
DA:292,1
DA:294,1
DA:295,1
DA:296,1
DA:297,1
DA:298,1
DA:301,1
DA:303,1
DA:304,1
DA:305,1
DA:307,1
DA:308,1
DA:309,1
DA:310,1
DA:312,1
DA:313,1
DA:314,1
DA:316,1
DA:318,1
DA:326,1
DA:327,1
DA:329,1
DA:339,3
DA:341,1
DA:342,3
DA:343,1
DA:352,1
DA:353,1
DA:354,3
DA:355,1
DA:361,0
DA:362,0
DA:363,0
DA:364,0
LF:124
LH:109
end_of_record
SF:lib/presentation/widgets/events/locality_selection_widget.dart
DA:26,1
DA:35,1
DA:36,1
DA:44,1
DA:46,1
DA:47,1
DA:50,1
DA:51,2
DA:52,1
DA:56,2
DA:57,2
DA:58,2
DA:61,2
DA:62,2
DA:63,1
DA:67,3
DA:68,0
DA:71,0
DA:72,0
DA:73,0
DA:79,1
DA:80,1
DA:83,0
DA:85,0
DA:87,0
DA:89,0
DA:91,0
DA:92,0
DA:98,1
DA:99,5
DA:102,0
DA:103,0
DA:105,0
DA:108,1
DA:110,1
DA:112,1
DA:114,1
DA:116,1
DA:117,1
DA:118,1
DA:120,1
DA:127,1
DA:131,1
DA:142,1
DA:143,0
DA:145,0
DA:146,0
DA:147,0
DA:148,0
DA:149,0
DA:152,0
DA:153,0
DA:154,0
DA:160,0
DA:161,0
DA:163,0
DA:176,1
DA:178,0
DA:180,0
DA:182,0
DA:183,0
DA:184,0
DA:187,0
DA:188,0
DA:194,2
DA:195,0
DA:196,0
DA:197,0
DA:200,0
DA:201,0
DA:202,0
DA:206,0
DA:208,0
DA:209,0
DA:210,0
DA:212,0
DA:214,0
DA:215,0
DA:216,0
DA:217,0
DA:225,1
DA:227,1
DA:228,1
DA:229,1
DA:230,1
DA:231,1
DA:234,1
DA:235,1
DA:236,1
DA:242,1
DA:243,1
DA:245,1
DA:256,2
DA:258,0
DA:259,0
LF:95
LH:46
end_of_record
SF:lib/presentation/widgets/events/event_host_again_button.dart
DA:14,1
DA:18,1
DA:20,1
DA:22,1
DA:23,0
DA:26,1
DA:30,1
DA:31,1
DA:37,0
DA:40,0
DA:43,0
DA:44,0
DA:49,0
DA:50,0
DA:51,0
DA:55,0
DA:58,0
DA:59,0
DA:60,0
DA:63,0
DA:66,0
DA:74,0
DA:77,0
DA:78,0
DA:82,0
DA:83,0
DA:84,0
DA:97,0
DA:101,0
DA:103,0
DA:105,0
DA:106,0
DA:108,0
DA:112,0
DA:114,0
DA:115,0
DA:116,0
DA:118,0
LF:38
LH:7
end_of_record
SF:lib/presentation/widgets/events/template_selection_widget.dart
DA:23,1
DA:30,1
DA:31,1
DA:41,1
DA:43,1
DA:44,1
DA:47,1
DA:48,2
DA:49,2
DA:50,0
DA:52,3
DA:56,2
DA:57,0
DA:60,1
DA:64,1
DA:65,2
DA:68,1
DA:69,0
DA:70,0
DA:71,0
DA:75,1
DA:76,0
DA:77,0
DA:78,0
DA:79,0
DA:80,0
DA:81,0
DA:84,2
DA:85,1
DA:89,1
DA:90,6
DA:91,1
DA:95,1
DA:97,1
DA:99,1
DA:101,1
DA:103,1
DA:104,1
DA:106,1
DA:107,1
DA:110,1
DA:111,1
DA:112,1
DA:114,1
DA:115,1
DA:116,1
DA:118,1
DA:119,1
DA:120,1
DA:123,1
DA:124,0
DA:125,0
DA:126,0
DA:128,0
DA:134,1
DA:136,1
DA:138,1
DA:139,1
DA:140,1
DA:142,3
DA:143,1
DA:145,1
DA:156,1
DA:157,1
DA:163,1
DA:164,2
DA:166,1
DA:167,1
DA:169,0
DA:170,0
DA:171,0
DA:173,0
DA:175,1
DA:177,1
DA:184,1
DA:185,2
DA:186,0
DA:187,0
DA:189,0
DA:190,0
DA:196,0
DA:198,0
DA:205,0
DA:206,0
DA:209,0
DA:219,1
DA:221,2
DA:222,1
DA:223,2
DA:224,1
DA:229,1
DA:230,1
DA:232,1
DA:233,0
DA:234,0
DA:236,1
DA:238,1
DA:240,1
DA:242,1
DA:243,1
DA:244,1
DA:246,1
DA:247,1
DA:248,1
DA:250,1
DA:251,1
DA:256,1
DA:257,1
DA:259,1
DA:260,1
DA:261,1
DA:262,1
DA:269,1
DA:270,1
DA:271,1
DA:280,1
DA:282,1
DA:283,1
DA:284,0
DA:285,1
DA:286,1
DA:288,1
DA:289,1
DA:290,1
DA:293,1
DA:305,1
DA:306,3
DA:307,2
DA:308,1
DA:309,1
DA:321,1
DA:322,1
DA:323,1
DA:325,1
DA:326,6
DA:327,1
DA:333,1
DA:335,1
DA:336,2
DA:337,1
DA:342,3
DA:344,1
DA:346,1
DA:347,4
DA:348,1
DA:358,3
DA:360,1
DA:363,4
DA:364,1
DA:366,1
DA:368,1
DA:370,1
DA:372,1
DA:378,1
DA:382,1
DA:385,1
DA:387,1
DA:388,0
DA:389,0
DA:393,1
LF:160
LH:127
end_of_record
SF:lib/presentation/widgets/events/geographic_scope_indicator_widget.dart
DA:21,1
DA:28,1
DA:29,3
DA:33,0
DA:34,0
DA:38,0
DA:40,0
DA:42,0
DA:44,0
DA:46,0
DA:48,0
DA:56,0
DA:57,0
DA:61,0
DA:63,0
DA:65,0
DA:67,0
DA:69,0
DA:71,0
DA:79,0
DA:80,0
DA:84,0
DA:86,0
DA:88,0
DA:90,0
DA:92,0
DA:94,0
DA:102,0
DA:103,0
DA:109,0
DA:112,0
DA:115,0
DA:118,0
DA:121,0
DA:124,0
DA:132,1
DA:134,1
DA:139,0
DA:140,0
DA:141,0
DA:142,0
DA:144,0
DA:146,0
DA:147,0
DA:148,0
DA:149,0
DA:150,0
DA:154,0
DA:156,0
DA:158,0
DA:159,0
DA:160,0
DA:162,0
DA:163,0
DA:164,0
DA:166,0
DA:173,0
DA:174,0
DA:176,0
DA:177,0
DA:179,0
DA:186,0
DA:188,0
DA:197,0
DA:199,0
DA:209,0
DA:211,0
LF:67
LH:5
end_of_record
SF:lib/presentation/widgets/ai2ai/connection_visualization_widget.dart
DA:10,1
DA:16,1
DA:18,1
DA:20,1
DA:22,1
DA:24,1
DA:25,1
DA:27,1
DA:28,1
DA:30,4
DA:34,1
DA:36,0
DA:44,3
DA:45,1
DA:47,1
DA:48,1
DA:49,1
DA:50,1
DA:56,1
DA:58,4
DA:67,1
DA:69,1
DA:71,1
DA:73,1
DA:80,1
DA:84,1
DA:85,1
DA:86,2
DA:87,2
DA:88,2
DA:90,1
DA:94,1
DA:95,1
DA:97,1
DA:98,1
DA:104,1
DA:110,1
DA:119,1
DA:120,1
DA:121,1
DA:122,1
DA:125,1
DA:131,1
DA:133,4
DA:148,1
DA:154,1
DA:156,5
DA:157,2
DA:160,1
DA:161,1
DA:162,1
DA:163,1
DA:166,2
DA:167,2
DA:169,2
DA:170,1
DA:171,12
DA:172,10
DA:173,1
DA:176,3
DA:177,2
DA:178,6
DA:179,5
DA:180,1
DA:182,2
DA:183,2
DA:192,1
DA:193,2
DA:194,1
DA:195,1
DA:198,1
DA:199,1
DA:200,1
DA:201,1
DA:204,1
DA:205,1
DA:206,1
DA:207,1
DA:208,1
DA:212,0
DA:214,0
DA:215,0
DA:216,0
LF:83
LH:78
end_of_record
SF:lib/presentation/widgets/expertise/expertise_badge_widget.dart
DA:13,1
DA:20,1
DA:23,3
DA:24,5
DA:25,1
DA:27,1
DA:31,1
DA:32,0
DA:35,1
DA:38,0
DA:39,0
DA:40,0
DA:41,0
DA:43,0
DA:45,0
DA:46,0
DA:47,0
DA:48,0
DA:49,0
DA:53,0
DA:55,0
DA:56,0
DA:62,0
DA:64,0
DA:70,0
DA:72,0
DA:73,0
DA:74,0
DA:85,1
DA:86,1
DA:87,1
DA:88,1
DA:90,1
DA:92,1
DA:93,1
DA:94,1
DA:95,1
DA:96,1
DA:100,1
DA:102,1
DA:103,1
DA:109,1
DA:112,1
DA:113,1
DA:115,1
DA:121,2
DA:122,0
DA:123,0
DA:124,0
DA:143,0
DA:149,0
DA:151,0
DA:155,0
DA:157,0
DA:158,0
LF:55
LH:26
end_of_record
SF:lib/presentation/widgets/expertise/expert_matching_widget.dart
DA:15,1
DA:23,1
DA:25,1
DA:26,1
DA:27,1
DA:28,2
DA:32,1
DA:33,0
DA:34,0
DA:38,1
DA:40,1
DA:41,1
DA:44,0
DA:46,0
DA:47,0
DA:49,0
DA:56,1
DA:57,1
DA:59,1
DA:60,1
DA:61,1
DA:62,3
DA:64,0
DA:65,0
DA:66,0
DA:67,0
DA:68,0
DA:69,0
DA:71,0
DA:72,0
DA:73,0
DA:74,0
DA:76,0
DA:80,0
DA:82,0
DA:83,0
DA:86,0
DA:89,0
DA:92,0
DA:97,0
DA:98,0
DA:99,0
DA:107,0
DA:109,0
DA:111,0
DA:113,0
DA:114,0
DA:125,1
DA:127,1
DA:128,1
DA:131,0
DA:134,0
DA:137,0
DA:142,1
DA:143,1
DA:144,1
DA:147,1
DA:149,1
DA:159,0
DA:160,0
DA:163,0
DA:164,0
DA:165,0
DA:170,0
DA:171,0
DA:172,0
DA:173,0
DA:174,0
DA:176,0
DA:178,0
DA:179,0
DA:181,0
DA:182,0
DA:183,0
DA:184,0
DA:188,0
DA:189,0
DA:191,0
DA:193,0
DA:194,0
DA:195,0
DA:200,0
DA:202,0
DA:205,0
DA:208,0
DA:211,0
DA:213,0
DA:214,0
DA:215,0
DA:224,0
DA:226,0
DA:227,0
DA:229,0
DA:230,0
DA:231,0
DA:233,0
DA:234,0
DA:244,0
LF:98
LH:24
end_of_record
SF:lib/presentation/pages/brand/brand_discovery_page.dart
DA:20,6
DA:22,2
DA:23,2
DA:46,2
DA:48,2
DA:49,2
DA:50,2
DA:53,2
DA:55,4
DA:56,2
DA:59,2
DA:60,6
DA:61,6
DA:69,4
DA:70,4
DA:74,2
DA:77,2
DA:78,2
DA:83,2
DA:84,2
DA:86,6
DA:99,2
DA:100,4
DA:101,4
DA:102,2
DA:105,0
DA:106,0
DA:107,0
DA:108,0
DA:109,0
DA:117,0
DA:118,0
DA:120,0
DA:139,0
DA:140,0
DA:141,0
DA:142,0
DA:145,0
DA:146,0
DA:147,0
DA:148,0
DA:149,0
DA:157,2
DA:158,2
DA:159,2
DA:160,4
DA:161,4
DA:170,2
DA:176,2
DA:182,2
DA:191,2
DA:193,2
DA:195,2
DA:204,2
DA:206,2
DA:207,2
DA:209,2
DA:211,2
DA:214,2
DA:217,6
DA:220,4
DA:223,4
DA:224,0
DA:231,2
DA:232,2
DA:235,2
DA:236,2
DA:237,2
DA:239,2
DA:240,6
DA:241,0
DA:242,0
DA:243,0
DA:244,0
DA:245,0
DA:251,2
DA:252,2
DA:256,0
DA:261,2
DA:262,2
DA:265,2
DA:266,2
DA:267,2
DA:268,2
DA:269,0
DA:270,2
DA:271,2
DA:273,2
DA:275,2
DA:276,2
DA:281,2
DA:282,2
DA:283,2
DA:294,2
DA:295,2
DA:297,2
DA:298,2
DA:300,2
DA:301,2
DA:302,2
DA:303,2
DA:304,6
DA:305,2
DA:314,2
DA:316,2
DA:317,2
DA:318,2
DA:320,2
DA:321,6
DA:322,2
DA:332,8
DA:334,2
DA:336,0
DA:337,0
DA:344,0
DA:345,0
DA:347,0
DA:348,0
DA:350,0
DA:352,0
DA:359,0
DA:361,0
DA:363,0
DA:364,0
DA:371,0
DA:372,0
DA:374,0
DA:375,0
DA:376,0
DA:377,0
DA:380,0
DA:383,0
DA:385,0
DA:392,0
DA:394,0
DA:406,0
DA:411,0
DA:413,0
DA:419,0
DA:420,0
DA:423,0
DA:424,0
DA:425,0
DA:426,0
DA:427,0
DA:428,0
LF:146
LH:87
end_of_record
SF:lib/presentation/pages/brand/sponsorship_management_page.dart
DA:20,3
DA:22,1
DA:23,1
DA:42,1
DA:44,1
DA:45,2
DA:46,1
DA:47,1
DA:50,1
DA:52,2
DA:53,1
DA:56,1
DA:57,3
DA:58,3
DA:66,2
DA:67,2
DA:71,1
DA:74,1
DA:75,1
DA:80,1
DA:81,1
DA:83,3
DA:107,1
DA:108,1
DA:110,2
DA:111,3
DA:112,2
DA:113,0
DA:114,0
DA:115,1
DA:117,3
DA:118,2
DA:119,2
DA:120,2
DA:121,1
DA:123,3
DA:124,2
DA:125,2
DA:126,1
DA:128,2
DA:129,1
DA:132,0
DA:133,0
DA:134,0
DA:135,0
DA:136,0
DA:144,1
DA:145,1
DA:146,1
DA:149,2
DA:155,2
DA:156,1
DA:161,1
DA:163,1
DA:165,1
DA:173,1
DA:174,1
DA:177,1
DA:185,1
DA:187,1
DA:188,1
DA:189,1
DA:190,2
DA:191,2
DA:192,2
DA:195,1
DA:196,1
DA:205,1
DA:206,1
DA:207,1
DA:210,1
DA:212,1
DA:213,1
DA:214,1
DA:215,3
DA:217,1
DA:219,1
DA:222,0
DA:223,0
DA:230,1
DA:231,1
DA:232,1
DA:234,1
DA:235,1
DA:238,1
DA:241,1
DA:243,1
DA:250,1
DA:252,1
DA:259,1
DA:260,1
DA:261,1
DA:272,0
DA:273,0
DA:274,0
DA:275,0
DA:276,0
DA:281,0
DA:286,0
LF:99
LH:83
end_of_record
SF:lib/presentation/pages/brand/brand_dashboard_page.dart
DA:23,1
DA:25,1
DA:26,1
DA:44,1
DA:46,1
DA:47,1
DA:50,1
DA:51,3
DA:52,1
DA:53,2
DA:55,3
DA:77,1
DA:79,2
DA:80,2
DA:84,1
DA:89,2
DA:90,1
DA:93,2
DA:94,1
DA:103,2
DA:104,1
DA:108,1
DA:111,0
DA:112,0
DA:113,0
DA:114,0
DA:115,0
DA:123,1
DA:125,1
DA:126,1
DA:128,1
DA:141,1
DA:142,0
DA:145,1
DA:147,1
DA:156,1
DA:157,1
DA:159,1
DA:161,1
DA:166,1
DA:171,1
DA:176,1
DA:185,1
DA:186,1
DA:189,1
DA:190,1
DA:191,2
DA:192,0
DA:194,0
DA:197,1
DA:199,1
DA:200,1
DA:206,1
DA:207,1
DA:208,1
DA:210,1
DA:211,1
DA:212,2
DA:213,1
DA:220,1
DA:221,1
DA:222,1
DA:223,2
DA:224,1
DA:229,4
DA:230,2
DA:231,1
DA:232,3
DA:233,1
DA:242,2
DA:243,1
DA:244,1
DA:245,1
DA:251,1
DA:253,1
DA:262,0
DA:263,0
DA:264,0
DA:270,0
DA:271,0
DA:272,0
DA:288,1
DA:289,1
DA:291,1
DA:292,1
DA:293,1
DA:294,1
DA:296,3
DA:302,1
DA:303,1
DA:305,3
DA:315,1
DA:316,1
DA:318,1
DA:319,1
DA:321,1
DA:323,1
DA:324,1
DA:326,1
DA:332,2
DA:333,1
DA:334,0
DA:335,0
DA:336,0
DA:337,0
DA:338,0
DA:348,2
DA:349,0
DA:351,0
DA:352,0
DA:353,0
DA:354,0
DA:357,0
DA:360,0
DA:362,0
DA:369,0
DA:371,0
DA:378,0
DA:379,0
DA:380,0
DA:381,0
DA:382,0
DA:383,0
DA:387,0
DA:398,5
DA:400,1
DA:402,0
DA:403,0
DA:404,0
DA:405,0
DA:406,0
DA:416,1
DA:417,2
DA:418,4
DA:421,1
DA:423,1
DA:424,1
DA:426,1
DA:428,1
DA:429,1
DA:431,1
DA:440,4
DA:441,5
DA:442,5
DA:445,1
DA:449,4
DA:450,4
DA:451,3
DA:454,1
DA:458,1
DA:460,2
DA:462,1
DA:466,1
DA:468,1
DA:469,0
DA:470,0
DA:471,0
DA:472,0
DA:473,0
DA:477,1
DA:479,1
DA:491,1
DA:492,1
DA:493,1
DA:494,1
DA:496,1
DA:497,1
DA:499,1
DA:505,1
DA:507,1
DA:518,0
DA:519,0
DA:521,0
DA:530,0
DA:531,0
DA:533,0
DA:534,0
DA:537,0
DA:540,0
DA:542,0
DA:549,0
DA:551,0
DA:558,0
DA:559,0
DA:562,0
LF:185
LH:124
end_of_record
SF:lib/presentation/pages/brand/sponsorship_checkout_page.dart
DA:38,2
DA:45,2
DA:46,2
DA:63,2
DA:65,2
DA:66,4
DA:67,0
DA:69,4
DA:70,1
DA:72,2
DA:75,1
DA:76,2
DA:77,2
DA:78,2
DA:79,2
DA:80,2
DA:84,2
DA:87,6
DA:89,2
DA:109,0
DA:113,2
DA:115,6
DA:117,2
DA:119,2
DA:120,2
DA:121,4
DA:128,2
DA:129,2
DA:131,2
DA:133,2
DA:136,2
DA:138,2
DA:139,2
DA:140,2
DA:141,2
DA:143,2
DA:144,2
DA:145,2
DA:147,2
DA:148,6
DA:153,2
DA:154,2
DA:156,2
DA:157,2
DA:158,6
DA:159,2
DA:166,2
DA:167,6
DA:168,2
DA:179,10
DA:180,6
DA:181,8
DA:182,16
DA:190,2
DA:192,2
DA:193,2
DA:195,2
DA:197,2
DA:198,2
DA:200,2
DA:207,2
DA:214,2
DA:221,2
DA:236,4
DA:237,2
DA:238,2
DA:240,2
DA:241,2
DA:243,2
DA:245,2
DA:246,2
DA:248,2
DA:255,2
DA:256,2
DA:262,2
DA:263,2
DA:266,2
DA:267,0
DA:268,0
DA:269,0
DA:270,0
DA:273,3
DA:284,4
DA:285,4
DA:286,0
DA:288,0
DA:289,0
DA:290,0
DA:291,0
DA:292,0
DA:293,0
DA:295,0
DA:296,0
DA:297,0
DA:298,0
DA:301,0
DA:302,0
DA:303,0
DA:304,0
DA:313,3
DA:314,0
DA:316,0
DA:317,0
DA:326,3
DA:327,1
DA:329,1
DA:330,1
DA:332,1
DA:334,1
DA:335,1
DA:337,1
DA:344,3
DA:345,2
DA:346,1
DA:347,0
DA:348,1
DA:349,1
DA:350,1
DA:351,1
DA:353,1
DA:354,1
DA:356,1
DA:362,1
DA:363,2
DA:364,1
DA:381,4
DA:382,0
DA:383,2
DA:384,3
DA:385,1
DA:387,1
DA:388,1
DA:390,3
DA:391,1
DA:392,1
DA:393,1
DA:394,0
DA:395,0
DA:403,4
DA:404,6
DA:405,1
DA:407,1
DA:409,1
DA:410,2
DA:411,1
DA:413,1
DA:418,1
DA:419,2
DA:433,2
DA:434,0
DA:436,0
DA:438,0
DA:439,0
DA:440,0
DA:441,0
DA:442,0
DA:445,0
DA:446,0
DA:447,0
DA:449,0
DA:450,0
DA:451,0
DA:452,0
DA:470,2
DA:476,4
DA:478,2
DA:479,0
DA:480,0
DA:481,0
DA:482,0
DA:485,2
DA:486,2
DA:488,2
DA:490,2
DA:492,2
DA:493,2
DA:500,2
DA:501,2
DA:502,2
DA:509,2
DA:510,2
DA:512,2
DA:513,2
DA:515,2
DA:522,2
DA:524,2
DA:533,2
DA:543,2
DA:544,2
DA:546,2
DA:547,2
DA:548,2
DA:550,2
DA:551,2
DA:553,2
DA:564,1
DA:565,1
DA:567,1
DA:569,1
DA:570,1
DA:572,1
DA:577,1
DA:578,2
DA:579,1
DA:590,0
DA:595,0
DA:596,0
DA:597,0
DA:598,0
DA:603,0
DA:604,0
DA:605,0
DA:609,0
DA:610,0
DA:612,0
DA:639,0
DA:642,0
DA:643,0
DA:644,0
DA:645,0
DA:646,0
DA:647,0
DA:653,0
DA:654,0
DA:655,0
DA:660,0
DA:662,0
DA:665,0
DA:666,0
DA:667,0
DA:668,0
DA:672,2
DA:673,8
DA:674,8
DA:675,6
DA:676,4
DA:677,10
LF:237
LH:164
end_of_record
SF:lib/presentation/widgets/brand/sponsorship_card.dart
DA:19,1
DA:27,1
DA:29,1
DA:31,1
DA:32,1
DA:34,1
DA:35,1
DA:36,1
DA:37,1
DA:39,1
DA:41,1
DA:43,1
DA:48,1
DA:49,3
DA:50,1
DA:60,1
DA:62,1
DA:64,1
DA:66,1
DA:68,1
DA:69,1
DA:71,1
DA:80,2
DA:81,1
DA:83,4
DA:88,3
DA:90,1
DA:92,4
DA:98,1
DA:99,1
DA:100,1
DA:101,1
DA:103,1
DA:104,1
DA:105,1
DA:107,1
DA:115,1
DA:116,4
DA:117,1
DA:130,1
DA:132,0
DA:136,3
DA:138,1
DA:140,1
DA:141,1
DA:142,1
DA:144,1
DA:145,1
DA:146,1
DA:148,1
DA:149,1
DA:150,4
DA:151,1
DA:163,1
DA:166,1
DA:167,1
DA:168,1
DA:169,1
DA:170,1
DA:171,1
DA:173,1
DA:179,1
DA:180,1
DA:181,1
DA:182,1
DA:198,1
DA:199,2
DA:201,1
DA:204,1
DA:205,0
DA:206,0
DA:209,0
DA:210,0
DA:211,0
DA:214,0
DA:217,0
DA:218,0
DA:223,1
DA:225,1
DA:226,1
DA:227,1
DA:228,1
DA:229,1
DA:232,1
DA:234,1
DA:243,1
DA:244,1
DA:246,1
DA:247,1
DA:248,1
DA:250,1
DA:251,1
DA:253,1
DA:259,1
DA:261,1
DA:272,0
DA:273,0
DA:275,0
DA:277,0
DA:279,0
DA:281,0
DA:282,0
DA:283,0
DA:284,0
DA:291,0
DA:292,0
DA:293,0
DA:294,0
DA:295,0
DA:296,0
DA:297,0
DA:298,0
DA:300,0
DA:302,0
DA:304,0
DA:305,0
DA:307,0
DA:313,0
DA:314,0
DA:315,0
DA:329,0
DA:330,0
DA:332,0
DA:334,0
DA:335,0
DA:337,0
DA:342,0
DA:343,0
DA:344,0
LF:129
LH:86
end_of_record
SF:lib/presentation/pages/partnerships/partnership_acceptance_page.dart
DA:23,2
DA:28,2
DA:29,2
DA:41,2
DA:43,2
DA:44,2
DA:47,2
DA:48,4
DA:49,2
DA:53,10
DA:54,4
DA:55,2
DA:56,2
DA:59,0
DA:60,0
DA:65,0
DA:66,0
DA:67,0
DA:71,0
DA:72,0
DA:73,0
DA:77,0
DA:78,0
DA:79,0
DA:82,0
DA:83,0
DA:84,0
DA:85,0
DA:86,0
DA:92,0
DA:93,0
DA:96,0
DA:97,0
DA:98,0
DA:99,0
DA:107,0
DA:108,0
DA:109,0
DA:110,0
DA:113,0
DA:114,0
DA:115,0
DA:118,0
DA:119,0
DA:120,0
DA:129,0
DA:133,0
DA:134,0
DA:138,0
DA:139,0
DA:140,0
DA:147,0
DA:148,0
DA:149,0
DA:150,0
DA:158,2
DA:160,4
DA:161,2
DA:162,2
DA:171,2
DA:172,6
DA:173,6
DA:175,2
DA:177,2
DA:186,2
DA:187,2
DA:189,2
DA:191,2
DA:194,2
DA:196,2
DA:197,2
DA:199,2
DA:206,6
DA:207,0
DA:208,0
DA:209,0
DA:214,6
DA:216,0
DA:217,0
DA:227,2
DA:229,2
DA:230,2
DA:232,2
DA:234,2
DA:235,2
DA:237,2
DA:244,4
DA:245,6
DA:246,2
DA:247,4
DA:248,6
DA:249,2
DA:250,8
DA:260,2
DA:262,2
DA:263,2
DA:265,2
DA:267,2
DA:268,2
DA:270,2
DA:277,12
DA:278,0
DA:280,0
DA:282,0
DA:285,8
DA:287,0
DA:289,0
DA:296,0
DA:298,0
DA:299,0
DA:300,0
DA:302,0
DA:304,0
DA:313,0
DA:315,0
DA:317,0
DA:324,0
DA:325,0
DA:326,0
DA:341,8
DA:342,2
DA:344,2
DA:346,2
DA:347,2
DA:349,2
DA:357,0
DA:363,2
DA:364,2
DA:366,2
DA:368,2
DA:382,2
DA:384,2
DA:385,2
DA:386,2
DA:388,2
DA:389,4
DA:390,2
DA:394,2
DA:395,2
DA:398,2
DA:417,2
DA:419,2
DA:420,4
DA:421,2
DA:423,2
DA:425,2
DA:426,2
DA:436,2
DA:443,2
DA:444,2
DA:446,2
DA:447,2
DA:448,2
DA:450,2
DA:451,2
DA:453,2
DA:464,2
DA:465,8
DA:466,8
DA:467,6
DA:468,4
DA:469,10
LF:162
LH:97
end_of_record
SF:lib/presentation/pages/partnerships/partnership_checkout_page.dart
DA:33,3
DA:39,3
DA:40,3
DA:51,3
DA:53,3
DA:54,3
DA:57,3
DA:58,9
DA:60,15
DA:62,15
DA:64,0
DA:67,9
DA:69,3
DA:70,9
DA:75,3
DA:77,9
DA:78,6
DA:79,21
DA:80,6
DA:82,3
DA:84,3
DA:93,3
DA:94,3
DA:96,3
DA:98,3
DA:101,3
DA:103,3
DA:104,3
DA:105,3
DA:106,3
DA:108,3
DA:109,3
DA:110,3
DA:112,3
DA:113,9
DA:118,3
DA:119,3
DA:121,3
DA:122,3
DA:123,9
DA:124,3
DA:131,3
DA:132,9
DA:133,3
DA:144,15
DA:145,9
DA:146,12
DA:147,24
DA:150,9
DA:152,0
DA:154,0
DA:155,0
DA:156,0
DA:158,0
DA:159,0
DA:160,0
DA:161,0
DA:178,6
DA:179,3
DA:181,3
DA:182,3
DA:191,3
DA:193,3
DA:195,3
DA:196,3
DA:198,3
DA:207,3
DA:209,3
DA:210,3
DA:212,3
DA:217,3
DA:218,6
DA:219,3
DA:230,3
DA:232,3
DA:233,3
DA:235,3
DA:240,3
DA:241,3
DA:242,3
DA:243,6
DA:244,0
DA:245,0
DA:246,0
DA:247,0
DA:251,3
DA:253,6
DA:258,3
DA:260,3
DA:262,3
DA:264,3
DA:265,6
DA:266,3
DA:273,3
DA:274,9
DA:275,0
DA:276,0
DA:277,0
DA:278,0
DA:282,3
DA:284,9
DA:294,3
DA:295,0
DA:297,0
DA:298,0
DA:299,0
DA:307,3
DA:308,3
DA:309,3
DA:312,3
DA:314,3
DA:315,3
DA:317,3
DA:323,3
DA:324,6
DA:325,3
DA:337,3
DA:340,3
DA:342,3
DA:344,3
DA:345,9
DA:346,3
DA:347,3
DA:348,3
DA:349,0
DA:350,0
DA:351,0
DA:357,3
DA:359,0
DA:361,0
DA:363,0
DA:364,0
DA:365,0
DA:366,0
DA:367,0
DA:370,0
DA:371,0
DA:372,0
DA:374,0
DA:375,0
DA:376,0
DA:377,0
DA:389,3
DA:396,3
DA:397,3
DA:399,3
DA:400,3
DA:401,3
DA:403,3
DA:404,3
DA:406,3
DA:417,3
DA:418,12
DA:419,12
DA:420,9
DA:421,6
DA:422,15
DA:425,0
DA:426,0
DA:427,0
DA:428,0
DA:429,0
DA:430,0
DA:432,0
DA:438,0
DA:439,0
DA:440,0
DA:441,0
DA:442,0
DA:443,0
DA:446,0
LF:171
LH:119
end_of_record
SF:lib/presentation/widgets/common/enhanced_ai_chat_interface.dart
DA:26,1
DA:34,1
DA:35,1
DA:43,1
DA:45,1
DA:46,1
DA:48,1
DA:49,1
DA:51,2
DA:52,0
DA:57,1
DA:58,0
DA:60,0
DA:61,0
DA:67,1
DA:68,1
DA:69,1
DA:70,1
DA:76,0
DA:77,0
DA:80,0
DA:81,0
DA:85,0
DA:86,0
DA:91,0
DA:92,0
DA:96,0
DA:98,0
DA:99,0
DA:100,0
DA:101,0
DA:106,0
DA:107,0
DA:110,0
DA:111,0
DA:119,0
DA:122,0
DA:123,0
DA:124,0
DA:125,0
DA:132,0
DA:133,0
DA:134,0
DA:141,0
DA:142,0
DA:149,0
DA:150,0
DA:151,0
DA:152,0
DA:157,0
DA:159,0
DA:162,0
DA:164,0
DA:169,0
DA:170,0
DA:171,0
DA:177,0
DA:178,0
DA:181,0
DA:182,0
DA:183,0
DA:189,0
DA:191,0
DA:192,0
DA:193,0
DA:195,0
DA:197,0
DA:199,0
DA:202,0
DA:206,0
DA:211,0
DA:212,0
DA:217,0
DA:218,0
DA:220,0
DA:222,0
DA:225,0
DA:226,0
DA:228,0
DA:229,0
DA:230,0
DA:231,0
DA:233,0
DA:238,0
DA:239,0
DA:240,0
DA:245,0
DA:247,0
DA:262,0
DA:269,0
DA:271,0
DA:272,0
DA:273,0
DA:276,0
DA:277,0
DA:279,0
DA:280,0
DA:282,0
DA:283,0
DA:285,0
DA:286,0
DA:287,0
DA:288,0
DA:302,0
DA:308,0
DA:310,0
DA:312,0
DA:315,0
DA:316,0
DA:318,0
DA:320,0
DA:322,0
DA:323,0
DA:324,0
DA:325,0
LF:115
LH:14
end_of_record
